<?xml version="1.0" encoding="UTF-8"?>
<testsuite xmlns:xsi="http://www.w3.org/2001/XMLSchema-instance" xsi:noNamespaceSchemaLocation="https://maven.apache.org/surefire/maven-surefire-plugin/xsd/surefire-test-report-3.0.xsd" version="3.0" name="testrunners.Testrunners" time="509.898" tests="13" errors="0" skipped="0" failures="12">
  <properties>
    <property name="sun.desktop" value="windows"/>
    <property name="awt.toolkit" value="sun.awt.windows.WToolkit"/>
    <property name="java.specification.version" value="11"/>
    <property name="webdriver.chrome.driver" value="chromedriver.exe"/>
    <property name="sun.cpu.isalist" value="amd64"/>
    <property name="sun.jnu.encoding" value="Cp1252"/>
    <property name="java.class.path" value="C:\Users\paul\eclipse-workspace\RecruiterAi-0.01\target\test-classes;C:\Users\paul\eclipse-workspace\RecruiterAi-0.01\target\classes;C:\Users\paul\.m2\repository\org\seleniumhq\selenium\selenium-java\3.141.59\selenium-java-3.141.59.jar;C:\Users\paul\.m2\repository\org\seleniumhq\selenium\selenium-api\3.141.59\selenium-api-3.141.59.jar;C:\Users\paul\.m2\repository\org\seleniumhq\selenium\selenium-chrome-driver\3.141.59\selenium-chrome-driver-3.141.59.jar;C:\Users\paul\.m2\repository\org\seleniumhq\selenium\selenium-edge-driver\3.141.59\selenium-edge-driver-3.141.59.jar;C:\Users\paul\.m2\repository\org\seleniumhq\selenium\selenium-firefox-driver\3.141.59\selenium-firefox-driver-3.141.59.jar;C:\Users\paul\.m2\repository\org\seleniumhq\selenium\selenium-ie-driver\3.141.59\selenium-ie-driver-3.141.59.jar;C:\Users\paul\.m2\repository\org\seleniumhq\selenium\selenium-opera-driver\3.141.59\selenium-opera-driver-3.141.59.jar;C:\Users\paul\.m2\repository\org\seleniumhq\selenium\selenium-remote-driver\3.141.59\selenium-remote-driver-3.141.59.jar;C:\Users\paul\.m2\repository\org\seleniumhq\selenium\selenium-safari-driver\3.141.59\selenium-safari-driver-3.141.59.jar;C:\Users\paul\.m2\repository\org\seleniumhq\selenium\selenium-support\3.141.59\selenium-support-3.141.59.jar;C:\Users\paul\.m2\repository\net\bytebuddy\byte-buddy\1.8.15\byte-buddy-1.8.15.jar;C:\Users\paul\.m2\repository\org\apache\commons\commons-exec\1.3\commons-exec-1.3.jar;C:\Users\paul\.m2\repository\com\google\guava\guava\25.0-jre\guava-25.0-jre.jar;C:\Users\paul\.m2\repository\com\google\code\findbugs\jsr305\1.3.9\jsr305-1.3.9.jar;C:\Users\paul\.m2\repository\org\checkerframework\checker-compat-qual\2.0.0\checker-compat-qual-2.0.0.jar;C:\Users\paul\.m2\repository\com\google\errorprone\error_prone_annotations\2.1.3\error_prone_annotations-2.1.3.jar;C:\Users\paul\.m2\repository\com\google\j2objc\j2objc-annotations\1.1\j2objc-annotations-1.1.jar;C:\Users\paul\.m2\repository\org\codehaus\mojo\animal-sniffer-annotations\1.14\animal-sniffer-annotations-1.14.jar;C:\Users\paul\.m2\repository\com\squareup\okhttp3\okhttp\3.11.0\okhttp-3.11.0.jar;C:\Users\paul\.m2\repository\com\squareup\okio\okio\1.14.0\okio-1.14.0.jar;C:\Users\paul\.m2\repository\junit\junit\4.12\junit-4.12.jar;C:\Users\paul\.m2\repository\org\hamcrest\hamcrest-core\1.3\hamcrest-core-1.3.jar;C:\Users\paul\.m2\repository\org\testng\testng\6.14.3\testng-6.14.3.jar;C:\Users\paul\.m2\repository\com\beust\jcommander\1.72\jcommander-1.72.jar;C:\Users\paul\.m2\repository\org\apache-extras\beanshell\bsh\2.0b6\bsh-2.0b6.jar;C:\Users\paul\.m2\repository\info\cukes\cucumber-java\1.2.5\cucumber-java-1.2.5.jar;C:\Users\paul\.m2\repository\info\cukes\cucumber-core\1.2.5\cucumber-core-1.2.5.jar;C:\Users\paul\.m2\repository\info\cukes\cucumber-html\0.2.3\cucumber-html-0.2.3.jar;C:\Users\paul\.m2\repository\info\cukes\cucumber-jvm-deps\1.0.5\cucumber-jvm-deps-1.0.5.jar;C:\Users\paul\.m2\repository\info\cukes\gherkin\2.12.2\gherkin-2.12.2.jar;C:\Users\paul\.m2\repository\info\cukes\cucumber-junit\1.2.5\cucumber-junit-1.2.5.jar;C:\Users\paul\.m2\repository\info\cukes\cucumber-testng\1.2.5\cucumber-testng-1.2.5.jar;C:\Users\paul\.m2\repository\com\aventstack\extentreports\3.1.0\extentreports-3.1.0.jar;C:\Users\paul\.m2\repository\org\freemarker\freemarker\2.3.23\freemarker-2.3.23.jar;C:\Users\paul\.m2\repository\org\mongodb\mongodb-driver\3.3.0\mongodb-driver-3.3.0.jar;C:\Users\paul\.m2\repository\org\mongodb\bson\3.3.0\bson-3.3.0.jar;C:\Users\paul\.m2\repository\org\mongodb\mongodb-driver-core\3.3.0\mongodb-driver-core-3.3.0.jar;C:\Users\paul\.m2\repository\org\apache\httpcomponents\httpclient\4.5.2\httpclient-4.5.2.jar;C:\Users\paul\.m2\repository\org\apache\httpcomponents\httpcore\4.4.4\httpcore-4.4.4.jar;C:\Users\paul\.m2\repository\commons-logging\commons-logging\1.2\commons-logging-1.2.jar;C:\Users\paul\.m2\repository\commons-codec\commons-codec\1.9\commons-codec-1.9.jar;C:\Users\paul\.m2\repository\org\apache\httpcomponents\httpmime\4.5.2\httpmime-4.5.2.jar;C:\Users\paul\.m2\repository\org\jsoup\jsoup\1.9.2\jsoup-1.9.2.jar;C:\Users\paul\.m2\repository\com\google\code\gson\gson\2.8.0\gson-2.8.0.jar;C:\Users\paul\.m2\repository\com\vimalselvam\cucumber-extentsreport\3.1.0\cucumber-extentsreport-3.1.0.jar;C:\Users\paul\.m2\repository\net\masterthought\maven-cucumber-reporting\3.15.0\maven-cucumber-reporting-3.15.0.jar;C:\Users\paul\.m2\repository\org\apache\maven\maven-plugin-api\3.3.9\maven-plugin-api-3.3.9.jar;C:\Users\paul\.m2\repository\org\apache\maven\maven-model\3.3.9\maven-model-3.3.9.jar;C:\Users\paul\.m2\repository\org\apache\maven\maven-artifact\3.3.9\maven-artifact-3.3.9.jar;C:\Users\paul\.m2\repository\org\eclipse\sisu\org.eclipse.sisu.plexus\0.3.2\org.eclipse.sisu.plexus-0.3.2.jar;C:\Users\paul\.m2\repository\javax\enterprise\cdi-api\1.0\cdi-api-1.0.jar;C:\Users\paul\.m2\repository\javax\annotation\jsr250-api\1.0\jsr250-api-1.0.jar;C:\Users\paul\.m2\repository\javax\inject\javax.inject\1\javax.inject-1.jar;C:\Users\paul\.m2\repository\org\eclipse\sisu\org.eclipse.sisu.inject\0.3.2\org.eclipse.sisu.inject-0.3.2.jar;C:\Users\paul\.m2\repository\org\codehaus\plexus\plexus-component-annotations\1.5.5\plexus-component-annotations-1.5.5.jar;C:\Users\paul\.m2\repository\org\codehaus\plexus\plexus-classworlds\2.5.2\plexus-classworlds-2.5.2.jar;C:\Users\paul\.m2\repository\org\apache\maven\plugins\maven-gpg-plugin\1.6\maven-gpg-plugin-1.6.jar;C:\Users\paul\.m2\repository\org\apache\maven\maven-project\2.2.1\maven-project-2.2.1.jar;C:\Users\paul\.m2\repository\org\apache\maven\maven-settings\2.2.1\maven-settings-2.2.1.jar;C:\Users\paul\.m2\repository\org\apache\maven\maven-profile\2.2.1\maven-profile-2.2.1.jar;C:\Users\paul\.m2\repository\org\apache\maven\maven-artifact-manager\2.2.1\maven-artifact-manager-2.2.1.jar;C:\Users\paul\.m2\repository\org\apache\maven\wagon\wagon-provider-api\1.0-beta-6\wagon-provider-api-1.0-beta-6.jar;C:\Users\paul\.m2\repository\backport-util-concurrent\backport-util-concurrent\3.1\backport-util-concurrent-3.1.jar;C:\Users\paul\.m2\repository\org\apache\maven\maven-plugin-registry\2.2.1\maven-plugin-registry-2.2.1.jar;C:\Users\paul\.m2\repository\org\codehaus\plexus\plexus-interpolation\1.11\plexus-interpolation-1.11.jar;C:\Users\paul\.m2\repository\org\codehaus\plexus\plexus-container-default\1.0-alpha-9-stable-1\plexus-container-default-1.0-alpha-9-stable-1.jar;C:\Users\paul\.m2\repository\classworlds\classworlds\1.1-alpha-2\classworlds-1.1-alpha-2.jar;C:\Users\paul\.m2\repository\org\apache\maven\maven-repository-metadata\2.2.1\maven-repository-metadata-2.2.1.jar;C:\Users\paul\.m2\repository\org\codehaus\plexus\plexus-utils\3.0.20\plexus-utils-3.0.20.jar;C:\Users\paul\.m2\repository\org\sonatype\plexus\plexus-sec-dispatcher\1.4\plexus-sec-dispatcher-1.4.jar;C:\Users\paul\.m2\repository\org\sonatype\plexus\plexus-cipher\1.4\plexus-cipher-1.4.jar;C:\Users\paul\.m2\repository\net\masterthought\cucumber-reporting\3.15.0\cucumber-reporting-3.15.0.jar;C:\Users\paul\.m2\repository\org\apache\logging\log4j\log4j-api\2.8.2\log4j-api-2.8.2.jar;C:\Users\paul\.m2\repository\org\apache\logging\log4j\log4j-core\2.8.2\log4j-core-2.8.2.jar;C:\Users\paul\.m2\repository\com\fasterxml\jackson\core\jackson-databind\2.8.6\jackson-databind-2.8.6.jar;C:\Users\paul\.m2\repository\com\fasterxml\jackson\core\jackson-annotations\2.8.0\jackson-annotations-2.8.0.jar;C:\Users\paul\.m2\repository\com\fasterxml\jackson\core\jackson-core\2.8.6\jackson-core-2.8.6.jar;C:\Users\paul\.m2\repository\org\apache\velocity\velocity\1.7\velocity-1.7.jar;C:\Users\paul\.m2\repository\commons-collections\commons-collections\3.2.1\commons-collections-3.2.1.jar;C:\Users\paul\.m2\repository\commons-lang\commons-lang\2.4\commons-lang-2.4.jar;C:\Users\paul\.m2\repository\velocity-tools\velocity-tools\1.4\velocity-tools-1.4.jar;C:\Users\paul\.m2\repository\joda-time\joda-time\2.9.9\joda-time-2.9.9.jar;C:\Users\paul\.m2\repository\org\apache\commons\commons-lang3\3.6\commons-lang3-3.6.jar;C:\Users\paul\.m2\repository\commons-io\commons-io\2.5\commons-io-2.5.jar;C:\Users\paul\.m2\repository\net\lingala\zip4j\zip4j\1.3.2\zip4j-1.3.2.jar;C:\Users\paul\.m2\repository\com\googlecode\owasp-java-html-sanitizer\owasp-java-html-sanitizer\20170515.1\owasp-java-html-sanitizer-20170515.1.jar;C:\Users\paul\.m2\repository\commons-configuration\commons-configuration\1.6\commons-configuration-1.6.jar;C:\Users\paul\.m2\repository\commons-digester\commons-digester\1.8\commons-digester-1.8.jar;C:\Users\paul\.m2\repository\commons-beanutils\commons-beanutils\1.7.0\commons-beanutils-1.7.0.jar;C:\Users\paul\.m2\repository\commons-beanutils\commons-beanutils-core\1.8.0\commons-beanutils-core-1.8.0.jar;C:\Users\paul\.m2\repository\org\apache\maven\plugins\maven-surefire-plugin\3.0.0-M5\maven-surefire-plugin-3.0.0-M5.jar;C:\Users\paul\.m2\repository\org\apache\maven\surefire\maven-surefire-common\3.0.0-M5\maven-surefire-common-3.0.0-M5.jar;C:\Users\paul\.m2\repository\org\apache\maven\surefire\surefire-api\3.0.0-M5\surefire-api-3.0.0-M5.jar;C:\Users\paul\.m2\repository\org\apache\maven\surefire\surefire-logger-api\3.0.0-M5\surefire-logger-api-3.0.0-M5.jar;C:\Users\paul\.m2\repository\org\apache\maven\surefire\surefire-extensions-api\3.0.0-M5\surefire-extensions-api-3.0.0-M5.jar;C:\Users\paul\.m2\repository\org\apache\maven\surefire\surefire-booter\3.0.0-M5\surefire-booter-3.0.0-M5.jar;C:\Users\paul\.m2\repository\org\apache\maven\surefire\surefire-extensions-spi\3.0.0-M5\surefire-extensions-spi-3.0.0-M5.jar;C:\Users\paul\.m2\repository\org\apache\maven\maven-toolchain\3.0-alpha-2\maven-toolchain-3.0-alpha-2.jar;C:\Users\paul\.m2\repository\org\apache\maven\shared\maven-artifact-transfer\0.11.0\maven-artifact-transfer-0.11.0.jar;C:\Users\paul\.m2\repository\org\apache\maven\shared\maven-common-artifact-filters\3.0.1\maven-common-artifact-filters-3.0.1.jar;C:\Users\paul\.m2\repository\org\sonatype\sisu\sisu-inject-plexus\1.4.2\sisu-inject-plexus-1.4.2.jar;C:\Users\paul\.m2\repository\org\sonatype\sisu\sisu-inject-bean\1.4.2\sisu-inject-bean-1.4.2.jar;C:\Users\paul\.m2\repository\org\sonatype\sisu\sisu-guice\2.1.7\sisu-guice-2.1.7-noaop.jar;C:\Users\paul\.m2\repository\org\apache\maven\shared\maven-shared-utils\3.1.0\maven-shared-utils-3.1.0.jar;C:\Users\paul\.m2\repository\org\codehaus\plexus\plexus-java\1.0.5\plexus-java-1.0.5.jar;C:\Users\paul\.m2\repository\org\ow2\asm\asm\7.2\asm-7.2.jar;C:\Users\paul\.m2\repository\com\thoughtworks\qdox\qdox\2.0-M9\qdox-2.0-M9.jar;C:\Users\paul\.m2\repository\org\apache\maven\surefire\surefire-shared-utils\3.0.0-M4\surefire-shared-utils-3.0.0-M4.jar;C:\Users\paul\.m2\repository\org\json\json\20160810\json-20160810.jar;"/>
    <property name="java.vm.vendor" value="Oracle Corporation"/>
    <property name="sun.arch.data.model" value="64"/>
    <property name="user.variant" value=""/>
    <property name="java.vendor.url" value="https://openjdk.java.net/"/>
    <property name="user.timezone" value="Asia/Calcutta"/>
    <property name="java.vm.specification.version" value="11"/>
    <property name="os.name" value="Windows 11"/>
    <property name="sun.java.launcher" value="SUN_STANDARD"/>
    <property name="user.country" value="IN"/>
    <property name="sun.boot.library.path" value="C:\Program Files\Java\jdk-11.0.16\bin"/>
    <property name="sun.java.command" value="C:\Users\paul\AppData\Local\Temp\surefire82185016994887900\surefirebooter9201618967477397663.jar C:\Users\paul\AppData\Local\Temp\surefire82185016994887900 2022-11-19T13-42-28_820-jvmRun1 surefire13344836379372746330tmp surefire_0548525145068729171tmp"/>
    <property name="jdk.debug" value="release"/>
    <property name="surefire.test.class.path" value="C:\Users\paul\eclipse-workspace\RecruiterAi-0.01\target\test-classes;C:\Users\paul\eclipse-workspace\RecruiterAi-0.01\target\classes;C:\Users\paul\.m2\repository\org\seleniumhq\selenium\selenium-java\3.141.59\selenium-java-3.141.59.jar;C:\Users\paul\.m2\repository\org\seleniumhq\selenium\selenium-api\3.141.59\selenium-api-3.141.59.jar;C:\Users\paul\.m2\repository\org\seleniumhq\selenium\selenium-chrome-driver\3.141.59\selenium-chrome-driver-3.141.59.jar;C:\Users\paul\.m2\repository\org\seleniumhq\selenium\selenium-edge-driver\3.141.59\selenium-edge-driver-3.141.59.jar;C:\Users\paul\.m2\repository\org\seleniumhq\selenium\selenium-firefox-driver\3.141.59\selenium-firefox-driver-3.141.59.jar;C:\Users\paul\.m2\repository\org\seleniumhq\selenium\selenium-ie-driver\3.141.59\selenium-ie-driver-3.141.59.jar;C:\Users\paul\.m2\repository\org\seleniumhq\selenium\selenium-opera-driver\3.141.59\selenium-opera-driver-3.141.59.jar;C:\Users\paul\.m2\repository\org\seleniumhq\selenium\selenium-remote-driver\3.141.59\selenium-remote-driver-3.141.59.jar;C:\Users\paul\.m2\repository\org\seleniumhq\selenium\selenium-safari-driver\3.141.59\selenium-safari-driver-3.141.59.jar;C:\Users\paul\.m2\repository\org\seleniumhq\selenium\selenium-support\3.141.59\selenium-support-3.141.59.jar;C:\Users\paul\.m2\repository\net\bytebuddy\byte-buddy\1.8.15\byte-buddy-1.8.15.jar;C:\Users\paul\.m2\repository\org\apache\commons\commons-exec\1.3\commons-exec-1.3.jar;C:\Users\paul\.m2\repository\com\google\guava\guava\25.0-jre\guava-25.0-jre.jar;C:\Users\paul\.m2\repository\com\google\code\findbugs\jsr305\1.3.9\jsr305-1.3.9.jar;C:\Users\paul\.m2\repository\org\checkerframework\checker-compat-qual\2.0.0\checker-compat-qual-2.0.0.jar;C:\Users\paul\.m2\repository\com\google\errorprone\error_prone_annotations\2.1.3\error_prone_annotations-2.1.3.jar;C:\Users\paul\.m2\repository\com\google\j2objc\j2objc-annotations\1.1\j2objc-annotations-1.1.jar;C:\Users\paul\.m2\repository\org\codehaus\mojo\animal-sniffer-annotations\1.14\animal-sniffer-annotations-1.14.jar;C:\Users\paul\.m2\repository\com\squareup\okhttp3\okhttp\3.11.0\okhttp-3.11.0.jar;C:\Users\paul\.m2\repository\com\squareup\okio\okio\1.14.0\okio-1.14.0.jar;C:\Users\paul\.m2\repository\junit\junit\4.12\junit-4.12.jar;C:\Users\paul\.m2\repository\org\hamcrest\hamcrest-core\1.3\hamcrest-core-1.3.jar;C:\Users\paul\.m2\repository\org\testng\testng\6.14.3\testng-6.14.3.jar;C:\Users\paul\.m2\repository\com\beust\jcommander\1.72\jcommander-1.72.jar;C:\Users\paul\.m2\repository\org\apache-extras\beanshell\bsh\2.0b6\bsh-2.0b6.jar;C:\Users\paul\.m2\repository\info\cukes\cucumber-java\1.2.5\cucumber-java-1.2.5.jar;C:\Users\paul\.m2\repository\info\cukes\cucumber-core\1.2.5\cucumber-core-1.2.5.jar;C:\Users\paul\.m2\repository\info\cukes\cucumber-html\0.2.3\cucumber-html-0.2.3.jar;C:\Users\paul\.m2\repository\info\cukes\cucumber-jvm-deps\1.0.5\cucumber-jvm-deps-1.0.5.jar;C:\Users\paul\.m2\repository\info\cukes\gherkin\2.12.2\gherkin-2.12.2.jar;C:\Users\paul\.m2\repository\info\cukes\cucumber-junit\1.2.5\cucumber-junit-1.2.5.jar;C:\Users\paul\.m2\repository\info\cukes\cucumber-testng\1.2.5\cucumber-testng-1.2.5.jar;C:\Users\paul\.m2\repository\com\aventstack\extentreports\3.1.0\extentreports-3.1.0.jar;C:\Users\paul\.m2\repository\org\freemarker\freemarker\2.3.23\freemarker-2.3.23.jar;C:\Users\paul\.m2\repository\org\mongodb\mongodb-driver\3.3.0\mongodb-driver-3.3.0.jar;C:\Users\paul\.m2\repository\org\mongodb\bson\3.3.0\bson-3.3.0.jar;C:\Users\paul\.m2\repository\org\mongodb\mongodb-driver-core\3.3.0\mongodb-driver-core-3.3.0.jar;C:\Users\paul\.m2\repository\org\apache\httpcomponents\httpclient\4.5.2\httpclient-4.5.2.jar;C:\Users\paul\.m2\repository\org\apache\httpcomponents\httpcore\4.4.4\httpcore-4.4.4.jar;C:\Users\paul\.m2\repository\commons-logging\commons-logging\1.2\commons-logging-1.2.jar;C:\Users\paul\.m2\repository\commons-codec\commons-codec\1.9\commons-codec-1.9.jar;C:\Users\paul\.m2\repository\org\apache\httpcomponents\httpmime\4.5.2\httpmime-4.5.2.jar;C:\Users\paul\.m2\repository\org\jsoup\jsoup\1.9.2\jsoup-1.9.2.jar;C:\Users\paul\.m2\repository\com\google\code\gson\gson\2.8.0\gson-2.8.0.jar;C:\Users\paul\.m2\repository\com\vimalselvam\cucumber-extentsreport\3.1.0\cucumber-extentsreport-3.1.0.jar;C:\Users\paul\.m2\repository\net\masterthought\maven-cucumber-reporting\3.15.0\maven-cucumber-reporting-3.15.0.jar;C:\Users\paul\.m2\repository\org\apache\maven\maven-plugin-api\3.3.9\maven-plugin-api-3.3.9.jar;C:\Users\paul\.m2\repository\org\apache\maven\maven-model\3.3.9\maven-model-3.3.9.jar;C:\Users\paul\.m2\repository\org\apache\maven\maven-artifact\3.3.9\maven-artifact-3.3.9.jar;C:\Users\paul\.m2\repository\org\eclipse\sisu\org.eclipse.sisu.plexus\0.3.2\org.eclipse.sisu.plexus-0.3.2.jar;C:\Users\paul\.m2\repository\javax\enterprise\cdi-api\1.0\cdi-api-1.0.jar;C:\Users\paul\.m2\repository\javax\annotation\jsr250-api\1.0\jsr250-api-1.0.jar;C:\Users\paul\.m2\repository\javax\inject\javax.inject\1\javax.inject-1.jar;C:\Users\paul\.m2\repository\org\eclipse\sisu\org.eclipse.sisu.inject\0.3.2\org.eclipse.sisu.inject-0.3.2.jar;C:\Users\paul\.m2\repository\org\codehaus\plexus\plexus-component-annotations\1.5.5\plexus-component-annotations-1.5.5.jar;C:\Users\paul\.m2\repository\org\codehaus\plexus\plexus-classworlds\2.5.2\plexus-classworlds-2.5.2.jar;C:\Users\paul\.m2\repository\org\apache\maven\plugins\maven-gpg-plugin\1.6\maven-gpg-plugin-1.6.jar;C:\Users\paul\.m2\repository\org\apache\maven\maven-project\2.2.1\maven-project-2.2.1.jar;C:\Users\paul\.m2\repository\org\apache\maven\maven-settings\2.2.1\maven-settings-2.2.1.jar;C:\Users\paul\.m2\repository\org\apache\maven\maven-profile\2.2.1\maven-profile-2.2.1.jar;C:\Users\paul\.m2\repository\org\apache\maven\maven-artifact-manager\2.2.1\maven-artifact-manager-2.2.1.jar;C:\Users\paul\.m2\repository\org\apache\maven\wagon\wagon-provider-api\1.0-beta-6\wagon-provider-api-1.0-beta-6.jar;C:\Users\paul\.m2\repository\backport-util-concurrent\backport-util-concurrent\3.1\backport-util-concurrent-3.1.jar;C:\Users\paul\.m2\repository\org\apache\maven\maven-plugin-registry\2.2.1\maven-plugin-registry-2.2.1.jar;C:\Users\paul\.m2\repository\org\codehaus\plexus\plexus-interpolation\1.11\plexus-interpolation-1.11.jar;C:\Users\paul\.m2\repository\org\codehaus\plexus\plexus-container-default\1.0-alpha-9-stable-1\plexus-container-default-1.0-alpha-9-stable-1.jar;C:\Users\paul\.m2\repository\classworlds\classworlds\1.1-alpha-2\classworlds-1.1-alpha-2.jar;C:\Users\paul\.m2\repository\org\apache\maven\maven-repository-metadata\2.2.1\maven-repository-metadata-2.2.1.jar;C:\Users\paul\.m2\repository\org\codehaus\plexus\plexus-utils\3.0.20\plexus-utils-3.0.20.jar;C:\Users\paul\.m2\repository\org\sonatype\plexus\plexus-sec-dispatcher\1.4\plexus-sec-dispatcher-1.4.jar;C:\Users\paul\.m2\repository\org\sonatype\plexus\plexus-cipher\1.4\plexus-cipher-1.4.jar;C:\Users\paul\.m2\repository\net\masterthought\cucumber-reporting\3.15.0\cucumber-reporting-3.15.0.jar;C:\Users\paul\.m2\repository\org\apache\logging\log4j\log4j-api\2.8.2\log4j-api-2.8.2.jar;C:\Users\paul\.m2\repository\org\apache\logging\log4j\log4j-core\2.8.2\log4j-core-2.8.2.jar;C:\Users\paul\.m2\repository\com\fasterxml\jackson\core\jackson-databind\2.8.6\jackson-databind-2.8.6.jar;C:\Users\paul\.m2\repository\com\fasterxml\jackson\core\jackson-annotations\2.8.0\jackson-annotations-2.8.0.jar;C:\Users\paul\.m2\repository\com\fasterxml\jackson\core\jackson-core\2.8.6\jackson-core-2.8.6.jar;C:\Users\paul\.m2\repository\org\apache\velocity\velocity\1.7\velocity-1.7.jar;C:\Users\paul\.m2\repository\commons-collections\commons-collections\3.2.1\commons-collections-3.2.1.jar;C:\Users\paul\.m2\repository\commons-lang\commons-lang\2.4\commons-lang-2.4.jar;C:\Users\paul\.m2\repository\velocity-tools\velocity-tools\1.4\velocity-tools-1.4.jar;C:\Users\paul\.m2\repository\joda-time\joda-time\2.9.9\joda-time-2.9.9.jar;C:\Users\paul\.m2\repository\org\apache\commons\commons-lang3\3.6\commons-lang3-3.6.jar;C:\Users\paul\.m2\repository\commons-io\commons-io\2.5\commons-io-2.5.jar;C:\Users\paul\.m2\repository\net\lingala\zip4j\zip4j\1.3.2\zip4j-1.3.2.jar;C:\Users\paul\.m2\repository\com\googlecode\owasp-java-html-sanitizer\owasp-java-html-sanitizer\20170515.1\owasp-java-html-sanitizer-20170515.1.jar;C:\Users\paul\.m2\repository\commons-configuration\commons-configuration\1.6\commons-configuration-1.6.jar;C:\Users\paul\.m2\repository\commons-digester\commons-digester\1.8\commons-digester-1.8.jar;C:\Users\paul\.m2\repository\commons-beanutils\commons-beanutils\1.7.0\commons-beanutils-1.7.0.jar;C:\Users\paul\.m2\repository\commons-beanutils\commons-beanutils-core\1.8.0\commons-beanutils-core-1.8.0.jar;C:\Users\paul\.m2\repository\org\apache\maven\plugins\maven-surefire-plugin\3.0.0-M5\maven-surefire-plugin-3.0.0-M5.jar;C:\Users\paul\.m2\repository\org\apache\maven\surefire\maven-surefire-common\3.0.0-M5\maven-surefire-common-3.0.0-M5.jar;C:\Users\paul\.m2\repository\org\apache\maven\surefire\surefire-api\3.0.0-M5\surefire-api-3.0.0-M5.jar;C:\Users\paul\.m2\repository\org\apache\maven\surefire\surefire-logger-api\3.0.0-M5\surefire-logger-api-3.0.0-M5.jar;C:\Users\paul\.m2\repository\org\apache\maven\surefire\surefire-extensions-api\3.0.0-M5\surefire-extensions-api-3.0.0-M5.jar;C:\Users\paul\.m2\repository\org\apache\maven\surefire\surefire-booter\3.0.0-M5\surefire-booter-3.0.0-M5.jar;C:\Users\paul\.m2\repository\org\apache\maven\surefire\surefire-extensions-spi\3.0.0-M5\surefire-extensions-spi-3.0.0-M5.jar;C:\Users\paul\.m2\repository\org\apache\maven\maven-toolchain\3.0-alpha-2\maven-toolchain-3.0-alpha-2.jar;C:\Users\paul\.m2\repository\org\apache\maven\shared\maven-artifact-transfer\0.11.0\maven-artifact-transfer-0.11.0.jar;C:\Users\paul\.m2\repository\org\apache\maven\shared\maven-common-artifact-filters\3.0.1\maven-common-artifact-filters-3.0.1.jar;C:\Users\paul\.m2\repository\org\sonatype\sisu\sisu-inject-plexus\1.4.2\sisu-inject-plexus-1.4.2.jar;C:\Users\paul\.m2\repository\org\sonatype\sisu\sisu-inject-bean\1.4.2\sisu-inject-bean-1.4.2.jar;C:\Users\paul\.m2\repository\org\sonatype\sisu\sisu-guice\2.1.7\sisu-guice-2.1.7-noaop.jar;C:\Users\paul\.m2\repository\org\apache\maven\shared\maven-shared-utils\3.1.0\maven-shared-utils-3.1.0.jar;C:\Users\paul\.m2\repository\org\codehaus\plexus\plexus-java\1.0.5\plexus-java-1.0.5.jar;C:\Users\paul\.m2\repository\org\ow2\asm\asm\7.2\asm-7.2.jar;C:\Users\paul\.m2\repository\com\thoughtworks\qdox\qdox\2.0-M9\qdox-2.0-M9.jar;C:\Users\paul\.m2\repository\org\apache\maven\surefire\surefire-shared-utils\3.0.0-M4\surefire-shared-utils-3.0.0-M4.jar;C:\Users\paul\.m2\repository\org\json\json\20160810\json-20160810.jar;"/>
    <property name="sun.cpu.endian" value="little"/>
    <property name="user.home" value="C:\Users\paul"/>
    <property name="user.language" value="en"/>
    <property name="java.specification.vendor" value="Oracle Corporation"/>
    <property name="java.version.date" value="2022-07-19"/>
    <property name="java.home" value="C:\Program Files\Java\jdk-11.0.16"/>
    <property name="file.separator" value="\"/>
    <property name="basedir" value="C:\Users\paul\eclipse-workspace\RecruiterAi-0.01"/>
    <property name="java.vm.compressedOopsMode" value="32-bit"/>
    <property name="line.separator" value="&#10;"/>
    <property name="java.specification.name" value="Java Platform API Specification"/>
    <property name="java.vm.specification.vendor" value="Oracle Corporation"/>
    <property name="java.awt.graphicsenv" value="sun.awt.Win32GraphicsEnvironment"/>
    <property name="surefire.real.class.path" value="C:\Users\paul\AppData\Local\Temp\surefire82185016994887900\surefirebooter9201618967477397663.jar"/>
    <property name="user.script" value=""/>
    <property name="sun.management.compiler" value="HotSpot 64-Bit Tiered Compilers"/>
    <property name="java.runtime.version" value="11.0.16+11-LTS-199"/>
    <property name="user.name" value="paul"/>
    <property name="path.separator" value=";"/>
    <property name="os.version" value="10.0"/>
    <property name="java.runtime.name" value="Java(TM) SE Runtime Environment"/>
    <property name="file.encoding" value="Cp1252"/>
    <property name="java.vm.name" value="Java HotSpot(TM) 64-Bit Server VM"/>
    <property name="java.vendor.version" value="18.9"/>
    <property name="localRepository" value="C:\Users\paul\.m2\repository"/>
    <property name="java.vendor.url.bug" value="https://bugreport.java.com/bugreport/"/>
    <property name="java.io.tmpdir" value="C:\Users\paul\AppData\Local\Temp\"/>
    <property name="java.version" value="11.0.16"/>
    <property name="user.dir" value="C:\Users\paul\eclipse-workspace\RecruiterAi-0.01"/>
    <property name="os.arch" value="amd64"/>
    <property name="java.vm.specification.name" value="Java Virtual Machine Specification"/>
    <property name="java.awt.printerjob" value="sun.awt.windows.WPrinterJob"/>
    <property name="sun.os.patch.level" value=""/>
    <property name="java.library.path" value="C:\Program Files\Java\jdk-11.0.16\bin;C:\Windows\Sun\Java\bin;C:\Windows\system32;C:\Windows;C:\Users\paul\.jenkins\tools\hudson.tasks.Maven_MavenInstallation\mvn/bin;C:\Program Files\Common Files\Oracle\Java\javapath;C:\ProgramData\Oracle\Java\javapath;C:\Program Files (x86)\Common Files\Oracle\Java\javapath;C:\Windows\system32;C:\Windows;C:\Windows\System32\Wbem;C:\Windows\System32\WindowsPowerShell\v1.0\;C:\Windows\System32\OpenSSH\;C:\Program Files\Java\jdk-11.0.16\bin;C:\Program Files\Git\cmd;C:\Users\paul\AppData\Local\Microsoft\WindowsApps;C:\Program Files\Java\jdk-11.0.16\bin;C:\Users\paul\AppData\Local\GitHubDesktop\bin;;."/>
    <property name="java.vendor" value="Oracle Corporation"/>
    <property name="java.vm.info" value="mixed mode"/>
    <property name="java.vm.version" value="11.0.16+11-LTS-199"/>
    <property name="sun.io.unicode.encoding" value="UnicodeLittle"/>
    <property name="java.class.version" value="55.0"/>
  </properties>
  <testcase name="feature[Login and Logout feature](1)" classname="testrunners.Testrunners" time="72.187">
    <failure message="org.openqa.selenium.TimeoutException: Expected condition failed: waiting for element to be clickable: By.xpath: //button[@aria-label=&apos;Logout&apos;] (tried for 60 second(s) with 500 milliseconds interval)" type="cucumber.runtime.CucumberException"><![CDATA[cucumber.runtime.CucumberException: org.openqa.selenium.TimeoutException: Expected condition failed: waiting for element to be clickable: By.xpath: //button[@aria-label='Logout'] (tried for 60 second(s) with 500 milliseconds interval)
Caused by: org.openqa.selenium.TimeoutException: Expected condition failed: waiting for element to be clickable: By.xpath: //button[@aria-label='Logout'] (tried for 60 second(s) with 500 milliseconds interval)
Caused by: org.openqa.selenium.NoSuchElementException: 
no such element: Unable to locate element: {"method":"xpath","selector":"//button[@aria-label='Logout']"}
  (Session info: chrome=107.0.5304.107)
For documentation on this error, please visit: https://www.seleniumhq.org/exceptions/no_such_element.html
Build info: version: '3.141.59', revision: 'e82be7d358', time: '2018-11-14T08:17:03'
System info: host: 'PAUL', ip: '192.168.1.3', os.name: 'Windows 11', os.arch: 'amd64', os.version: '10.0', java.version: '11.0.16'
Driver info: org.openqa.selenium.chrome.ChromeDriver
Capabilities {acceptInsecureCerts: false, browserName: chrome, browserVersion: 107.0.5304.107, chrome: {chromedriverVersion: 107.0.5304.62 (1eec40d3a576..., userDataDir: C:\Users\paul\AppData\Local...}, goog:chromeOptions: {debuggerAddress: localhost:51544}, javascriptEnabled: true, networkConnectionEnabled: false, pageLoadStrategy: normal, platform: WINDOWS, platformName: WINDOWS, proxy: Proxy(), setWindowRect: true, strictFileInteractability: false, timeouts: {implicit: 0, pageLoad: 300000, script: 30000}, unhandledPromptBehavior: dismiss and notify, webauthn:extension:credBlob: true, webauthn:extension:largeBlob: true, webauthn:virtualAuthenticators: true}
Session ID: dc1bf2cd84a5d875e14c5b8e883da604
*** Element info: {Using=xpath, value=//button[@aria-label='Logout']}
]]></failure>
    <system-out><![CDATA[@tag
Feature: Login and Logout feature
  I want to use this to verify login and logout

  @tag1
  Scenario: verify login and logout functionality                      &amp#27;[90m# 01_loginlogout.feature:6&amp#27;[0m
    &amp#27;[32mGiven &amp#27;[0m&amp#27;[32mLaunch Application using valid URL&amp#27;[0m                           &amp#27;[90m# Stepdef.launch_Application_using_valid_URL()&amp#27;[0m
    &amp#27;[32mThen &amp#27;[0m&amp#27;[32maccept cookies and choose login type&amp#27;[0m                          &amp#27;[90m# Stepdef.accept_cookies_and_choose_login_type()&amp#27;[0m
    &amp#27;[32mWhen &amp#27;[0m&amp#27;[32menters valid credentials "&amp#27;[0m&amp#27;[32m&amp#27;[1mpaul@trainingqa.com&amp#27;[0m&amp#27;[32m" and "&amp#27;[0m&amp#27;[32m&amp#27;[1mXPAStag0&amp#27;[0m&amp#27;[32m"&amp#27;[0m &amp#27;[90m# Stepdef.enters_valid_credentials_and(String,String)&amp#27;[0m
    &amp#27;[32mThen &amp#27;[0m&amp#27;[32mverify captcha and click on Login button&amp#27;[0m                      &amp#27;[90m# Stepdef.verify_captcha_and_click_on_Login_button()&amp#27;[0m

  @Logout
  Scenario: Verify Recruiter Ai Logout Functionality &amp#27;[90m# 01_loginlogout.feature:13&amp#27;[0m
    &amp#27;[31mGiven &amp#27;[0m&amp#27;[31mClick on Logout Button&amp#27;[0m                     &amp#27;[90m# Stepdef.click_on_Logout_Button()&amp#27;[0m
      &amp#27;[31morg.openqa.selenium.TimeoutException: Expected condition failed: waiting for element to be clickable: By.xpath: //button[@aria-label='Logout'] (tried for 60 second(s) with 500 milliseconds interval)
      	at org.openqa.selenium.support.ui.WebDriverWait.timeoutException(WebDriverWait.java:95)
      	at org.openqa.selenium.support.ui.FluentWait.until(FluentWait.java:272)
      	at stepdef.Stepdef.click_on_Logout_Button(Stepdef.java:82)
      	at ?.Given Click on Logout Button(01_loginlogout.feature:14)
      Caused by: org.openqa.selenium.NoSuchElementException: no such element: Unable to locate element: {"method":"xpath","selector":"//button[@aria-label='Logout']"}
        (Session info: chrome=107.0.5304.107)
      For documentation on this error, please visit: https://www.seleniumhq.org/exceptions/no_such_element.html
      Build info: version: '3.141.59', revision: 'e82be7d358', time: '2018-11-14T08:17:03'
      System info: host: 'PAUL', ip: '192.168.1.3', os.name: 'Windows 11', os.arch: 'amd64', os.version: '10.0', java.version: '11.0.16'
      Driver info: org.openqa.selenium.chrome.ChromeDriver
      Capabilities {acceptInsecureCerts: false, browserName: chrome, browserVersion: 107.0.5304.107, chrome: {chromedriverVersion: 107.0.5304.62 (1eec40d3a576..., userDataDir: C:\Users\paul\AppData\Local...}, goog:chromeOptions: {debuggerAddress: localhost:51544}, javascriptEnabled: true, networkConnectionEnabled: false, pageLoadStrategy: normal, platform: WINDOWS, platformName: WINDOWS, proxy: Proxy(), setWindowRect: true, strictFileInteractability: false, timeouts: {implicit: 0, pageLoad: 300000, script: 30000}, unhandledPromptBehavior: dismiss and notify, webauthn:extension:credBlob: true, webauthn:extension:largeBlob: true, webauthn:virtualAuthenticators: true}
      Session ID: dc1bf2cd84a5d875e14c5b8e883da604
      *** Element info: {Using=xpath, value=//button[@aria-label='Logout']}
      	at java.base/jdk.internal.reflect.NativeConstructorAccessorImpl.newInstance0(Native Method)
      	at java.base/jdk.internal.reflect.NativeConstructorAccessorImpl.newInstance(NativeConstructorAccessorImpl.java:62)
      	at java.base/jdk.internal.reflect.DelegatingConstructorAccessorImpl.newInstance(DelegatingConstructorAccessorImpl.java:45)
      	at java.base/java.lang.reflect.Constructor.newInstance(Constructor.java:490)
      	at org.openqa.selenium.remote.http.W3CHttpResponseCodec.createException(W3CHttpResponseCodec.java:187)
      	at org.openqa.selenium.remote.http.W3CHttpResponseCodec.decode(W3CHttpResponseCodec.java:122)
      	at org.openqa.selenium.remote.http.W3CHttpResponseCodec.decode(W3CHttpResponseCodec.java:49)
      	at org.openqa.selenium.remote.HttpCommandExecutor.execute(HttpCommandExecutor.java:158)
      	at org.openqa.selenium.remote.service.DriverCommandExecutor.execute(DriverCommandExecutor.java:83)
      	at org.openqa.selenium.remote.RemoteWebDriver.execute(RemoteWebDriver.java:552)
      	at org.openqa.selenium.remote.RemoteWebDriver.findElement(RemoteWebDriver.java:323)
      	at org.openqa.selenium.remote.RemoteWebDriver.findElementByXPath(RemoteWebDriver.java:428)
      	at org.openqa.selenium.By$ByXPath.findElement(By.java:353)
      	at org.openqa.selenium.remote.RemoteWebDriver.findElement(RemoteWebDriver.java:315)
      	at org.openqa.selenium.support.ui.ExpectedConditions$7.apply(ExpectedConditions.java:205)
      	at org.openqa.selenium.support.ui.ExpectedConditions$7.apply(ExpectedConditions.java:201)
      	at org.openqa.selenium.support.ui.ExpectedConditions$22.apply(ExpectedConditions.java:641)
      	at org.openqa.selenium.support.ui.ExpectedConditions$22.apply(ExpectedConditions.java:638)
      	at org.openqa.selenium.support.ui.FluentWait.until(FluentWait.java:249)
      	at stepdef.Stepdef.click_on_Logout_Button(Stepdef.java:82)
      	at java.base/jdk.internal.reflect.NativeMethodAccessorImpl.invoke0(Native Method)
      	at java.base/jdk.internal.reflect.NativeMethodAccessorImpl.invoke(NativeMethodAccessorImpl.java:62)
      	at java.base/jdk.internal.reflect.DelegatingMethodAccessorImpl.invoke(DelegatingMethodAccessorImpl.java:43)
      	at java.base/java.lang.reflect.Method.invoke(Method.java:566)
      	at cucumber.runtime.Utils$1.call(Utils.java:40)
      	at cucumber.runtime.Timeout.timeout(Timeout.java:16)
      	at cucumber.runtime.Utils.invoke(Utils.java:34)
      	at cucumber.runtime.java.JavaStepDefinition.execute(JavaStepDefinition.java:38)
      	at cucumber.runtime.StepDefinitionMatch.runStep(StepDefinitionMatch.java:37)
      	at cucumber.runtime.Runtime.runStep(Runtime.java:300)
      	at cucumber.runtime.model.StepContainer.runStep(StepContainer.java:44)
      	at cucumber.runtime.model.StepContainer.runSteps(StepContainer.java:39)
      	at cucumber.runtime.model.CucumberScenario.run(CucumberScenario.java:44)
      	at cucumber.runtime.model.CucumberFeature.run(CucumberFeature.java:165)
      	at cucumber.api.testng.TestNGCucumberRunner.runCucumber(TestNGCucumberRunner.java:63)
      	at cucumber.api.testng.AbstractTestNGCucumberTests.feature(AbstractTestNGCucumberTests.java:21)
      	at java.base/jdk.internal.reflect.NativeMethodAccessorImpl.invoke0(Native Method)
      	at java.base/jdk.internal.reflect.NativeMethodAccessorImpl.invoke(NativeMethodAccessorImpl.java:62)
      	at java.base/jdk.internal.reflect.DelegatingMethodAccessorImpl.invoke(DelegatingMethodAccessorImpl.java:43)
      	at java.base/java.lang.reflect.Method.invoke(Method.java:566)
      	at org.testng.internal.MethodInvocationHelper.invokeMethod(MethodInvocationHelper.java:124)
      	at org.testng.internal.Invoker.invokeMethod(Invoker.java:583)
      	at org.testng.internal.Invoker.invokeTestMethod(Invoker.java:719)
      	at org.testng.internal.Invoker.invokeTestMethods(Invoker.java:989)
      	at org.testng.internal.TestMethodWorker.invokeTestMethods(TestMethodWorker.java:125)
      	at org.testng.internal.TestMethodWorker.run(TestMethodWorker.java:109)
      	at org.testng.TestRunner.privateRun(TestRunner.java:648)
      	at org.testng.TestRunner.run(TestRunner.java:505)
      	at org.testng.SuiteRunner.runTest(SuiteRunner.java:455)
      	at org.testng.SuiteRunner.runSequentially(SuiteRunner.java:450)
      	at org.testng.SuiteRunner.privateRun(SuiteRunner.java:415)
      	at org.testng.SuiteRunner.run(SuiteRunner.java:364)
      	at org.testng.SuiteRunnerWorker.runSuite(SuiteRunnerWorker.java:52)
      	at org.testng.SuiteRunnerWorker.run(SuiteRunnerWorker.java:84)
      	at org.testng.TestNG.runSuitesSequentially(TestNG.java:1208)
      	at org.testng.TestNG.runSuitesLocally(TestNG.java:1137)
      	at org.testng.TestNG.runSuites(TestNG.java:1049)
      	at org.testng.TestNG.run(TestNG.java:1017)
      	at org.apache.maven.surefire.testng.TestNGExecutor.run(TestNGExecutor.java:136)
      	at org.apache.maven.surefire.testng.TestNGDirectoryTestSuite.executeSingleClass(TestNGDirectoryTestSuite.java:112)
      	at org.apache.maven.surefire.testng.TestNGDirectoryTestSuite.execute(TestNGDirectoryTestSuite.java:99)
      	at org.apache.maven.surefire.testng.TestNGProvider.invoke(TestNGProvider.java:145)
      	at org.apache.maven.surefire.booter.ForkedBooter.runSuitesInProcess(ForkedBooter.java:428)
      	at org.apache.maven.surefire.booter.ForkedBooter.execute(ForkedBooter.java:162)
      	at org.apache.maven.surefire.booter.ForkedBooter.run(ForkedBooter.java:562)
      	at org.apache.maven.surefire.booter.ForkedBooter.main(ForkedBooter.java:548)
      &amp#27;[0m
]]></system-out>
    <system-err><![CDATA[Starting ChromeDriver 107.0.5304.62 (1eec40d3a5764881c92085aaee66d25075c159aa-refs/branch-heads/5304@{#942}) on port 17812
Only local connections are allowed.
Please see https://chromedriver.chromium.org/security-considerations for suggestions on keeping ChromeDriver safe.
ChromeDriver was started successfully.
Nov 19, 2022 1:42:33 PM org.openqa.selenium.remote.ProtocolHandshake createSession
INFO: Detected dialect: W3C
]]></system-err>
  </testcase>
  <testcase name="feature[Create new Job with Basic Information](2)" classname="testrunners.Testrunners" time="48.641">
    <failure message="org.openqa.selenium.TimeoutException: Expected condition failed: waiting for element to be clickable: By.xpath: /html/body/section/div[1]/div/header/nav/ul/li[2]/a (tried for 30 second(s) with 500 milliseconds interval)" type="cucumber.runtime.CucumberException"><![CDATA[cucumber.runtime.CucumberException: org.openqa.selenium.TimeoutException: Expected condition failed: waiting for element to be clickable: By.xpath: /html/body/section/div[1]/div/header/nav/ul/li[2]/a (tried for 30 second(s) with 500 milliseconds interval)
Caused by: org.openqa.selenium.TimeoutException: Expected condition failed: waiting for element to be clickable: By.xpath: /html/body/section/div[1]/div/header/nav/ul/li[2]/a (tried for 30 second(s) with 500 milliseconds interval)
Caused by: org.openqa.selenium.NoSuchElementException: 
no such element: Unable to locate element: {"method":"xpath","selector":"/html/body/section/div[1]/div/header/nav/ul/li[2]/a"}
  (Session info: chrome=107.0.5304.107)
For documentation on this error, please visit: https://www.seleniumhq.org/exceptions/no_such_element.html
Build info: version: '3.141.59', revision: 'e82be7d358', time: '2018-11-14T08:17:03'
System info: host: 'PAUL', ip: '192.168.1.3', os.name: 'Windows 11', os.arch: 'amd64', os.version: '10.0', java.version: '11.0.16'
Driver info: org.openqa.selenium.chrome.ChromeDriver
Capabilities {acceptInsecureCerts: false, browserName: chrome, browserVersion: 107.0.5304.107, chrome: {chromedriverVersion: 107.0.5304.62 (1eec40d3a576..., userDataDir: C:\Users\paul\AppData\Local...}, goog:chromeOptions: {debuggerAddress: localhost:51676}, javascriptEnabled: true, networkConnectionEnabled: false, pageLoadStrategy: normal, platform: WINDOWS, platformName: WINDOWS, proxy: Proxy(), setWindowRect: true, strictFileInteractability: false, timeouts: {implicit: 0, pageLoad: 300000, script: 30000}, unhandledPromptBehavior: dismiss and notify, webauthn:extension:credBlob: true, webauthn:extension:largeBlob: true, webauthn:virtualAuthenticators: true}
Session ID: 610178eab5cfa3194c222111631a71ec
*** Element info: {Using=xpath, value=/html/body/section/div[1]/div/header/nav/ul/li[2]/a}
]]></failure>
    <system-out><![CDATA[@tag
Feature: Create new Job with Basic Information

  @Login @Before
  Scenario: Verify Recruiter Ai Login Functionality                    &amp#27;[90m# 02_createbasicjob.feature:6&amp#27;[0m
    &amp#27;[32mGiven &amp#27;[0m&amp#27;[32mLaunch Application using valid URL&amp#27;[0m                           &amp#27;[90m# Stepdef.launch_Application_using_valid_URL()&amp#27;[0m
    &amp#27;[32mThen &amp#27;[0m&amp#27;[32maccept cookies and choose login type&amp#27;[0m                          &amp#27;[90m# Stepdef.accept_cookies_and_choose_login_type()&amp#27;[0m
    &amp#27;[32mWhen &amp#27;[0m&amp#27;[32menters valid credentials "&amp#27;[0m&amp#27;[32m&amp#27;[1mpaul@trainingqa.com&amp#27;[0m&amp#27;[32m" and "&amp#27;[0m&amp#27;[32m&amp#27;[1mXPAStag0&amp#27;[0m&amp#27;[32m"&amp#27;[0m &amp#27;[90m# Stepdef.enters_valid_credentials_and(String,String)&amp#27;[0m
    &amp#27;[32mThen &amp#27;[0m&amp#27;[32mverify captcha and click on Login button&amp#27;[0m                      &amp#27;[90m# Stepdef.verify_captcha_and_click_on_Login_button()&amp#27;[0m

  @CreateNewJob
  Scenario Outline: Verify create new job functionality with basic information &amp#27;[90m# 02_createbasicjob.feature:13&amp#27;[0m
    &amp#27;[36mGiven &amp#27;[0m&amp#27;[36mRecruiter clicks on Jobs Menu&amp#27;[0m
    &amp#27;[36mThen &amp#27;[0m&amp#27;[36mselect create new job section&amp#27;[0m
    &amp#27;[36mWhen &amp#27;[0m&amp#27;[36mclick on Start button of form&amp#27;[0m
    &amp#27;[36mAnd &amp#27;[0m&amp#27;[36mchoose office address "<office address>"&amp#27;[0m
    &amp#27;[36mAnd &amp#27;[0m&amp#27;[36madd Job Title as "<job title>"&amp#27;[0m
    &amp#27;[36mAnd &amp#27;[0m&amp#27;[36madd internal code for job "<internal code>"&amp#27;[0m
    &amp#27;[36mAnd &amp#27;[0m&amp#27;[36mselect Job Status as "<job status>"&amp#27;[0m
    &amp#27;[36mAnd &amp#27;[0m&amp#27;[36mchoose candidates from other countries&amp#27;[0m
    &amp#27;[36mAnd &amp#27;[0m&amp#27;[36menable rank and file job&amp#27;[0m
    &amp#27;[36mAnd &amp#27;[0m&amp#27;[36mSelect Country Location "<country location>"&amp#27;[0m
    &amp#27;[36mAnd &amp#27;[0m&amp#27;[36mSelect City location "<city location>"&amp#27;[0m
    &amp#27;[36mAnd &amp#27;[0m&amp#27;[36madd skills "<skill 1>" and "<skill 2>"&amp#27;[0m
    &amp#27;[36mAnd &amp#27;[0m&amp#27;[36madd Qualification "<qualification>"&amp#27;[0m
    &amp#27;[36mAnd &amp#27;[0m&amp#27;[36madd job type in emp details as "<job type>"&amp#27;[0m
    &amp#27;[36mAnd &amp#27;[0m&amp#27;[36mselect minimum experience as "<min exp>"&amp#27;[0m
    &amp#27;[36mAnd &amp#27;[0m&amp#27;[36mselect maximum experience as "<max exp>"&amp#27;[0m
    &amp#27;[36mAnd &amp#27;[0m&amp#27;[36mchoose Employment type as "<emp type>"&amp#27;[0m
    &amp#27;[36mAnd &amp#27;[0m&amp#27;[36mchoose no of vacancies "<vacancies>"&amp#27;[0m
    &amp#27;[36mAnd &amp#27;[0m&amp#27;[36mchoose close date of job "<mdyclosedate>"&amp#27;[0m
    &amp#27;[36mAnd &amp#27;[0m&amp#27;[36madd Job Description "<job discription>"&amp#27;[0m
    &amp#27;[36mAnd &amp#27;[0m&amp#27;[36madd Job Requirements "<job requirements>"&amp#27;[0m
    &amp#27;[36mAnd &amp#27;[0m&amp#27;[36mchoose primary recruiter "<primary recruiter>"&amp#27;[0m
    &amp#27;[36mAnd &amp#27;[0m&amp#27;[36mclick on submit button of job&amp#27;[0m
    &amp#27;[36mAnd &amp#27;[0m&amp#27;[36mclick on view job button&amp#27;[0m
    &amp#27;[36mThen &amp#27;[0m&amp#27;[36mcopy the job link&amp#27;[0m

    Examples: 

  @tag @CreateNewJob
  Scenario Outline: Verify create new job functionality with basic information &amp#27;[90m# 02_createbasicjob.feature:43&amp#27;[0m
    &amp#27;[31mGiven &amp#27;[0m&amp#27;[31mRecruiter clicks on Jobs Menu&amp#27;[0m                                        &amp#27;[90m# Stepdef.recruiter_clicks_on_Jobs_Menu()&amp#27;[0m
      &amp#27;[31morg.openqa.selenium.TimeoutException: Expected condition failed: waiting for element to be clickable: By.xpath: /html/body/section/div[1]/div/header/nav/ul/li[2]/a (tried for 30 second(s) with 500 milliseconds interval)
      	at org.openqa.selenium.support.ui.WebDriverWait.timeoutException(WebDriverWait.java:95)
      	at org.openqa.selenium.support.ui.FluentWait.until(FluentWait.java:272)
      	at stepdef.Stepdef.recruiter_clicks_on_Jobs_Menu(Stepdef.java:90)
      	at ?.Given Recruiter clicks on Jobs Menu(02_createbasicjob.feature:14)
      Caused by: org.openqa.selenium.NoSuchElementException: no such element: Unable to locate element: {"method":"xpath","selector":"/html/body/section/div[1]/div/header/nav/ul/li[2]/a"}
        (Session info: chrome=107.0.5304.107)
      For documentation on this error, please visit: https://www.seleniumhq.org/exceptions/no_such_element.html
      Build info: version: '3.141.59', revision: 'e82be7d358', time: '2018-11-14T08:17:03'
      System info: host: 'PAUL', ip: '192.168.1.3', os.name: 'Windows 11', os.arch: 'amd64', os.version: '10.0', java.version: '11.0.16'
      Driver info: org.openqa.selenium.chrome.ChromeDriver
      Capabilities {acceptInsecureCerts: false, browserName: chrome, browserVersion: 107.0.5304.107, chrome: {chromedriverVersion: 107.0.5304.62 (1eec40d3a576..., userDataDir: C:\Users\paul\AppData\Local...}, goog:chromeOptions: {debuggerAddress: localhost:51676}, javascriptEnabled: true, networkConnectionEnabled: false, pageLoadStrategy: normal, platform: WINDOWS, platformName: WINDOWS, proxy: Proxy(), setWindowRect: true, strictFileInteractability: false, timeouts: {implicit: 0, pageLoad: 300000, script: 30000}, unhandledPromptBehavior: dismiss and notify, webauthn:extension:credBlob: true, webauthn:extension:largeBlob: true, webauthn:virtualAuthenticators: true}
      Session ID: 610178eab5cfa3194c222111631a71ec
      *** Element info: {Using=xpath, value=/html/body/section/div[1]/div/header/nav/ul/li[2]/a}
      	at java.base/jdk.internal.reflect.NativeConstructorAccessorImpl.newInstance0(Native Method)
      	at java.base/jdk.internal.reflect.NativeConstructorAccessorImpl.newInstance(NativeConstructorAccessorImpl.java:62)
      	at java.base/jdk.internal.reflect.DelegatingConstructorAccessorImpl.newInstance(DelegatingConstructorAccessorImpl.java:45)
      	at java.base/java.lang.reflect.Constructor.newInstance(Constructor.java:490)
      	at org.openqa.selenium.remote.http.W3CHttpResponseCodec.createException(W3CHttpResponseCodec.java:187)
      	at org.openqa.selenium.remote.http.W3CHttpResponseCodec.decode(W3CHttpResponseCodec.java:122)
      	at org.openqa.selenium.remote.http.W3CHttpResponseCodec.decode(W3CHttpResponseCodec.java:49)
      	at org.openqa.selenium.remote.HttpCommandExecutor.execute(HttpCommandExecutor.java:158)
      	at org.openqa.selenium.remote.service.DriverCommandExecutor.execute(DriverCommandExecutor.java:83)
      	at org.openqa.selenium.remote.RemoteWebDriver.execute(RemoteWebDriver.java:552)
      	at org.openqa.selenium.remote.RemoteWebDriver.findElement(RemoteWebDriver.java:323)
      	at org.openqa.selenium.remote.RemoteWebDriver.findElementByXPath(RemoteWebDriver.java:428)
      	at org.openqa.selenium.By$ByXPath.findElement(By.java:353)
      	at org.openqa.selenium.remote.RemoteWebDriver.findElement(RemoteWebDriver.java:315)
      	at org.openqa.selenium.support.ui.ExpectedConditions$7.apply(ExpectedConditions.java:205)
      	at org.openqa.selenium.support.ui.ExpectedConditions$7.apply(ExpectedConditions.java:201)
      	at org.openqa.selenium.support.ui.ExpectedConditions$22.apply(ExpectedConditions.java:641)
      	at org.openqa.selenium.support.ui.ExpectedConditions$22.apply(ExpectedConditions.java:638)
      	at org.openqa.selenium.support.ui.FluentWait.until(FluentWait.java:249)
      	at stepdef.Stepdef.recruiter_clicks_on_Jobs_Menu(Stepdef.java:90)
      	at java.base/jdk.internal.reflect.NativeMethodAccessorImpl.invoke0(Native Method)
      	at java.base/jdk.internal.reflect.NativeMethodAccessorImpl.invoke(NativeMethodAccessorImpl.java:62)
      	at java.base/jdk.internal.reflect.DelegatingMethodAccessorImpl.invoke(DelegatingMethodAccessorImpl.java:43)
      	at java.base/java.lang.reflect.Method.invoke(Method.java:566)
      	at cucumber.runtime.Utils$1.call(Utils.java:40)
      	at cucumber.runtime.Timeout.timeout(Timeout.java:16)
      	at cucumber.runtime.Utils.invoke(Utils.java:34)
      	at cucumber.runtime.java.JavaStepDefinition.execute(JavaStepDefinition.java:38)
      	at cucumber.runtime.StepDefinitionMatch.runStep(StepDefinitionMatch.java:37)
      	at cucumber.runtime.Runtime.runStep(Runtime.java:300)
      	at cucumber.runtime.model.StepContainer.runStep(StepContainer.java:44)
      	at cucumber.runtime.model.StepContainer.runSteps(StepContainer.java:39)
      	at cucumber.runtime.model.CucumberScenario.run(CucumberScenario.java:44)
      	at cucumber.runtime.model.CucumberScenarioOutline.run(CucumberScenarioOutline.java:46)
      	at cucumber.runtime.model.CucumberFeature.run(CucumberFeature.java:165)
      	at cucumber.api.testng.TestNGCucumberRunner.runCucumber(TestNGCucumberRunner.java:63)
      	at cucumber.api.testng.AbstractTestNGCucumberTests.feature(AbstractTestNGCucumberTests.java:21)
      	at java.base/jdk.internal.reflect.NativeMethodAccessorImpl.invoke0(Native Method)
      	at java.base/jdk.internal.reflect.NativeMethodAccessorImpl.invoke(NativeMethodAccessorImpl.java:62)
      	at java.base/jdk.internal.reflect.DelegatingMethodAccessorImpl.invoke(DelegatingMethodAccessorImpl.java:43)
      	at java.base/java.lang.reflect.Method.invoke(Method.java:566)
      	at org.testng.internal.MethodInvocationHelper.invokeMethod(MethodInvocationHelper.java:124)
      	at org.testng.internal.Invoker.invokeMethod(Invoker.java:583)
      	at org.testng.internal.Invoker.invokeTestMethod(Invoker.java:719)
      	at org.testng.internal.Invoker.invokeTestMethods(Invoker.java:989)
      	at org.testng.internal.TestMethodWorker.invokeTestMethods(TestMethodWorker.java:125)
      	at org.testng.internal.TestMethodWorker.run(TestMethodWorker.java:109)
      	at org.testng.TestRunner.privateRun(TestRunner.java:648)
      	at org.testng.TestRunner.run(TestRunner.java:505)
      	at org.testng.SuiteRunner.runTest(SuiteRunner.java:455)
      	at org.testng.SuiteRunner.runSequentially(SuiteRunner.java:450)
      	at org.testng.SuiteRunner.privateRun(SuiteRunner.java:415)
      	at org.testng.SuiteRunner.run(SuiteRunner.java:364)
      	at org.testng.SuiteRunnerWorker.runSuite(SuiteRunnerWorker.java:52)
      	at org.testng.SuiteRunnerWorker.run(SuiteRunnerWorker.java:84)
      	at org.testng.TestNG.runSuitesSequentially(TestNG.java:1208)
      	at org.testng.TestNG.runSuitesLocally(TestNG.java:1137)
      	at org.testng.TestNG.runSuites(TestNG.java:1049)
      	at org.testng.TestNG.run(TestNG.java:1017)
      	at org.apache.maven.surefire.testng.TestNGExecutor.run(TestNGExecutor.java:136)
      	at org.apache.maven.surefire.testng.TestNGDirectoryTestSuite.executeSingleClass(TestNGDirectoryTestSuite.java:112)
      	at org.apache.maven.surefire.testng.TestNGDirectoryTestSuite.execute(TestNGDirectoryTestSuite.java:99)
      	at org.apache.maven.surefire.testng.TestNGProvider.invoke(TestNGProvider.java:145)
      	at org.apache.maven.surefire.booter.ForkedBooter.runSuitesInProcess(ForkedBooter.java:428)
      	at org.apache.maven.surefire.booter.ForkedBooter.execute(ForkedBooter.java:162)
      	at org.apache.maven.surefire.booter.ForkedBooter.run(ForkedBooter.java:562)
      	at org.apache.maven.surefire.booter.ForkedBooter.main(ForkedBooter.java:548)
      &amp#27;[0m
    &amp#27;[36mThen &amp#27;[0m&amp#27;[36mselect create new job section&amp#27;[0m                                         &amp#27;[90m# Stepdef.select_create_new_job_section()&amp#27;[0m
    &amp#27;[36mWhen &amp#27;[0m&amp#27;[36mclick on Start button of form&amp#27;[0m                                         &amp#27;[90m# Stepdef.click_on_Start_button_of_form()&amp#27;[0m
    &amp#27;[36mAnd &amp#27;[0m&amp#27;[36mchoose office address "&amp#27;[0m&amp#27;[36m&amp#27;[1mHyderabad&amp#27;[0m&amp#27;[36m"&amp#27;[0m                                      &amp#27;[90m# Stepdef.choose_office_address(String)&amp#27;[0m
    &amp#27;[36mAnd &amp#27;[0m&amp#27;[36madd Job Title as "&amp#27;[0m&amp#27;[36m&amp#27;[1msoftware Tester&amp#27;[0m&amp#27;[36m"&amp#27;[0m                                     &amp#27;[90m# Stepdef.add_Job_Title_as(String)&amp#27;[0m
    &amp#27;[36mAnd &amp#27;[0m&amp#27;[36madd internal code for job "&amp#27;[0m&amp#27;[36m&amp#27;[1mJob0001&amp#27;[0m&amp#27;[36m"&amp#27;[0m                                    &amp#27;[90m# Stepdef.add_internal_code_for_job(String)&amp#27;[0m
    &amp#27;[36mAnd &amp#27;[0m&amp#27;[36mselect Job Status as "&amp#27;[0m&amp#27;[36m&amp#27;[1minternal&external&amp#27;[0m&amp#27;[36m"&amp#27;[0m                               &amp#27;[90m# Stepdef.select_Job_Status_as(String)&amp#27;[0m
    &amp#27;[36mAnd &amp#27;[0m&amp#27;[36mchoose candidates from other countries&amp#27;[0m                                 &amp#27;[90m# Stepdef.choose_candidates_from_other_countries()&amp#27;[0m
    &amp#27;[36mAnd &amp#27;[0m&amp#27;[36menable rank and file job&amp#27;[0m                                               &amp#27;[90m# Stepdef.enable_rank_and_file_job()&amp#27;[0m
    &amp#27;[36mAnd &amp#27;[0m&amp#27;[36mSelect Country Location "&amp#27;[0m&amp#27;[36m&amp#27;[1mIndia&amp#27;[0m&amp#27;[36m"&amp#27;[0m                                        &amp#27;[90m# Stepdef.select_Country_Location(String)&amp#27;[0m
    &amp#27;[36mAnd &amp#27;[0m&amp#27;[36mSelect City location "&amp#27;[0m&amp#27;[36m&amp#27;[1mHyderabad&amp#27;[0m&amp#27;[36m"&amp#27;[0m                                       &amp#27;[90m# Stepdef.select_City_location(String)&amp#27;[0m
    &amp#27;[36mAnd &amp#27;[0m&amp#27;[36madd skills "&amp#27;[0m&amp#27;[36m&amp#27;[1mjava&amp#27;[0m&amp#27;[36m" and "&amp#27;[0m&amp#27;[36m&amp#27;[1msql&amp#27;[0m&amp#27;[36m"&amp#27;[0m                                            &amp#27;[90m# Stepdef.add_skills_and(String,String)&amp#27;[0m
    &amp#27;[36mAnd &amp#27;[0m&amp#27;[36madd Qualification "&amp#27;[0m&amp#27;[36m&amp#27;[1mBachelor's degree&amp#27;[0m&amp#27;[36m"&amp#27;[0m                                  &amp#27;[90m# Stepdef.add_Qualification(String)&amp#27;[0m
    &amp#27;[36mAnd &amp#27;[0m&amp#27;[36madd job type in emp details as "&amp#27;[0m&amp#27;[36m&amp#27;[1mPermanent&amp#27;[0m&amp#27;[36m"&amp#27;[0m                             &amp#27;[90m# Stepdef.add_job_type_in_emp_details_as(String)&amp#27;[0m
    &amp#27;[36mAnd &amp#27;[0m&amp#27;[36mselect minimum experience as "&amp#27;[0m&amp#27;[36m&amp#27;[1m2&amp#27;[0m&amp#27;[36m"&amp#27;[0m                                       &amp#27;[90m# Stepdef.select_minimum_experience_as(String)&amp#27;[0m
    &amp#27;[36mAnd &amp#27;[0m&amp#27;[36mselect maximum experience as "&amp#27;[0m&amp#27;[36m&amp#27;[1m10&amp#27;[0m&amp#27;[36m"&amp#27;[0m                                      &amp#27;[90m# Stepdef.select_maximum_experience_as(String)&amp#27;[0m
    &amp#27;[36mAnd &amp#27;[0m&amp#27;[36mchoose Employment type as "&amp#27;[0m&amp#27;[36m&amp#27;[1mfull-time&amp#27;[0m&amp#27;[36m"&amp#27;[0m                                  &amp#27;[90m# Stepdef.choose_Employment_type_as(String)&amp#27;[0m
    &amp#27;[36mAnd &amp#27;[0m&amp#27;[36mchoose no of vacancies "&amp#27;[0m&amp#27;[36m&amp#27;[1m15&amp#27;[0m&amp#27;[36m"&amp#27;[0m                                            &amp#27;[90m# Stepdef.choose_no_of_vacancies(String)&amp#27;[0m
    &amp#27;[36mAnd &amp#27;[0m&amp#27;[36mchoose close date of job "&amp#27;[0m&amp#27;[36m&amp#27;[1m12/02/2022&amp#27;[0m&amp#27;[36m"&amp#27;[0m                                  &amp#27;[90m# Stepdef.choose_close_date_of_job(String)&amp#27;[0m
    &amp#27;[36mAnd &amp#27;[0m&amp#27;[36madd Job Description "&amp#27;[0m&amp#27;[36m&amp#27;[1mcandidate should be expert in java&amp#27;[0m&amp#27;[36m"&amp#27;[0m               &amp#27;[90m# Stepdef.add_Job_Description(String)&amp#27;[0m
    &amp#27;[36mAnd &amp#27;[0m&amp#27;[36madd Job Requirements "&amp#27;[0m&amp#27;[36m&amp#27;[1m3 years experience&amp#27;[0m&amp#27;[36m"&amp#27;[0m                              &amp#27;[90m# Stepdef.add_Job_Requirements(String)&amp#27;[0m
    &amp#27;[36mAnd &amp#27;[0m&amp#27;[36mchoose primary recruiter "&amp#27;[0m&amp#27;[36m&amp#27;[1manand paul&amp#27;[0m&amp#27;[36m"&amp#27;[0m                                  &amp#27;[90m# Stepdef.choose_primary_recruiter(String)&amp#27;[0m
    &amp#27;[36mAnd &amp#27;[0m&amp#27;[36mclick on submit button of job&amp#27;[0m                                          &amp#27;[90m# Stepdef.click_on_submit_button_of_job()&amp#27;[0m
    &amp#27;[36mAnd &amp#27;[0m&amp#27;[36mclick on view job button&amp#27;[0m                                               &amp#27;[90m# Stepdef.click_on_view_job_button()&amp#27;[0m
    &amp#27;[36mThen &amp#27;[0m&amp#27;[36mcopy the job link&amp#27;[0m                                                     &amp#27;[90m# Stepdef.copy_the_job_link()&amp#27;[0m
]]></system-out>
    <system-err><![CDATA[Starting ChromeDriver 107.0.5304.62 (1eec40d3a5764881c92085aaee66d25075c159aa-refs/branch-heads/5304@{#942}) on port 25852
Only local connections are allowed.
Please see https://chromedriver.chromium.org/security-considerations for suggestions on keeping ChromeDriver safe.
ChromeDriver was started successfully.
Nov 19, 2022 1:43:43 PM org.openqa.selenium.remote.ProtocolHandshake createSession
INFO: Detected dialect: W3C
]]></system-err>
  </testcase>
  <testcase name="feature[Candidate apply for job as Guest](3)" classname="testrunners.Testrunners" time="1.376">
    <failure message="java.lang.NullPointerException: null value in entry: url=null" type="cucumber.runtime.CucumberException"><![CDATA[cucumber.runtime.CucumberException: java.lang.NullPointerException: null value in entry: url=null
Caused by: java.lang.NullPointerException: null value in entry: url=null
]]></failure>
    <system-out><![CDATA[@tag
Feature: Candidate apply for job as Guest

  #@Guestapplyjob
  #Scenario:Verify Candidate apply for job as a guest
  @Application
  Scenario Outline: Verify guest candidate able to fill job Application &amp#27;[90m# 03_guestapply.feature:9&amp#27;[0m
    &amp#27;[36mGiven &amp#27;[0m&amp#27;[36mCandidate clicks on job link&amp#27;[0m
    &amp#27;[36mWhen &amp#27;[0m&amp#27;[36mCandidate clicks on apply button of Job&amp#27;[0m
    &amp#27;[36mAnd &amp#27;[0m&amp#27;[36mcandidate choose to apply as guest&amp#27;[0m
    &amp#27;[36mAnd &amp#27;[0m&amp#27;[36mCandidate enters first name "<firstname>"&amp#27;[0m
    &amp#27;[36mAnd &amp#27;[0m&amp#27;[36mCandidate enters last name "<lastname>"&amp#27;[0m
    &amp#27;[36mAnd &amp#27;[0m&amp#27;[36mCandidate  chooses Country "<country>"&amp#27;[0m
    &amp#27;[36mAnd &amp#27;[0m&amp#27;[36mCandidate enters phone no "<phoneno>"&amp#27;[0m
    &amp#27;[36mAnd &amp#27;[0m&amp#27;[36mCandidate enters Email Address "<mail>"&amp#27;[0m
    &amp#27;[36mAnd &amp#27;[0m&amp#27;[36mCandidate uploads his resume&amp#27;[0m
    &amp#27;[36mThen &amp#27;[0m&amp#27;[36mCandidate accepts terms and conditions by clicking on checkbox&amp#27;[0m
    &amp#27;[36mAnd &amp#27;[0m&amp#27;[36mclicks on Next Button&amp#27;[0m
    &amp#27;[36mWhen &amp#27;[0m&amp#27;[36mcandidate fills about me text field&amp#27;[0m
    &amp#27;[36mWhen &amp#27;[0m&amp#27;[36mCandidate clicks on edit option of EducationA&amp#27;[0m
    &amp#27;[36mAnd &amp#27;[0m&amp#27;[36menters InstituteA Name "<institute-a>"&amp#27;[0m
    &amp#27;[36mAnd &amp#27;[0m&amp#27;[36mchoose country of instituteA&amp#27;[0m
    &amp#27;[36mAnd &amp#27;[0m&amp#27;[36mchoose city of instituteA "<cityofins-a>"&amp#27;[0m
    &amp#27;[36mAnd &amp#27;[0m&amp#27;[36mselect Qualification from InstituteA "<qualification-a>"&amp#27;[0m
    &amp#27;[36mAnd &amp#27;[0m&amp#27;[36mEnter CGPA got in InstituteA "<cgpa-a>"&amp#27;[0m
    &amp#27;[36mAnd &amp#27;[0m&amp#27;[36mchoose start date of InstituteA "<doj-ins-a>"&amp#27;[0m
    &amp#27;[36mAnd &amp#27;[0m&amp#27;[36mchoose ending date of InstitueA "<yop-ins-a>"&amp#27;[0m
    &amp#27;[36mAnd &amp#27;[0m&amp#27;[36mClick on Save Button of EduA&amp#27;[0m
    #  DELETE 2Q AND 3Q
    #When candidate clicks on delete Qb and Qc
    &amp#27;[36mWhen &amp#27;[0m&amp#27;[36mCandidate clicks on edit option of EducationB&amp#27;[0m
    &amp#27;[36mAnd &amp#27;[0m&amp#27;[36menters InstituteB Name "<institute-b>"&amp#27;[0m
    &amp#27;[36mAnd &amp#27;[0m&amp#27;[36mchoose country of instituteB&amp#27;[0m
    &amp#27;[36mAnd &amp#27;[0m&amp#27;[36mchoose city of instituteB "<cityofins-b>"&amp#27;[0m
    &amp#27;[36mAnd &amp#27;[0m&amp#27;[36mselect Qualification from InstituteB "<qualification-b>"&amp#27;[0m
    &amp#27;[36mAnd &amp#27;[0m&amp#27;[36mEnter CGPA got in InstituteB "<cgpa-b>"&amp#27;[0m
    &amp#27;[36mAnd &amp#27;[0m&amp#27;[36mchoose start date of InstituteB "<doj-ins-b>"&amp#27;[0m
    &amp#27;[36mAnd &amp#27;[0m&amp#27;[36mchoose ending date of InstitueB "<yop-ins-b>"&amp#27;[0m
    &amp#27;[36mAnd &amp#27;[0m&amp#27;[36mClick on Save Button of EduB&amp#27;[0m
    &amp#27;[36mWhen &amp#27;[0m&amp#27;[36mCandidate clicks on edit option of EducationC&amp#27;[0m
    &amp#27;[36mAnd &amp#27;[0m&amp#27;[36menters InstituteC Name "<institute-c>"&amp#27;[0m
    &amp#27;[36mAnd &amp#27;[0m&amp#27;[36mchoose country of instituteC&amp#27;[0m
    &amp#27;[36mAnd &amp#27;[0m&amp#27;[36mchoose city of instituteC "<cityofins-c>"&amp#27;[0m
    &amp#27;[36mAnd &amp#27;[0m&amp#27;[36mselect Qualification from InstituteC "<qualification-c>"&amp#27;[0m
    &amp#27;[36mAnd &amp#27;[0m&amp#27;[36mEnter CGPA got in InstituteC "<cgpa-c>"&amp#27;[0m
    &amp#27;[36mAnd &amp#27;[0m&amp#27;[36mchoose start date of InstituteC "<doj-ins-c>"&amp#27;[0m
    &amp#27;[36mAnd &amp#27;[0m&amp#27;[36mchoose ending date of InstitueC "<yop-ins-c>"&amp#27;[0m
    &amp#27;[36mAnd &amp#27;[0m&amp#27;[36mClick on Save Button of EduC&amp#27;[0m
    &amp#27;[36mWhen &amp#27;[0m&amp#27;[36mcandidate adds work experience&amp#27;[0m
    &amp#27;[36mWhen &amp#27;[0m&amp#27;[36mcandidate adds certifications&amp#27;[0m
    &amp#27;[36mThen &amp#27;[0m&amp#27;[36mcandidate clicks on add button of project&amp#27;[0m
    &amp#27;[36mWhen &amp#27;[0m&amp#27;[36mcandidate enters project title "<project-title>"&amp#27;[0m
    &amp#27;[36mAnd &amp#27;[0m&amp#27;[36mcandidate enters Description of project "<project-discription>"&amp#27;[0m
    &amp#27;[36mAnd &amp#27;[0m&amp#27;[36mCandidate selects project start and end dates&amp#27;[0m
    &amp#27;[36mAnd &amp#27;[0m&amp#27;[36mClick on Save button of project&amp#27;[0m
    &amp#27;[36mAnd &amp#27;[0m&amp#27;[36mCandidate click on next Button&amp#27;[0m
    &amp#27;[36mAnd &amp#27;[0m&amp#27;[36mcandidate rate for skills&amp#27;[0m
    &amp#27;[36mAnd &amp#27;[0m&amp#27;[36mcandidate click on submit button of Application&amp#27;[0m

    Examples: 

  @tag @Application
  Scenario Outline: Verify guest candidate able to fill job Application  &amp#27;[90m# 03_guestapply.feature:64&amp#27;[0m
    &amp#27;[31mGiven &amp#27;[0m&amp#27;[31mCandidate clicks on job link&amp#27;[0m                                   &amp#27;[90m# Stepdef.candidate_clicks_on_job_link()&amp#27;[0m
      &amp#27;[31mjava.lang.NullPointerException: null value in entry: url=null
      	at com.google.common.collect.CollectPreconditions.checkEntryNotNull(CollectPreconditions.java:32)
      	at com.google.common.collect.SingletonImmutableBiMap.<init>(SingletonImmutableBiMap.java:42)
      	at com.google.common.collect.ImmutableBiMap.of(ImmutableBiMap.java:72)
      	at com.google.common.collect.ImmutableMap.of(ImmutableMap.java:124)
      	at org.openqa.selenium.remote.RemoteWebDriver.get(RemoteWebDriver.java:277)
      	at org.openqa.selenium.remote.RemoteWebDriver$RemoteNavigation.to(RemoteWebDriver.java:857)
      	at stepdef.Stepdef.candidate_clicks_on_job_link(Stepdef.java:752)
      	at ?.Given Candidate clicks on job link(03_guestapply.feature:10)
      &amp#27;[0m
    &amp#27;[36mWhen &amp#27;[0m&amp#27;[36mCandidate clicks on apply button of Job&amp#27;[0m                         &amp#27;[90m# Stepdef.candidate_clicks_on_apply_button_of_Job()&amp#27;[0m
    &amp#27;[36mAnd &amp#27;[0m&amp#27;[36mcandidate choose to apply as guest&amp#27;[0m                               &amp#27;[90m# Stepdef.candidate_choose_to_apply_as_guest()&amp#27;[0m
    &amp#27;[36mAnd &amp#27;[0m&amp#27;[36mCandidate enters first name "&amp#27;[0m&amp#27;[36m&amp#27;[1muday&amp#27;[0m&amp#27;[36m"&amp#27;[0m                               &amp#27;[90m# Stepdef.candidate_enters_first_name(String)&amp#27;[0m
    &amp#27;[36mAnd &amp#27;[0m&amp#27;[36mCandidate enters last name "&amp#27;[0m&amp#27;[36m&amp#27;[1ma10&amp#27;[0m&amp#27;[36m"&amp#27;[0m                                 &amp#27;[90m# Stepdef.candidate_enters_last_name(String)&amp#27;[0m
    &amp#27;[36mAnd &amp#27;[0m&amp#27;[36mCandidate  chooses Country "&amp#27;[0m&amp#27;[36m&amp#27;[1mindia&amp#27;[0m&amp#27;[36m"&amp#27;[0m                               &amp#27;[90m# Stepdef.candidate_chooses_Country(String)&amp#27;[0m
    &amp#27;[36mAnd &amp#27;[0m&amp#27;[36mCandidate enters phone no "&amp#27;[0m&amp#27;[36m&amp#27;[1m6300630013&amp#27;[0m&amp#27;[36m"&amp#27;[0m                           &amp#27;[90m# Stepdef.candidate_enters_phone_no(String)&amp#27;[0m
    &amp#27;[36mAnd &amp#27;[0m&amp#27;[36mCandidate enters Email Address "&amp#27;[0m&amp#27;[36m&amp#27;[1muday@a13.com&amp#27;[0m&amp#27;[36m"&amp#27;[0m                    &amp#27;[90m# Stepdef.candidate_enters_Email_Address(String)&amp#27;[0m
    &amp#27;[36mAnd &amp#27;[0m&amp#27;[36mCandidate uploads his resume&amp#27;[0m                                     &amp#27;[90m# Stepdef.candidate_uploads_his_resume()&amp#27;[0m
    &amp#27;[36mThen &amp#27;[0m&amp#27;[36mCandidate accepts terms and conditions by clicking on checkbox&amp#27;[0m  &amp#27;[90m# Stepdef.candidate_accepts_terms_and_conditions_by_clicking_on_checkbox()&amp#27;[0m
    &amp#27;[36mAnd &amp#27;[0m&amp#27;[36mclicks on Next Button&amp#27;[0m                                            &amp#27;[90m# Stepdef.clicks_on_Next_Button()&amp#27;[0m
    &amp#27;[36mWhen &amp#27;[0m&amp#27;[36mcandidate fills about me text field&amp#27;[0m                             &amp#27;[90m# Stepdef.candidate_fills_about_me_text_field()&amp#27;[0m
    &amp#27;[36mWhen &amp#27;[0m&amp#27;[36mCandidate clicks on edit option of EducationA&amp#27;[0m                   &amp#27;[90m# Stepdef.candidate_clicks_on_edit_option_of_EducationA()&amp#27;[0m
    &amp#27;[36mAnd &amp#27;[0m&amp#27;[36menters InstituteA Name "&amp#27;[0m&amp#27;[36m&amp#27;[1mGITE&amp#27;[0m&amp#27;[36m"&amp#27;[0m                                    &amp#27;[90m# Stepdef.enters_InstituteA_Name(String)&amp#27;[0m
    &amp#27;[36mAnd &amp#27;[0m&amp#27;[36mchoose country of instituteA&amp#27;[0m                                     &amp#27;[90m# Stepdef.choose_country_of_instituteA()&amp#27;[0m
    &amp#27;[36mAnd &amp#27;[0m&amp#27;[36mchoose city of instituteA "&amp#27;[0m&amp#27;[36m&amp#27;[1mRjy&amp#27;[0m&amp#27;[36m"&amp#27;[0m                                  &amp#27;[90m# Stepdef.choose_city_of_instituteA(String)&amp#27;[0m
    &amp#27;[36mAnd &amp#27;[0m&amp#27;[36mselect Qualification from InstituteA "&amp#27;[0m&amp#27;[36m&amp#27;[1mBachelor's Degree&amp#27;[0m&amp#27;[36m"&amp#27;[0m         &amp#27;[90m# Stepdef.select_Qualification_from_InstituteA(String)&amp#27;[0m
    &amp#27;[36mAnd &amp#27;[0m&amp#27;[36mEnter CGPA got in InstituteA "&amp#27;[0m&amp#27;[36m&amp#27;[1m8.6&amp#27;[0m&amp#27;[36m"&amp#27;[0m                               &amp#27;[90m# Stepdef.enter_CGPA_got_in_InstituteA(String)&amp#27;[0m
    &amp#27;[36mAnd &amp#27;[0m&amp#27;[36mchoose start date of InstituteA "&amp#27;[0m&amp#27;[36m&amp#27;[1m12th june,2017&amp#27;[0m&amp#27;[36m"&amp#27;[0m                 &amp#27;[90m# Stepdef.choose_start_date_of_InstituteA(String)&amp#27;[0m
    &amp#27;[36mAnd &amp#27;[0m&amp#27;[36mchoose ending date of InstitueA "&amp#27;[0m&amp#27;[36m&amp#27;[1m30 April,2021&amp#27;[0m&amp#27;[36m"&amp#27;[0m                  &amp#27;[90m# Stepdef.choose_ending_date_of_InstitueA(String)&amp#27;[0m
    &amp#27;[36mAnd &amp#27;[0m&amp#27;[36mClick on Save Button of EduA&amp#27;[0m                                     &amp#27;[90m# Stepdef.click_on_Save_Button_of_EduA()&amp#27;[0m
    #  DELETE 2Q AND 3Q
    #When candidate clicks on delete Qb and Qc
    &amp#27;[36mWhen &amp#27;[0m&amp#27;[36mCandidate clicks on edit option of EducationB&amp#27;[0m                   &amp#27;[90m# Stepdef.candidate_clicks_on_edit_option_of_EducationB()&amp#27;[0m
    &amp#27;[36mAnd &amp#27;[0m&amp#27;[36menters InstituteB Name "&amp#27;[0m&amp#27;[36m&amp#27;[1mLyola&amp#27;[0m&amp#27;[36m"&amp#27;[0m                                   &amp#27;[90m# Stepdef.enters_InstituteB_Name(String)&amp#27;[0m
    &amp#27;[36mAnd &amp#27;[0m&amp#27;[36mchoose country of instituteB&amp#27;[0m                                     &amp#27;[90m# Stepdef.choose_country_of_instituteB()&amp#27;[0m
    &amp#27;[36mAnd &amp#27;[0m&amp#27;[36mchoose city of instituteB "&amp#27;[0m&amp#27;[36m&amp#27;[1mVij&amp#27;[0m&amp#27;[36m"&amp#27;[0m                                  &amp#27;[90m# Stepdef.choose_city_of_instituteB(String)&amp#27;[0m
    &amp#27;[36mAnd &amp#27;[0m&amp#27;[36mselect Qualification from InstituteB "&amp#27;[0m&amp#27;[36m&amp#27;[1mDiploma&amp#27;[0m&amp#27;[36m"&amp#27;[0m                   &amp#27;[90m# Stepdef.select_Qualification_from_InstituteB(String)&amp#27;[0m
    &amp#27;[36mAnd &amp#27;[0m&amp#27;[36mEnter CGPA got in InstituteB "&amp#27;[0m&amp#27;[36m&amp#27;[1m7.8&amp#27;[0m&amp#27;[36m"&amp#27;[0m                               &amp#27;[90m# Stepdef.enter_CGPA_got_in_InstituteB(String)&amp#27;[0m
    &amp#27;[36mAnd &amp#27;[0m&amp#27;[36mchoose start date of InstituteB "&amp#27;[0m&amp#27;[36m&amp#27;[1m12th june,2015&amp#27;[0m&amp#27;[36m"&amp#27;[0m                 &amp#27;[90m# Stepdef.choose_start_date_of_InstituteB(String)&amp#27;[0m
    &amp#27;[36mAnd &amp#27;[0m&amp#27;[36mchoose ending date of InstitueB "&amp#27;[0m&amp#27;[36m&amp#27;[1m30 April,2021&amp#27;[0m&amp#27;[36m"&amp#27;[0m                  &amp#27;[90m# Stepdef.choose_ending_date_of_InstitueB(String)&amp#27;[0m
    &amp#27;[36mAnd &amp#27;[0m&amp#27;[36mClick on Save Button of EduB&amp#27;[0m                                     &amp#27;[90m# Stepdef.click_on_Save_Button_of_EduB()&amp#27;[0m
    &amp#27;[36mWhen &amp#27;[0m&amp#27;[36mCandidate clicks on edit option of EducationC&amp#27;[0m                   &amp#27;[90m# Stepdef.candidate_clicks_on_edit_option_of_EducationC()&amp#27;[0m
    &amp#27;[36mAnd &amp#27;[0m&amp#27;[36menters InstituteC Name "&amp#27;[0m&amp#27;[36m&amp#27;[1mZPHS&amp#27;[0m&amp#27;[36m"&amp#27;[0m                                    &amp#27;[90m# Stepdef.enters_InstituteC_Name(String)&amp#27;[0m
    &amp#27;[36mAnd &amp#27;[0m&amp#27;[36mchoose country of instituteC&amp#27;[0m                                     &amp#27;[90m# Stepdef.choose_country_of_instituteC()&amp#27;[0m
    &amp#27;[36mAnd &amp#27;[0m&amp#27;[36mchoose city of instituteC "&amp#27;[0m&amp#27;[36m&amp#27;[1mskp&amp#27;[0m&amp#27;[36m"&amp#27;[0m                                  &amp#27;[90m# Stepdef.choose_city_of_instituteC(String)&amp#27;[0m
    &amp#27;[36mAnd &amp#27;[0m&amp#27;[36mselect Qualification from InstituteC "&amp#27;[0m&amp#27;[36m&amp#27;[1mHigh School or Equivalent&amp#27;[0m&amp#27;[36m"&amp#27;[0m &amp#27;[90m# Stepdef.select_Qualification_from_InstituteC(String)&amp#27;[0m
    &amp#27;[36mAnd &amp#27;[0m&amp#27;[36mEnter CGPA got in InstituteC "&amp#27;[0m&amp#27;[36m&amp#27;[1m8.2&amp#27;[0m&amp#27;[36m"&amp#27;[0m                               &amp#27;[90m# Stepdef.enter_CGPA_got_in_InstituteC(String)&amp#27;[0m
    &amp#27;[36mAnd &amp#27;[0m&amp#27;[36mchoose start date of InstituteC "&amp#27;[0m&amp#27;[36m&amp#27;[1m12th june,2015&amp#27;[0m&amp#27;[36m"&amp#27;[0m                 &amp#27;[90m# Stepdef.choose_start_date_of_InstituteC(String)&amp#27;[0m
    &amp#27;[36mAnd &amp#27;[0m&amp#27;[36mchoose ending date of InstitueC "&amp#27;[0m&amp#27;[36m&amp#27;[1m30 April,2021&amp#27;[0m&amp#27;[36m"&amp#27;[0m                  &amp#27;[90m# Stepdef.choose_ending_date_of_InstitueC(String)&amp#27;[0m
    &amp#27;[36mAnd &amp#27;[0m&amp#27;[36mClick on Save Button of EduC&amp#27;[0m                                     &amp#27;[90m# Stepdef.click_on_Save_Button_of_EduC()&amp#27;[0m
    &amp#27;[36mWhen &amp#27;[0m&amp#27;[36mcandidate adds work experience&amp#27;[0m                                  &amp#27;[90m# Stepdef.candidate_adds_work_experience()&amp#27;[0m
    &amp#27;[36mWhen &amp#27;[0m&amp#27;[36mcandidate adds certifications&amp#27;[0m                                   &amp#27;[90m# Stepdef.candidate_adds_certifications()&amp#27;[0m
    &amp#27;[36mThen &amp#27;[0m&amp#27;[36mcandidate clicks on add button of project&amp#27;[0m                       &amp#27;[90m# Stepdef.candidate_clicks_on_add_button_of_project()&amp#27;[0m
    &amp#27;[36mWhen &amp#27;[0m&amp#27;[36mcandidate enters project title "&amp#27;[0m&amp#27;[36m&amp#27;[1mERP Project&amp#27;[0m&amp#27;[36m"&amp#27;[0m                    &amp#27;[90m# Stepdef.candidate_enters_project_title(String)&amp#27;[0m
    &amp#27;[36mAnd &amp#27;[0m&amp#27;[36mcandidate enters Description of project "&amp#27;[0m&amp#27;[36m&amp#27;[1mStock Market&amp#27;[0m&amp#27;[36m"&amp#27;[0m           &amp#27;[90m# Stepdef.candidate_enters_Description_of_project(String)&amp#27;[0m
    &amp#27;[36mAnd &amp#27;[0m&amp#27;[36mCandidate selects project start and end dates&amp#27;[0m                    &amp#27;[90m# Stepdef.candidate_selects_project_start_and_end_dates()&amp#27;[0m
    &amp#27;[36mAnd &amp#27;[0m&amp#27;[36mClick on Save button of project&amp#27;[0m                                  &amp#27;[90m# Stepdef.click_on_Save_button_of_project()&amp#27;[0m
    &amp#27;[36mAnd &amp#27;[0m&amp#27;[36mCandidate click on next Button&amp#27;[0m                                   &amp#27;[90m# Stepdef.candidate_click_on_next_Button()&amp#27;[0m
    &amp#27;[36mAnd &amp#27;[0m&amp#27;[36mcandidate rate for skills&amp#27;[0m                                        &amp#27;[90m# Stepdef.candidate_rate_for_skills()&amp#27;[0m
    &amp#27;[36mAnd &amp#27;[0m&amp#27;[36mcandidate click on submit button of Application&amp#27;[0m                  &amp#27;[90m# Stepdef.candidate_click_on_submit_button_of_Application()&amp#27;[0m
]]></system-out>
    <system-err><![CDATA[Starting ChromeDriver 107.0.5304.62 (1eec40d3a5764881c92085aaee66d25075c159aa-refs/branch-heads/5304@{#942}) on port 16615
Only local connections are allowed.
Please see https://chromedriver.chromium.org/security-considerations for suggestions on keeping ChromeDriver safe.
ChromeDriver was started successfully.
Nov 19, 2022 1:44:32 PM org.openqa.selenium.remote.ProtocolHandshake createSession
INFO: Detected dialect: W3C
]]></system-err>
  </testcase>
  <testcase name="feature[Application info page](4)" classname="testrunners.Testrunners" time="27.246">
    <failure message="org.openqa.selenium.TimeoutException: Expected condition failed: waiting for element to be clickable: By.xpath: (//a[@class=&apos;bx--header__menu-item&apos;])[3] (tried for 20 second(s) with 500 milliseconds interval)" type="cucumber.runtime.CucumberException"><![CDATA[cucumber.runtime.CucumberException: org.openqa.selenium.TimeoutException: Expected condition failed: waiting for element to be clickable: By.xpath: (//a[@class='bx--header__menu-item'])[3] (tried for 20 second(s) with 500 milliseconds interval)
Caused by: org.openqa.selenium.TimeoutException: Expected condition failed: waiting for element to be clickable: By.xpath: (//a[@class='bx--header__menu-item'])[3] (tried for 20 second(s) with 500 milliseconds interval)
Caused by: org.openqa.selenium.NoSuchElementException: 
no such element: Unable to locate element: {"method":"xpath","selector":"(//a[@class='bx--header__menu-item'])[3]"}
  (Session info: chrome=107.0.5304.107)
For documentation on this error, please visit: https://www.seleniumhq.org/exceptions/no_such_element.html
Build info: version: '3.141.59', revision: 'e82be7d358', time: '2018-11-14T08:17:03'
System info: host: 'PAUL', ip: '192.168.1.3', os.name: 'Windows 11', os.arch: 'amd64', os.version: '10.0', java.version: '11.0.16'
Driver info: org.openqa.selenium.chrome.ChromeDriver
Capabilities {acceptInsecureCerts: false, browserName: chrome, browserVersion: 107.0.5304.107, chrome: {chromedriverVersion: 107.0.5304.62 (1eec40d3a576..., userDataDir: C:\Users\paul\AppData\Local...}, goog:chromeOptions: {debuggerAddress: localhost:51794}, javascriptEnabled: true, networkConnectionEnabled: false, pageLoadStrategy: normal, platform: WINDOWS, platformName: WINDOWS, proxy: Proxy(), setWindowRect: true, strictFileInteractability: false, timeouts: {implicit: 0, pageLoad: 300000, script: 30000}, unhandledPromptBehavior: dismiss and notify, webauthn:extension:credBlob: true, webauthn:extension:largeBlob: true, webauthn:virtualAuthenticators: true}
Session ID: 001d90f594ca1468b003b1b38c39fba6
*** Element info: {Using=xpath, value=(//a[@class='bx--header__menu-item'])[3]}
]]></failure>
    <system-out><![CDATA[@tag
Feature: Application info page
  I want to use this to verify login and logout

  @tag1
  Scenario: verify login and logout functionality                      &amp#27;[90m# 04_application.feature:6&amp#27;[0m
    &amp#27;[32mGiven &amp#27;[0m&amp#27;[32mLaunch Application using valid URL&amp#27;[0m                           &amp#27;[90m# Stepdef.launch_Application_using_valid_URL()&amp#27;[0m
    &amp#27;[32mThen &amp#27;[0m&amp#27;[32maccept cookies and choose login type&amp#27;[0m                          &amp#27;[90m# Stepdef.accept_cookies_and_choose_login_type()&amp#27;[0m
    &amp#27;[32mWhen &amp#27;[0m&amp#27;[32menters valid credentials "&amp#27;[0m&amp#27;[32m&amp#27;[1mpaul@trainingqa.com&amp#27;[0m&amp#27;[32m" and "&amp#27;[0m&amp#27;[32m&amp#27;[1mXPAStag0&amp#27;[0m&amp#27;[32m"&amp#27;[0m &amp#27;[90m# Stepdef.enters_valid_credentials_and(String,String)&amp#27;[0m
    &amp#27;[32mThen &amp#27;[0m&amp#27;[32mverify captcha and click on Login button&amp#27;[0m                      &amp#27;[90m# Stepdef.verify_captcha_and_click_on_Login_button()&amp#27;[0m
    &amp#27;[31mThen &amp#27;[0m&amp#27;[31mRecruiter clicks on source menu&amp#27;[0m                               &amp#27;[90m# Stepdef.recruiter_clicks_on_source_menu()&amp#27;[0m
      &amp#27;[31morg.openqa.selenium.TimeoutException: Expected condition failed: waiting for element to be clickable: By.xpath: (//a[@class='bx--header__menu-item'])[3] (tried for 20 second(s) with 500 milliseconds interval)
      	at org.openqa.selenium.support.ui.WebDriverWait.timeoutException(WebDriverWait.java:95)
      	at org.openqa.selenium.support.ui.FluentWait.until(FluentWait.java:272)
      	at stepdef.Stepdef.recruiter_clicks_on_source_menu(Stepdef.java:1287)
      	at ?.Then Recruiter clicks on source menu(04_application.feature:11)
      Caused by: org.openqa.selenium.NoSuchElementException: no such element: Unable to locate element: {"method":"xpath","selector":"(//a[@class='bx--header__menu-item'])[3]"}
        (Session info: chrome=107.0.5304.107)
      For documentation on this error, please visit: https://www.seleniumhq.org/exceptions/no_such_element.html
      Build info: version: '3.141.59', revision: 'e82be7d358', time: '2018-11-14T08:17:03'
      System info: host: 'PAUL', ip: '192.168.1.3', os.name: 'Windows 11', os.arch: 'amd64', os.version: '10.0', java.version: '11.0.16'
      Driver info: org.openqa.selenium.chrome.ChromeDriver
      Capabilities {acceptInsecureCerts: false, browserName: chrome, browserVersion: 107.0.5304.107, chrome: {chromedriverVersion: 107.0.5304.62 (1eec40d3a576..., userDataDir: C:\Users\paul\AppData\Local...}, goog:chromeOptions: {debuggerAddress: localhost:51794}, javascriptEnabled: true, networkConnectionEnabled: false, pageLoadStrategy: normal, platform: WINDOWS, platformName: WINDOWS, proxy: Proxy(), setWindowRect: true, strictFileInteractability: false, timeouts: {implicit: 0, pageLoad: 300000, script: 30000}, unhandledPromptBehavior: dismiss and notify, webauthn:extension:credBlob: true, webauthn:extension:largeBlob: true, webauthn:virtualAuthenticators: true}
      Session ID: 001d90f594ca1468b003b1b38c39fba6
      *** Element info: {Using=xpath, value=(//a[@class='bx--header__menu-item'])[3]}
      	at java.base/jdk.internal.reflect.NativeConstructorAccessorImpl.newInstance0(Native Method)
      	at java.base/jdk.internal.reflect.NativeConstructorAccessorImpl.newInstance(NativeConstructorAccessorImpl.java:62)
      	at java.base/jdk.internal.reflect.DelegatingConstructorAccessorImpl.newInstance(DelegatingConstructorAccessorImpl.java:45)
      	at java.base/java.lang.reflect.Constructor.newInstance(Constructor.java:490)
      	at org.openqa.selenium.remote.http.W3CHttpResponseCodec.createException(W3CHttpResponseCodec.java:187)
      	at org.openqa.selenium.remote.http.W3CHttpResponseCodec.decode(W3CHttpResponseCodec.java:122)
      	at org.openqa.selenium.remote.http.W3CHttpResponseCodec.decode(W3CHttpResponseCodec.java:49)
      	at org.openqa.selenium.remote.HttpCommandExecutor.execute(HttpCommandExecutor.java:158)
      	at org.openqa.selenium.remote.service.DriverCommandExecutor.execute(DriverCommandExecutor.java:83)
      	at org.openqa.selenium.remote.RemoteWebDriver.execute(RemoteWebDriver.java:552)
      	at org.openqa.selenium.remote.RemoteWebDriver.findElement(RemoteWebDriver.java:323)
      	at org.openqa.selenium.remote.RemoteWebDriver.findElementByXPath(RemoteWebDriver.java:428)
      	at org.openqa.selenium.By$ByXPath.findElement(By.java:353)
      	at org.openqa.selenium.remote.RemoteWebDriver.findElement(RemoteWebDriver.java:315)
      	at org.openqa.selenium.support.ui.ExpectedConditions$7.apply(ExpectedConditions.java:205)
      	at org.openqa.selenium.support.ui.ExpectedConditions$7.apply(ExpectedConditions.java:201)
      	at org.openqa.selenium.support.ui.ExpectedConditions$22.apply(ExpectedConditions.java:641)
      	at org.openqa.selenium.support.ui.ExpectedConditions$22.apply(ExpectedConditions.java:638)
      	at org.openqa.selenium.support.ui.FluentWait.until(FluentWait.java:249)
      	at stepdef.Stepdef.recruiter_clicks_on_source_menu(Stepdef.java:1287)
      	at java.base/jdk.internal.reflect.NativeMethodAccessorImpl.invoke0(Native Method)
      	at java.base/jdk.internal.reflect.NativeMethodAccessorImpl.invoke(NativeMethodAccessorImpl.java:62)
      	at java.base/jdk.internal.reflect.DelegatingMethodAccessorImpl.invoke(DelegatingMethodAccessorImpl.java:43)
      	at java.base/java.lang.reflect.Method.invoke(Method.java:566)
      	at cucumber.runtime.Utils$1.call(Utils.java:40)
      	at cucumber.runtime.Timeout.timeout(Timeout.java:16)
      	at cucumber.runtime.Utils.invoke(Utils.java:34)
      	at cucumber.runtime.java.JavaStepDefinition.execute(JavaStepDefinition.java:38)
      	at cucumber.runtime.StepDefinitionMatch.runStep(StepDefinitionMatch.java:37)
      	at cucumber.runtime.Runtime.runStep(Runtime.java:300)
      	at cucumber.runtime.model.StepContainer.runStep(StepContainer.java:44)
      	at cucumber.runtime.model.StepContainer.runSteps(StepContainer.java:39)
      	at cucumber.runtime.model.CucumberScenario.run(CucumberScenario.java:44)
      	at cucumber.runtime.model.CucumberFeature.run(CucumberFeature.java:165)
      	at cucumber.api.testng.TestNGCucumberRunner.runCucumber(TestNGCucumberRunner.java:63)
      	at cucumber.api.testng.AbstractTestNGCucumberTests.feature(AbstractTestNGCucumberTests.java:21)
      	at java.base/jdk.internal.reflect.NativeMethodAccessorImpl.invoke0(Native Method)
      	at java.base/jdk.internal.reflect.NativeMethodAccessorImpl.invoke(NativeMethodAccessorImpl.java:62)
      	at java.base/jdk.internal.reflect.DelegatingMethodAccessorImpl.invoke(DelegatingMethodAccessorImpl.java:43)
      	at java.base/java.lang.reflect.Method.invoke(Method.java:566)
      	at org.testng.internal.MethodInvocationHelper.invokeMethod(MethodInvocationHelper.java:124)
      	at org.testng.internal.Invoker.invokeMethod(Invoker.java:583)
      	at org.testng.internal.Invoker.invokeTestMethod(Invoker.java:719)
      	at org.testng.internal.Invoker.invokeTestMethods(Invoker.java:989)
      	at org.testng.internal.TestMethodWorker.invokeTestMethods(TestMethodWorker.java:125)
      	at org.testng.internal.TestMethodWorker.run(TestMethodWorker.java:109)
      	at org.testng.TestRunner.privateRun(TestRunner.java:648)
      	at org.testng.TestRunner.run(TestRunner.java:505)
      	at org.testng.SuiteRunner.runTest(SuiteRunner.java:455)
      	at org.testng.SuiteRunner.runSequentially(SuiteRunner.java:450)
      	at org.testng.SuiteRunner.privateRun(SuiteRunner.java:415)
      	at org.testng.SuiteRunner.run(SuiteRunner.java:364)
      	at org.testng.SuiteRunnerWorker.runSuite(SuiteRunnerWorker.java:52)
      	at org.testng.SuiteRunnerWorker.run(SuiteRunnerWorker.java:84)
      	at org.testng.TestNG.runSuitesSequentially(TestNG.java:1208)
      	at org.testng.TestNG.runSuitesLocally(TestNG.java:1137)
      	at org.testng.TestNG.runSuites(TestNG.java:1049)
      	at org.testng.TestNG.run(TestNG.java:1017)
      	at org.apache.maven.surefire.testng.TestNGExecutor.run(TestNGExecutor.java:136)
      	at org.apache.maven.surefire.testng.TestNGDirectoryTestSuite.executeSingleClass(TestNGDirectoryTestSuite.java:112)
      	at org.apache.maven.surefire.testng.TestNGDirectoryTestSuite.execute(TestNGDirectoryTestSuite.java:99)
      	at org.apache.maven.surefire.testng.TestNGProvider.invoke(TestNGProvider.java:145)
      	at org.apache.maven.surefire.booter.ForkedBooter.runSuitesInProcess(ForkedBooter.java:428)
      	at org.apache.maven.surefire.booter.ForkedBooter.execute(ForkedBooter.java:162)
      	at org.apache.maven.surefire.booter.ForkedBooter.run(ForkedBooter.java:562)
      	at org.apache.maven.surefire.booter.ForkedBooter.main(ForkedBooter.java:548)
      &amp#27;[0m
    &amp#27;[36mThen &amp#27;[0m&amp#27;[36mRecruiter clicks on all applicants section&amp#27;[0m                    &amp#27;[90m# Stepdef.recruiter_clicks_on_all_applicants_section()&amp#27;[0m
    &amp#27;[36mThen &amp#27;[0m&amp#27;[36mRecruiter clicks on any Application&amp#27;[0m                           &amp#27;[90m# Stepdef.recruiter_clicks_on_any_Application()&amp#27;[0m
    #Then Recruiter downloads cv of applicant
    #Then Recruiter downloads report of candidate
    &amp#27;[36mWhen &amp#27;[0m&amp#27;[36mRecruiter clicks on candidates Resume&amp#27;[0m                         &amp#27;[90m# Stepdef.recruiter_clicks_on_candidates_Resume()&amp#27;[0m
    &amp#27;[36mWhen &amp#27;[0m&amp#27;[36mRecruiter clicks on candidates Interview Status&amp#27;[0m               &amp#27;[90m# Stepdef.recruiter_clicks_on_candidates_Interview_Status()&amp#27;[0m
    &amp#27;[36mThen &amp#27;[0m&amp#27;[36mRecruiter enables autosend pre screening Questions&amp#27;[0m            &amp#27;[90m# Stepdef.recruiter_enables_autosend_pre_screening_Questions()&amp#27;[0m
    &amp#27;[36mThen &amp#27;[0m&amp#27;[36mRecruiter shortlists the candidate&amp#27;[0m                            &amp#27;[90m# Stepdef.recruiter_shortlists_the_candidate()&amp#27;[0m
    &amp#27;[36mThen &amp#27;[0m&amp#27;[36mRecruiter sends shortlist Mail&amp#27;[0m                                &amp#27;[90m# Stepdef.recruiter_sends_shortlist_Mail()&amp#27;[0m
    &amp#27;[36mThen &amp#27;[0m&amp#27;[36mRecruiter choose already have concent option&amp#27;[0m                  &amp#27;[90m# Stepdef.recruiter_choose_already_have_concent_option()&amp#27;[0m
    &amp#27;[36mThen &amp#27;[0m&amp#27;[36mRecruiter clicks on add pre interview stage button&amp#27;[0m            &amp#27;[90m# Stepdef.recruiter_clicks_on_add_pre_interview_stage_button()&amp#27;[0m
    &amp#27;[36mThen &amp#27;[0m&amp#27;[36mRecruiter clicks on add interview stage button&amp#27;[0m                &amp#27;[90m# Stepdef.recruiter_clicks_on_add_interview_stage_button()&amp#27;[0m
    &amp#27;[36mThen &amp#27;[0m&amp#27;[36mRecruiter chooses Interview type phone round&amp#27;[0m                  &amp#27;[90m# Stepdef.recruiter_chooses_Interview_type()&amp#27;[0m
    &amp#27;[36mThen &amp#27;[0m&amp#27;[36mRecruiter schedules interview by clicking on blue arrow&amp#27;[0m       &amp#27;[90m# Stepdef.recruiter_schedules_interview_by_clicking_on_blue_arrow()&amp#27;[0m
    &amp#27;[36mThen &amp#27;[0m&amp#27;[36mRecruiter clicks on checkbox to directly send invite&amp#27;[0m          &amp#27;[90m# Stepdef.recruiter_clicks_on_checkbox_to_directly_send_invite()&amp#27;[0m
    &amp#27;[36mThen &amp#27;[0m&amp#27;[36mRecruiter chooses Interview date and time&amp#27;[0m                     &amp#27;[90m# Stepdef.recruiter_chooses_Interview_date_and_time()&amp#27;[0m
    &amp#27;[36mThen &amp#27;[0m&amp#27;[36mrecruiter clicks on end time&amp#27;[0m                                  &amp#27;[90m# Stepdef.recruiter_clicks_on_end_time()&amp#27;[0m
    &amp#27;[36mThen &amp#27;[0m&amp#27;[36mRecruiter clicks on schedule an interview button&amp#27;[0m              &amp#27;[90m# Stepdef.recruiter_clicks_on_schedule_an_interview_button()&amp#27;[0m
    &amp#27;[36mThen &amp#27;[0m&amp#27;[36mRecruiter clicks on yes if candidate attended interview&amp#27;[0m       &amp#27;[90m# Stepdef.recruiter_clicks_on_yes_if_candidate_attended_interview()&amp#27;[0m
    &amp#27;[36mThen &amp#27;[0m&amp#27;[36mRecruiter clicks on mark this stage as complete&amp#27;[0m               &amp#27;[90m# Stepdef.recruiter_clicks_on_mark_this_stage_as_complete()&amp#27;[0m
    &amp#27;[36mThen &amp#27;[0m&amp#27;[36mrecruiter gives feedback on interview&amp#27;[0m                         &amp#27;[90m# Stepdef.recruiter_gives_feedback_on_interview()&amp#27;[0m
    &amp#27;[36mThen &amp#27;[0m&amp#27;[36mrecruiter rates candidate&amp#27;[0m                                     &amp#27;[90m# Stepdef.recruiter_rates_candidate()&amp#27;[0m
    &amp#27;[36mThen &amp#27;[0m&amp#27;[36mrecruiter accepts candidate&amp#27;[0m                                   &amp#27;[90m# Stepdef.recruiter_accepts_candidate()&amp#27;[0m
    #       SECOND INTERVIEW ROUND
    &amp#27;[36mThen &amp#27;[0m&amp#27;[36mRecruiter again clicks on add interview stage button&amp#27;[0m          &amp#27;[90m# Stepdef.recruiter_again_clicks_on_add_interview_stage_button()&amp#27;[0m
    &amp#27;[36mThen &amp#27;[0m&amp#27;[36mRecruiter chooses Interview type Onsite&amp#27;[0m                       &amp#27;[90m# Stepdef.recruiter_chooses_Interview_type_Onsite()&amp#27;[0m
    &amp#27;[36mThen &amp#27;[0m&amp#27;[36mrecruiter chooses onsite round&amp#27;[0m                                &amp#27;[90m# Stepdef.recruiter_chooses_onsite_round()&amp#27;[0m
    &amp#27;[36mThen &amp#27;[0m&amp#27;[36mRecruiter clicks on checkbox to directly send invite&amp#27;[0m          &amp#27;[90m# Stepdef.recruiter_clicks_on_checkbox_to_directly_send_invite()&amp#27;[0m
    &amp#27;[36mThen &amp#27;[0m&amp#27;[36mRecruiter chooses Interview date and time&amp#27;[0m                     &amp#27;[90m# Stepdef.recruiter_chooses_Interview_date_and_time()&amp#27;[0m
    &amp#27;[36mThen &amp#27;[0m&amp#27;[36mrecruiter clicks on end time&amp#27;[0m                                  &amp#27;[90m# Stepdef.recruiter_clicks_on_end_time()&amp#27;[0m
    &amp#27;[36mThen &amp#27;[0m&amp#27;[36mRecruiter clicks on schedule an interview button&amp#27;[0m              &amp#27;[90m# Stepdef.recruiter_clicks_on_schedule_an_interview_button()&amp#27;[0m
    &amp#27;[36mThen &amp#27;[0m&amp#27;[36mRecruiter clicks on yes if candidate attended interview&amp#27;[0m       &amp#27;[90m# Stepdef.recruiter_clicks_on_yes_if_candidate_attended_interview()&amp#27;[0m
    &amp#27;[36mThen &amp#27;[0m&amp#27;[36mRecruiter clicks on mark this stage as complete&amp#27;[0m               &amp#27;[90m# Stepdef.recruiter_clicks_on_mark_this_stage_as_complete()&amp#27;[0m
    &amp#27;[36mThen &amp#27;[0m&amp#27;[36mrecruiter gives feedback on interview&amp#27;[0m                         &amp#27;[90m# Stepdef.recruiter_gives_feedback_on_interview()&amp#27;[0m
    &amp#27;[36mThen &amp#27;[0m&amp#27;[36mrecruiter rates candidate&amp#27;[0m                                     &amp#27;[90m# Stepdef.recruiter_rates_candidate()&amp#27;[0m
    &amp#27;[36mThen &amp#27;[0m&amp#27;[36mrecruiter accepts candidate&amp#27;[0m                                   &amp#27;[90m# Stepdef.recruiter_accepts_candidate()&amp#27;[0m
    #     ONLINE INTERVIEW ROUND
    &amp#27;[36mThen &amp#27;[0m&amp#27;[36magain recruiter clicks on add interview stage button&amp#27;[0m          &amp#27;[90m# Stepdef.again_recruiter_clicks_on_add_interview_stage_button()&amp#27;[0m
    &amp#27;[36mThen &amp#27;[0m&amp#27;[36mRecruiter chooses Interview type Online&amp#27;[0m                       &amp#27;[90m# Stepdef.recruiter_chooses_Interview_type_Online()&amp#27;[0m
    &amp#27;[36mThen &amp#27;[0m&amp#27;[36mRecruiter clicks on checkbox to directly send invite&amp#27;[0m          &amp#27;[90m# Stepdef.recruiter_clicks_on_checkbox_to_directly_send_invite()&amp#27;[0m
    &amp#27;[36mThen &amp#27;[0m&amp#27;[36mRecruiter chooses Interview date and time&amp#27;[0m                     &amp#27;[90m# Stepdef.recruiter_chooses_Interview_date_and_time()&amp#27;[0m
    &amp#27;[36mThen &amp#27;[0m&amp#27;[36mrecruiter clicks on end time&amp#27;[0m                                  &amp#27;[90m# Stepdef.recruiter_clicks_on_end_time()&amp#27;[0m
    &amp#27;[36mWhen &amp#27;[0m&amp#27;[36mrecruiter choose meeting type&amp#27;[0m                                 &amp#27;[90m# Stepdef.recruiter_choose_meeting_type()&amp#27;[0m
    &amp#27;[36mThen &amp#27;[0m&amp#27;[36mRecruiter clicks on schedule an interview button&amp#27;[0m              &amp#27;[90m# Stepdef.recruiter_clicks_on_schedule_an_interview_button()&amp#27;[0m
    &amp#27;[36mThen &amp#27;[0m&amp#27;[36mrecruiter clicks on start meeting button&amp#27;[0m                      &amp#27;[90m# Stepdef.recruiter_clicks_on_start_meeting_button()&amp#27;[0m
    &amp#27;[36mThen &amp#27;[0m&amp#27;[36mRecruiter clicks on yes if candidate attended interview&amp#27;[0m       &amp#27;[90m# Stepdef.recruiter_clicks_on_yes_if_candidate_attended_interview()&amp#27;[0m
    &amp#27;[36mThen &amp#27;[0m&amp#27;[36mRecruiter clicks on mark this stage as complete&amp#27;[0m               &amp#27;[90m# Stepdef.recruiter_clicks_on_mark_this_stage_as_complete()&amp#27;[0m
    &amp#27;[36mThen &amp#27;[0m&amp#27;[36mrecruiter gives feedback on interview&amp#27;[0m                         &amp#27;[90m# Stepdef.recruiter_gives_feedback_on_interview()&amp#27;[0m
    &amp#27;[36mThen &amp#27;[0m&amp#27;[36mrecruiter rates candidate&amp#27;[0m                                     &amp#27;[90m# Stepdef.recruiter_rates_candidate()&amp#27;[0m
    &amp#27;[36mThen &amp#27;[0m&amp#27;[36mrecruiter accepts candidate&amp#27;[0m                                   &amp#27;[90m# Stepdef.recruiter_accepts_candidate()&amp#27;[0m
    #     Coding/Whiteboard Assessment
    #Then recruiter chooses Coding or Whiteboard Assessment
    &amp#27;[36mThen &amp#27;[0m&amp#27;[36mrecruiter takes final decision on interview&amp#27;[0m                   &amp#27;[90m# Stepdef.recruiter_takes_final_decision_on_interview()&amp#27;[0m
    &amp#27;[36mThen &amp#27;[0m&amp#27;[36mrecruiter sends offer concent&amp#27;[0m                                 &amp#27;[90m# Stepdef.recruiter_sends_offer_concent()&amp#27;[0m
    &amp#27;[36mThen &amp#27;[0m&amp#27;[36mrecruiter resends offer concent&amp#27;[0m                               &amp#27;[90m# Stepdef.recruiter_resends_offer_concent()&amp#27;[0m
    &amp#27;[36mThen &amp#27;[0m&amp#27;[36mrecruiter skips offer concent&amp#27;[0m                                 &amp#27;[90m# Stepdef.recruiter_skips_offer_concent()&amp#27;[0m
    &amp#27;[36mThen &amp#27;[0m&amp#27;[36mrecruiter clicks on add offer to add offer details&amp#27;[0m            &amp#27;[90m# Stepdef.recruiter_clicks_on_add_offer_to_add_offer_details()&amp#27;[0m
    &amp#27;[36mThen &amp#27;[0m&amp#27;[36mrecruiter clicks on send offer added&amp#27;[0m                          &amp#27;[90m# Stepdef.recruiter_clicks_on_send_offer_added()&amp#27;[0m
    &amp#27;[36mAnd &amp#27;[0m&amp#27;[36mRecruiter clicks on candidates Approvals Table&amp#27;[0m                 &amp#27;[90m# Stepdef.recruiter_clicks_on_candidates_Approvals_Table()&amp#27;[0m
    &amp#27;[36mAnd &amp#27;[0m&amp#27;[36mRecruiter clicks on candidates Collaborators&amp#27;[0m                   &amp#27;[90m# Stepdef.recruiter_clicks_on_candidates_Collaborators()&amp#27;[0m
    &amp#27;[36mAnd &amp#27;[0m&amp#27;[36mRecruiter clicks on candidates Applicant Notes&amp#27;[0m                 &amp#27;[90m# Stepdef.recruiter_clicks_on_candidates_Applicant_Notes()&amp#27;[0m
    &amp#27;[36mAnd &amp#27;[0m&amp#27;[36mRecruiter clicks on candidates References&amp#27;[0m                      &amp#27;[90m# Stepdef.recruiter_clicks_on_candidates_References()&amp#27;[0m
    &amp#27;[36mAnd &amp#27;[0m&amp#27;[36mRecruiter clicks on candidates Offer Information&amp#27;[0m               &amp#27;[90m# Stepdef.recruiter_clicks_on_candidates_Offer_Information()&amp#27;[0m
    &amp#27;[36mAnd &amp#27;[0m&amp#27;[36mRecruiter clicks on candidates Other Jobs Applied&amp#27;[0m              &amp#27;[90m# Stepdef.recruiter_clicks_on_candidates_Other_Jobs_Applied()&amp#27;[0m
    &amp#27;[36mAnd &amp#27;[0m&amp#27;[36mRecruiter clicks on candidates Suitable Jobs&amp#27;[0m                   &amp#27;[90m# Stepdef.recruiter_clicks_on_candidates_Suitable_Jobs()&amp#27;[0m
    #And Recruiter clicks on candidates Chat with candidate
    &amp#27;[36mAnd &amp#27;[0m&amp#27;[36mRecruiter clicks on candidates Post Hire Feedback&amp#27;[0m              &amp#27;[90m# Stepdef.recruiter_clicks_on_candidates_Post_Hire_Feedback()&amp#27;[0m
    &amp#27;[36mAnd &amp#27;[0m&amp#27;[36mRecruiter clicks on candidates Onboarding&amp#27;[0m                      &amp#27;[90m# Stepdef.recruiter_clicks_on_candidates_Onboarding()&amp#27;[0m
    &amp#27;[36mThen &amp#27;[0m&amp#27;[36mrecruiter clicks on Add template&amp#27;[0m                              &amp#27;[90m# Stepdef.recruiter_clicks_on_Add_template()&amp#27;[0m
    #Then recruiter clicks on create new template
    #Then recruiter names the template and submit
    #Then recruiter clicks on add stage
    #Then recruiter names the stage Instructions to candidate Submit
    #Then recruiter clicks on stage dropdown and click on add doc
    #Then recruiter gives name to doc and add notes then submit
    #Then recruiter clicks on onboarding link available at TLC
    #Then recruiter clicks on add candidate
    #Then select job select candidate select template
    #Then click on invite candidate
    &amp#27;[36mThen &amp#27;[0m&amp#27;[36mrecruiter select required template and submit&amp#27;[0m                 &amp#27;[90m# Stepdef.recruiter_select_required_template_and_submit()&amp#27;[0m
    &amp#27;[36mAnd &amp#27;[0m&amp#27;[36mRecruiter clicks on candidates Timeline&amp#27;[0m                        &amp#27;[90m# Stepdef.recruiter_clicks_on_candidates_Timeline()&amp#27;[0m
    &amp#27;[36mAnd &amp#27;[0m&amp#27;[36mRecruiter clicks on candidates Contact Numbers&amp#27;[0m                 &amp#27;[90m# Stepdef.recruiter_clicks_on_candidates_Contact_Numbers()&amp#27;[0m
]]></system-out>
    <system-err><![CDATA[Starting ChromeDriver 107.0.5304.62 (1eec40d3a5764881c92085aaee66d25075c159aa-refs/branch-heads/5304@{#942}) on port 12907
Only local connections are allowed.
Please see https://chromedriver.chromium.org/security-considerations for suggestions on keeping ChromeDriver safe.
ChromeDriver was started successfully.
Nov 19, 2022 1:44:33 PM org.openqa.selenium.remote.ProtocolHandshake createSession
INFO: Detected dialect: W3C
]]></system-err>
  </testcase>
  <testcase name="feature[Bulk Upload feature](5)" classname="testrunners.Testrunners" time="25.068">
    <failure message="org.openqa.selenium.NoSuchElementException: no such element: Unable to locate element: {&quot;method&quot;:&quot;link text&quot;,&quot;selector&quot;:&quot;Employer Login&quot;}&#10;  (Session info: chrome=107.0.5304.107)&#10;For documentation on this error, please visit: https://www.seleniumhq.org/exceptions/no_such_element.html&#10;Build info: version: &apos;3.141.59&apos;, revision: &apos;e82be7d358&apos;, time: &apos;2018-11-14T08:17:03&apos;&#10;System info: host: &apos;PAUL&apos;, ip: &apos;192.168.1.3&apos;, os.name: &apos;Windows 11&apos;, os.arch: &apos;amd64&apos;, os.version: &apos;10.0&apos;, java.version: &apos;11.0.16&apos;&#10;Driver info: org.openqa.selenium.chrome.ChromeDriver&#10;Capabilities {acceptInsecureCerts: false, browserName: chrome, browserVersion: 107.0.5304.107, chrome: {chromedriverVersion: 107.0.5304.62 (1eec40d3a576..., userDataDir: C:\Users\paul\AppData\Local...}, goog:chromeOptions: {debuggerAddress: localhost:51908}, javascriptEnabled: true, networkConnectionEnabled: false, pageLoadStrategy: normal, platform: WINDOWS, platformName: WINDOWS, proxy: Proxy(), setWindowRect: true, strictFileInteractability: false, timeouts: {implicit: 0, pageLoad: 300000, script: 30000}, unhandledPromptBehavior: dismiss and notify, webauthn:extension:credBlob: true, webauthn:extension:largeBlob: true, webauthn:virtualAuthenticators: true}&#10;Session ID: 2e1ee8234db8f53b2e11f6e522b4dc25&#10;*** Element info: {Using=link text, value=Employer Login}" type="cucumber.runtime.CucumberException"><![CDATA[cucumber.runtime.CucumberException: 
org.openqa.selenium.NoSuchElementException: no such element: Unable to locate element: {"method":"link text","selector":"Employer Login"}
  (Session info: chrome=107.0.5304.107)
For documentation on this error, please visit: https://www.seleniumhq.org/exceptions/no_such_element.html
Build info: version: '3.141.59', revision: 'e82be7d358', time: '2018-11-14T08:17:03'
System info: host: 'PAUL', ip: '192.168.1.3', os.name: 'Windows 11', os.arch: 'amd64', os.version: '10.0', java.version: '11.0.16'
Driver info: org.openqa.selenium.chrome.ChromeDriver
Capabilities {acceptInsecureCerts: false, browserName: chrome, browserVersion: 107.0.5304.107, chrome: {chromedriverVersion: 107.0.5304.62 (1eec40d3a576..., userDataDir: C:\Users\paul\AppData\Local...}, goog:chromeOptions: {debuggerAddress: localhost:51908}, javascriptEnabled: true, networkConnectionEnabled: false, pageLoadStrategy: normal, platform: WINDOWS, platformName: WINDOWS, proxy: Proxy(), setWindowRect: true, strictFileInteractability: false, timeouts: {implicit: 0, pageLoad: 300000, script: 30000}, unhandledPromptBehavior: dismiss and notify, webauthn:extension:credBlob: true, webauthn:extension:largeBlob: true, webauthn:virtualAuthenticators: true}
Session ID: 2e1ee8234db8f53b2e11f6e522b4dc25
*** Element info: {Using=link text, value=Employer Login}
Caused by: org.openqa.selenium.NoSuchElementException: 
no such element: Unable to locate element: {"method":"link text","selector":"Employer Login"}
  (Session info: chrome=107.0.5304.107)
For documentation on this error, please visit: https://www.seleniumhq.org/exceptions/no_such_element.html
Build info: version: '3.141.59', revision: 'e82be7d358', time: '2018-11-14T08:17:03'
System info: host: 'PAUL', ip: '192.168.1.3', os.name: 'Windows 11', os.arch: 'amd64', os.version: '10.0', java.version: '11.0.16'
Driver info: org.openqa.selenium.chrome.ChromeDriver
Capabilities {acceptInsecureCerts: false, browserName: chrome, browserVersion: 107.0.5304.107, chrome: {chromedriverVersion: 107.0.5304.62 (1eec40d3a576..., userDataDir: C:\Users\paul\AppData\Local...}, goog:chromeOptions: {debuggerAddress: localhost:51908}, javascriptEnabled: true, networkConnectionEnabled: false, pageLoadStrategy: normal, platform: WINDOWS, platformName: WINDOWS, proxy: Proxy(), setWindowRect: true, strictFileInteractability: false, timeouts: {implicit: 0, pageLoad: 300000, script: 30000}, unhandledPromptBehavior: dismiss and notify, webauthn:extension:credBlob: true, webauthn:extension:largeBlob: true, webauthn:virtualAuthenticators: true}
Session ID: 2e1ee8234db8f53b2e11f6e522b4dc25
*** Element info: {Using=link text, value=Employer Login}
]]></failure>
    <system-out><![CDATA[@tag
Feature: Bulk Upload feature
  I want to use this template for Uploading Bulk of Jobs

  @tag1
  Scenario: Verify Bulk Upload functionality                           &amp#27;[90m# 04_bulkupload.feature:6&amp#27;[0m
    #LOGIN
    &amp#27;[32mGiven &amp#27;[0m&amp#27;[32mLaunch Application using valid URL&amp#27;[0m                           &amp#27;[90m# Stepdef.launch_Application_using_valid_URL()&amp#27;[0m
    &amp#27;[31mThen &amp#27;[0m&amp#27;[31maccept cookies and choose login type&amp#27;[0m                          &amp#27;[90m# Stepdef.accept_cookies_and_choose_login_type()&amp#27;[0m
      &amp#27;[31morg.openqa.selenium.NoSuchElementException: no such element: Unable to locate element: {"method":"link text","selector":"Employer Login"}
        (Session info: chrome=107.0.5304.107)
      For documentation on this error, please visit: https://www.seleniumhq.org/exceptions/no_such_element.html
      Build info: version: '3.141.59', revision: 'e82be7d358', time: '2018-11-14T08:17:03'
      System info: host: 'PAUL', ip: '192.168.1.3', os.name: 'Windows 11', os.arch: 'amd64', os.version: '10.0', java.version: '11.0.16'
      Driver info: org.openqa.selenium.chrome.ChromeDriver
      Capabilities {acceptInsecureCerts: false, browserName: chrome, browserVersion: 107.0.5304.107, chrome: {chromedriverVersion: 107.0.5304.62 (1eec40d3a576..., userDataDir: C:\Users\paul\AppData\Local...}, goog:chromeOptions: {debuggerAddress: localhost:51908}, javascriptEnabled: true, networkConnectionEnabled: false, pageLoadStrategy: normal, platform: WINDOWS, platformName: WINDOWS, proxy: Proxy(), setWindowRect: true, strictFileInteractability: false, timeouts: {implicit: 0, pageLoad: 300000, script: 30000}, unhandledPromptBehavior: dismiss and notify, webauthn:extension:credBlob: true, webauthn:extension:largeBlob: true, webauthn:virtualAuthenticators: true}
      Session ID: 2e1ee8234db8f53b2e11f6e522b4dc25
      *** Element info: {Using=link text, value=Employer Login}
      	at java.base/jdk.internal.reflect.NativeConstructorAccessorImpl.newInstance0(Native Method)
      	at java.base/jdk.internal.reflect.NativeConstructorAccessorImpl.newInstance(NativeConstructorAccessorImpl.java:62)
      	at java.base/jdk.internal.reflect.DelegatingConstructorAccessorImpl.newInstance(DelegatingConstructorAccessorImpl.java:45)
      	at java.base/java.lang.reflect.Constructor.newInstance(Constructor.java:490)
      	at org.openqa.selenium.remote.http.W3CHttpResponseCodec.createException(W3CHttpResponseCodec.java:187)
      	at org.openqa.selenium.remote.http.W3CHttpResponseCodec.decode(W3CHttpResponseCodec.java:122)
      	at org.openqa.selenium.remote.http.W3CHttpResponseCodec.decode(W3CHttpResponseCodec.java:49)
      	at org.openqa.selenium.remote.HttpCommandExecutor.execute(HttpCommandExecutor.java:158)
      	at org.openqa.selenium.remote.service.DriverCommandExecutor.execute(DriverCommandExecutor.java:83)
      	at org.openqa.selenium.remote.RemoteWebDriver.execute(RemoteWebDriver.java:552)
      	at org.openqa.selenium.remote.RemoteWebDriver.findElement(RemoteWebDriver.java:323)
      	at org.openqa.selenium.remote.RemoteWebDriver.findElementByLinkText(RemoteWebDriver.java:380)
      	at org.openqa.selenium.By$ByLinkText.findElement(By.java:220)
      	at org.openqa.selenium.remote.RemoteWebDriver.findElement(RemoteWebDriver.java:315)
      	at stepdef.Stepdef.accept_cookies_and_choose_login_type(Stepdef.java:58)
      	at ?.Then accept cookies and choose login type(04_bulkupload.feature:9)
      &amp#27;[0m
    &amp#27;[36mWhen &amp#27;[0m&amp#27;[36menters valid credentials "&amp#27;[0m&amp#27;[36m&amp#27;[1mpaul@trainingqa.com&amp#27;[0m&amp#27;[36m" and "&amp#27;[0m&amp#27;[36m&amp#27;[1mXPAStag0&amp#27;[0m&amp#27;[36m"&amp#27;[0m &amp#27;[90m# Stepdef.enters_valid_credentials_and(String,String)&amp#27;[0m
    &amp#27;[36mThen &amp#27;[0m&amp#27;[36mverify captcha and click on Login button&amp#27;[0m                      &amp#27;[90m# Stepdef.verify_captcha_and_click_on_Login_button()&amp#27;[0m
    #BULK UPLOAD
    &amp#27;[36mGiven &amp#27;[0m&amp#27;[36mRecruiter clicks on Jobs Menu&amp#27;[0m                                &amp#27;[90m# Stepdef.recruiter_clicks_on_Jobs_Menu()&amp#27;[0m
    &amp#27;[36mThen &amp#27;[0m&amp#27;[36mselect create new job section&amp#27;[0m                                 &amp#27;[90m# Stepdef.select_create_new_job_section()&amp#27;[0m
    &amp#27;[36mThen &amp#27;[0m&amp#27;[36mRecruiter clicks on download bulk upload template&amp#27;[0m             &amp#27;[90m# Stepdef.recruiter_clicks_on_download_bulk_upload_template()&amp#27;[0m
    &amp#27;[36mWhen &amp#27;[0m&amp#27;[36mrecruiter clicks on upload button of Bulk Jobs&amp#27;[0m                &amp#27;[90m# Stepdef.recruiter_clicks_on_upload_button_of_Bulk_Jobs()&amp#27;[0m
]]></system-out>
    <system-err><![CDATA[Starting ChromeDriver 107.0.5304.62 (1eec40d3a5764881c92085aaee66d25075c159aa-refs/branch-heads/5304@{#942}) on port 9063
Only local connections are allowed.
Please see https://chromedriver.chromium.org/security-considerations for suggestions on keeping ChromeDriver safe.
ChromeDriver was started successfully.
Nov 19, 2022 1:45:01 PM org.openqa.selenium.remote.ProtocolHandshake createSession
INFO: Detected dialect: W3C
]]></system-err>
  </testcase>
  <testcase name="feature[candidate sign in and apply for job](6)" classname="testrunners.Testrunners" time="21.631">
    <failure message="java.lang.NullPointerException: null value in entry: url=null" type="cucumber.runtime.CucumberException"><![CDATA[cucumber.runtime.CucumberException: java.lang.NullPointerException: null value in entry: url=null
Caused by: java.lang.NullPointerException: null value in entry: url=null
]]></failure>
    <system-out><![CDATA[@tag
Feature: candidate sign in and apply for job

  @Signinapplyjob
  Scenario: Verify signed in Candidates apply for job &amp#27;[90m# 05_signinapply.feature:5&amp#27;[0m
    &amp#27;[31mGiven &amp#27;[0m&amp#27;[31mCandidate clicks on job link&amp#27;[0m                &amp#27;[90m# Stepdef.candidate_clicks_on_job_link()&amp#27;[0m
      &amp#27;[31mjava.lang.NullPointerException: null value in entry: url=null
      	at com.google.common.collect.CollectPreconditions.checkEntryNotNull(CollectPreconditions.java:32)
      	at com.google.common.collect.SingletonImmutableBiMap.<init>(SingletonImmutableBiMap.java:42)
      	at com.google.common.collect.ImmutableBiMap.of(ImmutableBiMap.java:72)
      	at com.google.common.collect.ImmutableMap.of(ImmutableMap.java:124)
      	at org.openqa.selenium.remote.RemoteWebDriver.get(RemoteWebDriver.java:277)
      	at org.openqa.selenium.remote.RemoteWebDriver$RemoteNavigation.to(RemoteWebDriver.java:857)
      	at stepdef.Stepdef.candidate_clicks_on_job_link(Stepdef.java:752)
      	at ?.Given Candidate clicks on job link(05_signinapply.feature:6)
      &amp#27;[0m
    &amp#27;[36mWhen &amp#27;[0m&amp#27;[36mCandidate clicks on apply button of Job&amp#27;[0m      &amp#27;[90m# Stepdef.candidate_clicks_on_apply_button_of_Job()&amp#27;[0m
    &amp#27;[36mAnd &amp#27;[0m&amp#27;[36mcandidate choose sign in option to apply&amp#27;[0m      &amp#27;[90m# Stepdef.candidate_choose_sign_in_option_to_apply()&amp#27;[0m

  @Registration
  Scenario Outline: Verify Candidate registration                       &amp#27;[90m# 05_signinapply.feature:11&amp#27;[0m
    &amp#27;[36mGiven &amp#27;[0m&amp#27;[36mcandidate click on register Link&amp#27;[0m
    &amp#27;[36mWhen &amp#27;[0m&amp#27;[36mcandidate enter first name "<firstname>"&amp#27;[0m
    &amp#27;[36mAnd &amp#27;[0m&amp#27;[36mcandidate enter last name "<lastname>"&amp#27;[0m
    &amp#27;[36mAnd &amp#27;[0m&amp#27;[36mcandidate enters email "<mail>"&amp#27;[0m
    &amp#27;[36mAnd &amp#27;[0m&amp#27;[36mcandidate enters password "<password>"&amp#27;[0m
    &amp#27;[36mAnd &amp#27;[0m&amp#27;[36mcandidate enters conformpassword "<password>"&amp#27;[0m
    &amp#27;[36mAnd &amp#27;[0m&amp#27;[36mcandidate accepts terms and conditions&amp#27;[0m
    &amp#27;[36mAnd &amp#27;[0m&amp#27;[36mcandidate enters submit button of registration&amp#27;[0m
    &amp#27;[36mThen &amp#27;[0m&amp#27;[36mcandidate clicks on click here to login&amp#27;[0m
    &amp#27;[36mWhen &amp#27;[0m&amp#27;[36mcandidate enters mail "<mail>" to login&amp#27;[0m
    &amp#27;[36mAnd &amp#27;[0m&amp#27;[36mcandidate enters password "<password>" to login&amp#27;[0m
    &amp#27;[36mAnd &amp#27;[0m&amp#27;[36mcandidate clicks on login button&amp#27;[0m
    &amp#27;[36mThen &amp#27;[0m&amp#27;[36mSigned in Candidate click on Apply button of Job&amp#27;[0m
    #When Candidate enters first name "<firstname>"
    #And Candidate enters last name "<lastname>"
    &amp#27;[36mAnd &amp#27;[0m&amp#27;[36mCandidate  chooses Country "<country>"&amp#27;[0m
    &amp#27;[36mAnd &amp#27;[0m&amp#27;[36mCandidate enters phone no "<phoneno>"&amp#27;[0m
    #And Candidate enters Email Address "<mail>"
    &amp#27;[36mAnd &amp#27;[0m&amp#27;[36mclick on checkbox to recieve whatsapp notifications&amp#27;[0m
    &amp#27;[36mAnd &amp#27;[0m&amp#27;[36mCandidate uploads his resume&amp#27;[0m
    &amp#27;[36mThen &amp#27;[0m&amp#27;[36msignedin Candidate accepts t and c by clicking on checkbox&amp#27;[0m
    &amp#27;[36mAnd &amp#27;[0m&amp#27;[36mclicks on Next Button&amp#27;[0m
    &amp#27;[36mWhen &amp#27;[0m&amp#27;[36mcandidate fills about me text field&amp#27;[0m
    &amp#27;[36mWhen &amp#27;[0m&amp#27;[36mCandidate clicks on edit option of EducationA&amp#27;[0m
    &amp#27;[36mAnd &amp#27;[0m&amp#27;[36menters InstituteA Name "<institute-a>"&amp#27;[0m
    &amp#27;[36mAnd &amp#27;[0m&amp#27;[36mchoose country of instituteA&amp#27;[0m
    &amp#27;[36mAnd &amp#27;[0m&amp#27;[36mchoose city of instituteA "<cityofins-a>"&amp#27;[0m
    &amp#27;[36mAnd &amp#27;[0m&amp#27;[36mselect Qualification from InstituteA "<qualification-a>"&amp#27;[0m
    &amp#27;[36mAnd &amp#27;[0m&amp#27;[36mEnter CGPA got in InstituteA "<cgpa-a>"&amp#27;[0m
    &amp#27;[36mAnd &amp#27;[0m&amp#27;[36mchoose start date of InstituteA "<doj-ins-a>"&amp#27;[0m
    &amp#27;[36mAnd &amp#27;[0m&amp#27;[36mchoose ending date of InstitueA "<yop-ins-a>"&amp#27;[0m
    &amp#27;[36mAnd &amp#27;[0m&amp#27;[36mClick on Save Button of EduA&amp#27;[0m
    &amp#27;[36mWhen &amp#27;[0m&amp#27;[36mCandidate clicks on edit option of EducationB&amp#27;[0m
    &amp#27;[36mAnd &amp#27;[0m&amp#27;[36menters InstituteB Name "<institute-b>"&amp#27;[0m
    &amp#27;[36mAnd &amp#27;[0m&amp#27;[36mchoose country of instituteB&amp#27;[0m
    &amp#27;[36mAnd &amp#27;[0m&amp#27;[36mchoose city of instituteB "<cityofins-b>"&amp#27;[0m
    &amp#27;[36mAnd &amp#27;[0m&amp#27;[36mselect Qualification from InstituteB "<qualification-b>"&amp#27;[0m
    &amp#27;[36mAnd &amp#27;[0m&amp#27;[36mEnter CGPA got in InstituteB "<cgpa-b>"&amp#27;[0m
    &amp#27;[36mAnd &amp#27;[0m&amp#27;[36mchoose start date of InstituteB "<doj-ins-b>"&amp#27;[0m
    &amp#27;[36mAnd &amp#27;[0m&amp#27;[36mchoose ending date of InstitueB "<yop-ins-b>"&amp#27;[0m
    &amp#27;[36mAnd &amp#27;[0m&amp#27;[36mClick on Save Button of EduB&amp#27;[0m
    &amp#27;[36mWhen &amp#27;[0m&amp#27;[36mCandidate clicks on edit option of EducationC&amp#27;[0m
    &amp#27;[36mAnd &amp#27;[0m&amp#27;[36menters InstituteC Name "<institute-c>"&amp#27;[0m
    &amp#27;[36mAnd &amp#27;[0m&amp#27;[36mchoose country of instituteC&amp#27;[0m
    &amp#27;[36mAnd &amp#27;[0m&amp#27;[36mchoose city of instituteC "<cityofins-c>"&amp#27;[0m
    &amp#27;[36mAnd &amp#27;[0m&amp#27;[36mselect Qualification from InstituteC "<qualification-c>"&amp#27;[0m
    &amp#27;[36mAnd &amp#27;[0m&amp#27;[36mEnter CGPA got in InstituteC "<cgpa-c>"&amp#27;[0m
    &amp#27;[36mAnd &amp#27;[0m&amp#27;[36mchoose start date of InstituteC "<doj-ins-c>"&amp#27;[0m
    &amp#27;[36mAnd &amp#27;[0m&amp#27;[36mchoose ending date of InstitueC "<yop-ins-c>"&amp#27;[0m
    &amp#27;[36mAnd &amp#27;[0m&amp#27;[36mClick on Save Button of EduC&amp#27;[0m
    &amp#27;[36mWhen &amp#27;[0m&amp#27;[36mcandidate adds work experience&amp#27;[0m
    &amp#27;[36mWhen &amp#27;[0m&amp#27;[36mcandidate adds certifications&amp#27;[0m
    &amp#27;[36mThen &amp#27;[0m&amp#27;[36mcandidate clicks on add button of project&amp#27;[0m
    &amp#27;[36mWhen &amp#27;[0m&amp#27;[36mcandidate enters project title "<project-title>"&amp#27;[0m
    &amp#27;[36mAnd &amp#27;[0m&amp#27;[36mcandidate enters Description of project "<project-discription>"&amp#27;[0m
    &amp#27;[36mAnd &amp#27;[0m&amp#27;[36mCandidate selects project start and end dates&amp#27;[0m
    &amp#27;[36mAnd &amp#27;[0m&amp#27;[36mClick on Save button of project&amp#27;[0m
    #And signed in Candidate click on Submit Button
    &amp#27;[36mWhen &amp#27;[0m&amp#27;[36mCandidate click on next Button&amp#27;[0m
    &amp#27;[36mAnd &amp#27;[0m&amp#27;[36mcandidate rate for skills&amp#27;[0m
    &amp#27;[36mAnd &amp#27;[0m&amp#27;[36mcandidate click on submit button of Application&amp#27;[0m

    Examples: 

  @tag @Registration
  Scenario Outline: Verify Candidate registration                        &amp#27;[90m# 05_signinapply.feature:76&amp#27;[0m
    &amp#27;[31mGiven &amp#27;[0m&amp#27;[31mcandidate click on register Link&amp#27;[0m                               &amp#27;[90m# Stepdef.candidate_click_on_register_Link()&amp#27;[0m
      &amp#27;[31morg.openqa.selenium.NoSuchElementException: no such element: Unable to locate element: {"method":"xpath","selector":"//a[text()='Register']"}
        (Session info: chrome=107.0.5304.107)
      For documentation on this error, please visit: https://www.seleniumhq.org/exceptions/no_such_element.html
      Build info: version: '3.141.59', revision: 'e82be7d358', time: '2018-11-14T08:17:03'
      System info: host: 'PAUL', ip: '192.168.1.3', os.name: 'Windows 11', os.arch: 'amd64', os.version: '10.0', java.version: '11.0.16'
      Driver info: org.openqa.selenium.chrome.ChromeDriver
      Capabilities {acceptInsecureCerts: false, browserName: chrome, browserVersion: 107.0.5304.107, chrome: {chromedriverVersion: 107.0.5304.62 (1eec40d3a576..., userDataDir: C:\Users\paul\AppData\Local...}, goog:chromeOptions: {debuggerAddress: localhost:51978}, javascriptEnabled: true, networkConnectionEnabled: false, pageLoadStrategy: normal, platform: WINDOWS, platformName: WINDOWS, proxy: Proxy(), setWindowRect: true, strictFileInteractability: false, timeouts: {implicit: 0, pageLoad: 300000, script: 30000}, unhandledPromptBehavior: dismiss and notify, webauthn:extension:credBlob: true, webauthn:extension:largeBlob: true, webauthn:virtualAuthenticators: true}
      Session ID: ae33f44059c77df2add82341f3abccb5
      *** Element info: {Using=xpath, value=//a[text()='Register']}
      	at java.base/jdk.internal.reflect.NativeConstructorAccessorImpl.newInstance0(Native Method)
      	at java.base/jdk.internal.reflect.NativeConstructorAccessorImpl.newInstance(NativeConstructorAccessorImpl.java:62)
      	at java.base/jdk.internal.reflect.DelegatingConstructorAccessorImpl.newInstance(DelegatingConstructorAccessorImpl.java:45)
      	at java.base/java.lang.reflect.Constructor.newInstance(Constructor.java:490)
      	at org.openqa.selenium.remote.http.W3CHttpResponseCodec.createException(W3CHttpResponseCodec.java:187)
      	at org.openqa.selenium.remote.http.W3CHttpResponseCodec.decode(W3CHttpResponseCodec.java:122)
      	at org.openqa.selenium.remote.http.W3CHttpResponseCodec.decode(W3CHttpResponseCodec.java:49)
      	at org.openqa.selenium.remote.HttpCommandExecutor.execute(HttpCommandExecutor.java:158)
      	at org.openqa.selenium.remote.service.DriverCommandExecutor.execute(DriverCommandExecutor.java:83)
      	at org.openqa.selenium.remote.RemoteWebDriver.execute(RemoteWebDriver.java:552)
      	at org.openqa.selenium.remote.RemoteWebDriver.findElement(RemoteWebDriver.java:323)
      	at org.openqa.selenium.remote.RemoteWebDriver.findElementByXPath(RemoteWebDriver.java:428)
      	at org.openqa.selenium.By$ByXPath.findElement(By.java:353)
      	at org.openqa.selenium.remote.RemoteWebDriver.findElement(RemoteWebDriver.java:315)
      	at stepdef.Stepdef.candidate_click_on_register_Link(Stepdef.java:769)
      	at ?.Given candidate click on register Link(05_signinapply.feature:12)
      &amp#27;[0m
    &amp#27;[36mWhen &amp#27;[0m&amp#27;[36mcandidate enter first name "&amp#27;[0m&amp#27;[36m&amp#27;[1mThomas&amp#27;[0m&amp#27;[36m"&amp#27;[0m                             &amp#27;[90m# Stepdef.candidate_enter_first_name(String)&amp#27;[0m
    &amp#27;[36mAnd &amp#27;[0m&amp#27;[36mcandidate enter last name "&amp#27;[0m&amp#27;[36m&amp#27;[1mlight&amp#27;[0m&amp#27;[36m"&amp#27;[0m                                &amp#27;[90m# Stepdef.candidate_enter_last_name(String)&amp#27;[0m
    &amp#27;[36mAnd &amp#27;[0m&amp#27;[36mcandidate enters email "&amp#27;[0m&amp#27;[36m&amp#27;[1mmatrix3x55@in.com&amp#27;[0m&amp#27;[36m"&amp#27;[0m                       &amp#27;[90m# Stepdef.candidate_enters_email(String)&amp#27;[0m
    &amp#27;[36mAnd &amp#27;[0m&amp#27;[36mcandidate enters password "&amp#27;[0m&amp#27;[36m&amp#27;[1mXPAStag0$&amp#27;[0m&amp#27;[36m"&amp#27;[0m                            &amp#27;[90m# Stepdef.candidate_enters_password(String)&amp#27;[0m
    &amp#27;[36mAnd &amp#27;[0m&amp#27;[36mcandidate enters conformpassword "&amp#27;[0m&amp#27;[36m&amp#27;[1mXPAStag0$&amp#27;[0m&amp#27;[36m"&amp#27;[0m                     &amp#27;[90m# Stepdef.candidate_enters_conformpassword(String)&amp#27;[0m
    &amp#27;[36mAnd &amp#27;[0m&amp#27;[36mcandidate accepts terms and conditions&amp#27;[0m                           &amp#27;[90m# Stepdef.candidate_accepts_terms_and_conditions()&amp#27;[0m
    &amp#27;[36mAnd &amp#27;[0m&amp#27;[36mcandidate enters submit button of registration&amp#27;[0m                   &amp#27;[90m# Stepdef.candidate_enters_submit_button_of_registration()&amp#27;[0m
    &amp#27;[36mThen &amp#27;[0m&amp#27;[36mcandidate clicks on click here to login&amp#27;[0m                         &amp#27;[90m# Stepdef.candidate_clicks_on_click_here_to_login_span_class_xpa_link()&amp#27;[0m
    &amp#27;[36mWhen &amp#27;[0m&amp#27;[36mcandidate enters mail "&amp#27;[0m&amp#27;[36m&amp#27;[1mmatrix3x55@in.com&amp#27;[0m&amp#27;[36m" to login&amp#27;[0m              &amp#27;[90m# Stepdef.candidate_enters_mail_to_login(String)&amp#27;[0m
    &amp#27;[36mAnd &amp#27;[0m&amp#27;[36mcandidate enters password "&amp#27;[0m&amp#27;[36m&amp#27;[1mXPAStag0$&amp#27;[0m&amp#27;[36m" to login&amp#27;[0m                   &amp#27;[90m# Stepdef.candidate_enters_password_to_login(String)&amp#27;[0m
    &amp#27;[36mAnd &amp#27;[0m&amp#27;[36mcandidate clicks on login button&amp#27;[0m                                 &amp#27;[90m# Stepdef.candidate_clicks_on_login_button()&amp#27;[0m
    &amp#27;[36mThen &amp#27;[0m&amp#27;[36mSigned in Candidate click on Apply button of Job&amp#27;[0m                &amp#27;[90m# Stepdef.signed_in_Candidate_click_on_Apply_button_of_Job()&amp#27;[0m
    #When Candidate enters first name "<firstname>"
    #And Candidate enters last name "<lastname>"
    &amp#27;[36mAnd &amp#27;[0m&amp#27;[36mCandidate  chooses Country "&amp#27;[0m&amp#27;[36m&amp#27;[1mindia&amp#27;[0m&amp#27;[36m"&amp#27;[0m                               &amp#27;[90m# Stepdef.candidate_chooses_Country(String)&amp#27;[0m
    &amp#27;[36mAnd &amp#27;[0m&amp#27;[36mCandidate enters phone no "&amp#27;[0m&amp#27;[36m&amp#27;[1m2434502455&amp#27;[0m&amp#27;[36m"&amp#27;[0m                           &amp#27;[90m# Stepdef.candidate_enters_phone_no(String)&amp#27;[0m
    #And Candidate enters Email Address "<mail>"
    &amp#27;[36mAnd &amp#27;[0m&amp#27;[36mclick on checkbox to recieve whatsapp notifications&amp#27;[0m              &amp#27;[90m# Stepdef.click_on_checkbox_to_recieve_whatsapp_notifications()&amp#27;[0m
    &amp#27;[36mAnd &amp#27;[0m&amp#27;[36mCandidate uploads his resume&amp#27;[0m                                     &amp#27;[90m# Stepdef.candidate_uploads_his_resume()&amp#27;[0m
    &amp#27;[36mThen &amp#27;[0m&amp#27;[36msignedin Candidate accepts t and c by clicking on checkbox&amp#27;[0m      &amp#27;[90m# Stepdef.signedin_Candidate_accepts_t_and_c_by_clicking_on_checkbox()&amp#27;[0m
    &amp#27;[36mAnd &amp#27;[0m&amp#27;[36mclicks on Next Button&amp#27;[0m                                            &amp#27;[90m# Stepdef.clicks_on_Next_Button()&amp#27;[0m
    &amp#27;[36mWhen &amp#27;[0m&amp#27;[36mcandidate fills about me text field&amp#27;[0m                             &amp#27;[90m# Stepdef.candidate_fills_about_me_text_field()&amp#27;[0m
    &amp#27;[36mWhen &amp#27;[0m&amp#27;[36mCandidate clicks on edit option of EducationA&amp#27;[0m                   &amp#27;[90m# Stepdef.candidate_clicks_on_edit_option_of_EducationA()&amp#27;[0m
    &amp#27;[36mAnd &amp#27;[0m&amp#27;[36menters InstituteA Name "&amp#27;[0m&amp#27;[36m&amp#27;[1mGITE&amp#27;[0m&amp#27;[36m"&amp#27;[0m                                    &amp#27;[90m# Stepdef.enters_InstituteA_Name(String)&amp#27;[0m
    &amp#27;[36mAnd &amp#27;[0m&amp#27;[36mchoose country of instituteA&amp#27;[0m                                     &amp#27;[90m# Stepdef.choose_country_of_instituteA()&amp#27;[0m
    &amp#27;[36mAnd &amp#27;[0m&amp#27;[36mchoose city of instituteA "&amp#27;[0m&amp#27;[36m&amp#27;[1mRjy&amp#27;[0m&amp#27;[36m"&amp#27;[0m                                  &amp#27;[90m# Stepdef.choose_city_of_instituteA(String)&amp#27;[0m
    &amp#27;[36mAnd &amp#27;[0m&amp#27;[36mselect Qualification from InstituteA "&amp#27;[0m&amp#27;[36m&amp#27;[1mBachelor's Degree&amp#27;[0m&amp#27;[36m"&amp#27;[0m         &amp#27;[90m# Stepdef.select_Qualification_from_InstituteA(String)&amp#27;[0m
    &amp#27;[36mAnd &amp#27;[0m&amp#27;[36mEnter CGPA got in InstituteA "&amp#27;[0m&amp#27;[36m&amp#27;[1m8.6&amp#27;[0m&amp#27;[36m"&amp#27;[0m                               &amp#27;[90m# Stepdef.enter_CGPA_got_in_InstituteA(String)&amp#27;[0m
    &amp#27;[36mAnd &amp#27;[0m&amp#27;[36mchoose start date of InstituteA "&amp#27;[0m&amp#27;[36m&amp#27;[1m12th june,2017&amp#27;[0m&amp#27;[36m"&amp#27;[0m                 &amp#27;[90m# Stepdef.choose_start_date_of_InstituteA(String)&amp#27;[0m
    &amp#27;[36mAnd &amp#27;[0m&amp#27;[36mchoose ending date of InstitueA "&amp#27;[0m&amp#27;[36m&amp#27;[1m30 April,2021&amp#27;[0m&amp#27;[36m"&amp#27;[0m                  &amp#27;[90m# Stepdef.choose_ending_date_of_InstitueA(String)&amp#27;[0m
    &amp#27;[36mAnd &amp#27;[0m&amp#27;[36mClick on Save Button of EduA&amp#27;[0m                                     &amp#27;[90m# Stepdef.click_on_Save_Button_of_EduA()&amp#27;[0m
    &amp#27;[36mWhen &amp#27;[0m&amp#27;[36mCandidate clicks on edit option of EducationB&amp#27;[0m                   &amp#27;[90m# Stepdef.candidate_clicks_on_edit_option_of_EducationB()&amp#27;[0m
    &amp#27;[36mAnd &amp#27;[0m&amp#27;[36menters InstituteB Name "&amp#27;[0m&amp#27;[36m&amp#27;[1mLyola&amp#27;[0m&amp#27;[36m"&amp#27;[0m                                   &amp#27;[90m# Stepdef.enters_InstituteB_Name(String)&amp#27;[0m
    &amp#27;[36mAnd &amp#27;[0m&amp#27;[36mchoose country of instituteB&amp#27;[0m                                     &amp#27;[90m# Stepdef.choose_country_of_instituteB()&amp#27;[0m
    &amp#27;[36mAnd &amp#27;[0m&amp#27;[36mchoose city of instituteB "&amp#27;[0m&amp#27;[36m&amp#27;[1mVij&amp#27;[0m&amp#27;[36m"&amp#27;[0m                                  &amp#27;[90m# Stepdef.choose_city_of_instituteB(String)&amp#27;[0m
    &amp#27;[36mAnd &amp#27;[0m&amp#27;[36mselect Qualification from InstituteB "&amp#27;[0m&amp#27;[36m&amp#27;[1mDiploma&amp#27;[0m&amp#27;[36m"&amp#27;[0m                   &amp#27;[90m# Stepdef.select_Qualification_from_InstituteB(String)&amp#27;[0m
    &amp#27;[36mAnd &amp#27;[0m&amp#27;[36mEnter CGPA got in InstituteB "&amp#27;[0m&amp#27;[36m&amp#27;[1m7.8&amp#27;[0m&amp#27;[36m"&amp#27;[0m                               &amp#27;[90m# Stepdef.enter_CGPA_got_in_InstituteB(String)&amp#27;[0m
    &amp#27;[36mAnd &amp#27;[0m&amp#27;[36mchoose start date of InstituteB "&amp#27;[0m&amp#27;[36m&amp#27;[1m12th june,2015&amp#27;[0m&amp#27;[36m"&amp#27;[0m                 &amp#27;[90m# Stepdef.choose_start_date_of_InstituteB(String)&amp#27;[0m
    &amp#27;[36mAnd &amp#27;[0m&amp#27;[36mchoose ending date of InstitueB "&amp#27;[0m&amp#27;[36m&amp#27;[1m30 April,2021&amp#27;[0m&amp#27;[36m"&amp#27;[0m                  &amp#27;[90m# Stepdef.choose_ending_date_of_InstitueB(String)&amp#27;[0m
    &amp#27;[36mAnd &amp#27;[0m&amp#27;[36mClick on Save Button of EduB&amp#27;[0m                                     &amp#27;[90m# Stepdef.click_on_Save_Button_of_EduB()&amp#27;[0m
    &amp#27;[36mWhen &amp#27;[0m&amp#27;[36mCandidate clicks on edit option of EducationC&amp#27;[0m                   &amp#27;[90m# Stepdef.candidate_clicks_on_edit_option_of_EducationC()&amp#27;[0m
    &amp#27;[36mAnd &amp#27;[0m&amp#27;[36menters InstituteC Name "&amp#27;[0m&amp#27;[36m&amp#27;[1mZPHS&amp#27;[0m&amp#27;[36m"&amp#27;[0m                                    &amp#27;[90m# Stepdef.enters_InstituteC_Name(String)&amp#27;[0m
    &amp#27;[36mAnd &amp#27;[0m&amp#27;[36mchoose country of instituteC&amp#27;[0m                                     &amp#27;[90m# Stepdef.choose_country_of_instituteC()&amp#27;[0m
    &amp#27;[36mAnd &amp#27;[0m&amp#27;[36mchoose city of instituteC "&amp#27;[0m&amp#27;[36m&amp#27;[1mskp&amp#27;[0m&amp#27;[36m"&amp#27;[0m                                  &amp#27;[90m# Stepdef.choose_city_of_instituteC(String)&amp#27;[0m
    &amp#27;[36mAnd &amp#27;[0m&amp#27;[36mselect Qualification from InstituteC "&amp#27;[0m&amp#27;[36m&amp#27;[1mHigh School or Equivalent&amp#27;[0m&amp#27;[36m"&amp#27;[0m &amp#27;[90m# Stepdef.select_Qualification_from_InstituteC(String)&amp#27;[0m
    &amp#27;[36mAnd &amp#27;[0m&amp#27;[36mEnter CGPA got in InstituteC "&amp#27;[0m&amp#27;[36m&amp#27;[1m8.2&amp#27;[0m&amp#27;[36m"&amp#27;[0m                               &amp#27;[90m# Stepdef.enter_CGPA_got_in_InstituteC(String)&amp#27;[0m
    &amp#27;[36mAnd &amp#27;[0m&amp#27;[36mchoose start date of InstituteC "&amp#27;[0m&amp#27;[36m&amp#27;[1m12th june,2015&amp#27;[0m&amp#27;[36m"&amp#27;[0m                 &amp#27;[90m# Stepdef.choose_start_date_of_InstituteC(String)&amp#27;[0m
    &amp#27;[36mAnd &amp#27;[0m&amp#27;[36mchoose ending date of InstitueC "&amp#27;[0m&amp#27;[36m&amp#27;[1m30 April,2021&amp#27;[0m&amp#27;[36m"&amp#27;[0m                  &amp#27;[90m# Stepdef.choose_ending_date_of_InstitueC(String)&amp#27;[0m
    &amp#27;[36mAnd &amp#27;[0m&amp#27;[36mClick on Save Button of EduC&amp#27;[0m                                     &amp#27;[90m# Stepdef.click_on_Save_Button_of_EduC()&amp#27;[0m
    &amp#27;[36mWhen &amp#27;[0m&amp#27;[36mcandidate adds work experience&amp#27;[0m                                  &amp#27;[90m# Stepdef.candidate_adds_work_experience()&amp#27;[0m
    &amp#27;[36mWhen &amp#27;[0m&amp#27;[36mcandidate adds certifications&amp#27;[0m                                   &amp#27;[90m# Stepdef.candidate_adds_certifications()&amp#27;[0m
    &amp#27;[36mThen &amp#27;[0m&amp#27;[36mcandidate clicks on add button of project&amp#27;[0m                       &amp#27;[90m# Stepdef.candidate_clicks_on_add_button_of_project()&amp#27;[0m
    &amp#27;[36mWhen &amp#27;[0m&amp#27;[36mcandidate enters project title "&amp#27;[0m&amp#27;[36m&amp#27;[1mERP Project&amp#27;[0m&amp#27;[36m"&amp#27;[0m                    &amp#27;[90m# Stepdef.candidate_enters_project_title(String)&amp#27;[0m
    &amp#27;[36mAnd &amp#27;[0m&amp#27;[36mcandidate enters Description of project "&amp#27;[0m&amp#27;[36m&amp#27;[1mStock Market&amp#27;[0m&amp#27;[36m"&amp#27;[0m           &amp#27;[90m# Stepdef.candidate_enters_Description_of_project(String)&amp#27;[0m
    &amp#27;[36mAnd &amp#27;[0m&amp#27;[36mCandidate selects project start and end dates&amp#27;[0m                    &amp#27;[90m# Stepdef.candidate_selects_project_start_and_end_dates()&amp#27;[0m
    &amp#27;[36mAnd &amp#27;[0m&amp#27;[36mClick on Save button of project&amp#27;[0m                                  &amp#27;[90m# Stepdef.click_on_Save_button_of_project()&amp#27;[0m
    #And signed in Candidate click on Submit Button
    &amp#27;[36mWhen &amp#27;[0m&amp#27;[36mCandidate click on next Button&amp#27;[0m                                  &amp#27;[90m# Stepdef.candidate_click_on_next_Button()&amp#27;[0m
    &amp#27;[36mAnd &amp#27;[0m&amp#27;[36mcandidate rate for skills&amp#27;[0m                                        &amp#27;[90m# Stepdef.candidate_rate_for_skills()&amp#27;[0m
    &amp#27;[36mAnd &amp#27;[0m&amp#27;[36mcandidate click on submit button of Application&amp#27;[0m                  &amp#27;[90m# Stepdef.candidate_click_on_submit_button_of_Application()&amp#27;[0m
]]></system-out>
    <system-err><![CDATA[Starting ChromeDriver 107.0.5304.62 (1eec40d3a5764881c92085aaee66d25075c159aa-refs/branch-heads/5304@{#942}) on port 47074
Only local connections are allowed.
Please see https://chromedriver.chromium.org/security-considerations for suggestions on keeping ChromeDriver safe.
ChromeDriver was started successfully.
Nov 19, 2022 1:45:26 PM org.openqa.selenium.remote.ProtocolHandshake createSession
INFO: Detected dialect: W3C
]]></system-err>
  </testcase>
  <testcase name="feature[Job Info](7)" classname="testrunners.Testrunners" time="47.92">
    <failure message="org.openqa.selenium.TimeoutException: Expected condition failed: waiting for element to be clickable: By.xpath: /html/body/section/div[1]/div/header/nav/ul/li[2]/a (tried for 30 second(s) with 500 milliseconds interval)" type="cucumber.runtime.CucumberException"><![CDATA[cucumber.runtime.CucumberException: org.openqa.selenium.TimeoutException: Expected condition failed: waiting for element to be clickable: By.xpath: /html/body/section/div[1]/div/header/nav/ul/li[2]/a (tried for 30 second(s) with 500 milliseconds interval)
Caused by: org.openqa.selenium.TimeoutException: Expected condition failed: waiting for element to be clickable: By.xpath: /html/body/section/div[1]/div/header/nav/ul/li[2]/a (tried for 30 second(s) with 500 milliseconds interval)
Caused by: org.openqa.selenium.NoSuchElementException: 
no such element: Unable to locate element: {"method":"xpath","selector":"/html/body/section/div[1]/div/header/nav/ul/li[2]/a"}
  (Session info: chrome=107.0.5304.107)
For documentation on this error, please visit: https://www.seleniumhq.org/exceptions/no_such_element.html
Build info: version: '3.141.59', revision: 'e82be7d358', time: '2018-11-14T08:17:03'
System info: host: 'PAUL', ip: '192.168.1.3', os.name: 'Windows 11', os.arch: 'amd64', os.version: '10.0', java.version: '11.0.16'
Driver info: org.openqa.selenium.chrome.ChromeDriver
Capabilities {acceptInsecureCerts: false, browserName: chrome, browserVersion: 107.0.5304.107, chrome: {chromedriverVersion: 107.0.5304.62 (1eec40d3a576..., userDataDir: C:\Users\paul\AppData\Local...}, goog:chromeOptions: {debuggerAddress: localhost:52016}, javascriptEnabled: true, networkConnectionEnabled: false, pageLoadStrategy: normal, platform: WINDOWS, platformName: WINDOWS, proxy: Proxy(), setWindowRect: true, strictFileInteractability: false, timeouts: {implicit: 0, pageLoad: 300000, script: 30000}, unhandledPromptBehavior: dismiss and notify, webauthn:extension:credBlob: true, webauthn:extension:largeBlob: true, webauthn:virtualAuthenticators: true}
Session ID: 6c4e8a39461192cd175b70cb68ecc829
*** Element info: {Using=xpath, value=/html/body/section/div[1]/div/header/nav/ul/li[2]/a}
]]></failure>
    <system-out><![CDATA[@tag
Feature: Job Info

  @Login
  Scenario: login to Verify Recruiter Ai Application info              &amp#27;[90m# 07_jobinfo.feature:5&amp#27;[0m
    #                LOGIN
    &amp#27;[32mGiven &amp#27;[0m&amp#27;[32mLaunch Application using valid URL&amp#27;[0m                           &amp#27;[90m# Stepdef.launch_Application_using_valid_URL()&amp#27;[0m
    &amp#27;[32mThen &amp#27;[0m&amp#27;[32maccept cookies and choose login type&amp#27;[0m                          &amp#27;[90m# Stepdef.accept_cookies_and_choose_login_type()&amp#27;[0m
    &amp#27;[32mWhen &amp#27;[0m&amp#27;[32menters valid credentials "&amp#27;[0m&amp#27;[32m&amp#27;[1mpaul@trainingqa.com&amp#27;[0m&amp#27;[32m" and "&amp#27;[0m&amp#27;[32m&amp#27;[1mXPAStag0&amp#27;[0m&amp#27;[32m"&amp#27;[0m &amp#27;[90m# Stepdef.enters_valid_credentials_and(String,String)&amp#27;[0m
    &amp#27;[32mThen &amp#27;[0m&amp#27;[32mverify captcha and click on Login button&amp#27;[0m                      &amp#27;[90m# Stepdef.verify_captcha_and_click_on_Login_button()&amp#27;[0m

  @CreateNewJob
  Scenario Outline: Verify create new job functionality with basic information     &amp#27;[90m# 07_jobinfo.feature:13&amp#27;[0m
    &amp#27;[36mGiven &amp#27;[0m&amp#27;[36mRecruiter clicks on Jobs Menu&amp#27;[0m
    &amp#27;[36mThen &amp#27;[0m&amp#27;[36mselect create new job section&amp#27;[0m
    &amp#27;[36mWhen &amp#27;[0m&amp#27;[36mclick on Start button of form&amp#27;[0m
    &amp#27;[36mAnd &amp#27;[0m&amp#27;[36mchoose office address "<office address>"&amp#27;[0m
    &amp#27;[36mAnd &amp#27;[0m&amp#27;[36madd Job Title as "<job title>"&amp#27;[0m
    &amp#27;[36mAnd &amp#27;[0m&amp#27;[36madd internal code for job "<internal code>"&amp#27;[0m
    &amp#27;[36mAnd &amp#27;[0m&amp#27;[36mselect Job Status as "<job status>"&amp#27;[0m
    &amp#27;[36mAnd &amp#27;[0m&amp#27;[36mchoose candidates from other countries&amp#27;[0m
    &amp#27;[36mAnd &amp#27;[0m&amp#27;[36menable rank and file job&amp#27;[0m
    &amp#27;[36mAnd &amp#27;[0m&amp#27;[36mSelect Country Location "<country location>"&amp#27;[0m
    &amp#27;[36mAnd &amp#27;[0m&amp#27;[36mSelect City location "<city location>"&amp#27;[0m
    &amp#27;[36mAnd &amp#27;[0m&amp#27;[36madd skills "<skill 1>" and "<skill 2>"&amp#27;[0m
    &amp#27;[36mAnd &amp#27;[0m&amp#27;[36madd Qualification "<qualification>"&amp#27;[0m
    &amp#27;[36mAnd &amp#27;[0m&amp#27;[36madd job type in emp details as "<job type>"&amp#27;[0m
    &amp#27;[36mAnd &amp#27;[0m&amp#27;[36mselect minimum experience as "<min exp>"&amp#27;[0m
    &amp#27;[36mAnd &amp#27;[0m&amp#27;[36mselect maximum experience as "<max exp>"&amp#27;[0m
    &amp#27;[36mAnd &amp#27;[0m&amp#27;[36mchoose Employment type as "<emp type>"&amp#27;[0m
    &amp#27;[36mAnd &amp#27;[0m&amp#27;[36mchoose no of vacancies "<vacancies>"&amp#27;[0m
    &amp#27;[36mAnd &amp#27;[0m&amp#27;[36mchoose close date of job "<mdyclosedate>"&amp#27;[0m
    &amp#27;[36mAnd &amp#27;[0m&amp#27;[36madd Job Description "<job discription>"&amp#27;[0m
    &amp#27;[36mAnd &amp#27;[0m&amp#27;[36madd Job Requirements "<job requirements>"&amp#27;[0m
    &amp#27;[36mAnd &amp#27;[0m&amp#27;[36mchoose primary recruiter "<primary recruiter>"&amp#27;[0m
    &amp#27;[36mAnd &amp#27;[0m&amp#27;[36mclick on submit button of job&amp#27;[0m
    &amp#27;[36mAnd &amp#27;[0m&amp#27;[36mclick on view job button&amp#27;[0m
    #   JOB INFO
    &amp#27;[36mWhen &amp#27;[0m&amp#27;[36mrecruiter clicks on collaborators section of job posted&amp#27;[0m
    &amp#27;[36mWhen &amp#27;[0m&amp#27;[36mrecruiter clicks on job approvers section of job posted&amp#27;[0m
    &amp#27;[36mWhen &amp#27;[0m&amp#27;[36mrecruiter clicks on work flow automation of job&amp#27;[0m
    &amp#27;[36mAnd &amp#27;[0m&amp#27;[36menable this job be open forever until closed manually&amp#27;[0m
    &amp#27;[36mAnd &amp#27;[0m&amp#27;[36mallow candidates to attach CV while applying for this job&amp#27;[0m
    &amp#27;[36mAnd &amp#27;[0m&amp#27;[36menable to ask any pre-screening questions to the candidate&amp#27;[0m
    &amp#27;[36mAnd &amp#27;[0m&amp#27;[36menable What other shortlisting criteria would you like to enable&amp#27;[0m
    &amp#27;[36mAnd &amp#27;[0m&amp#27;[36menable already have consent from candidates to proceed with the interviews&amp#27;[0m
    &amp#27;[36mAnd &amp#27;[0m&amp#27;[36mauto send pre interview questions to the candidate asa gives the consent&amp#27;[0m
    &amp#27;[36mAnd &amp#27;[0m&amp#27;[36madd pre interview stage&amp#27;[0m
    #And For shortlisted candidates setup assessments and interviews
    #And enable already have consent from candidates to proceed with the offer
    &amp#27;[36mThen &amp#27;[0m&amp#27;[36mrecruiter enables assesments and interview setup toggle&amp#27;[0m
    &amp#27;[36mThen &amp#27;[0m&amp#27;[36mRecruiter chooses Interview type phone round in job info&amp#27;[0m
    &amp#27;[36mThen &amp#27;[0m&amp#27;[36mRecruiter schedules interview by clicking on blue arrow of job info&amp#27;[0m
    &amp#27;[36mThen &amp#27;[0m&amp#27;[36mRecruiter clicks on checkbox to directly send invite&amp#27;[0m
    &amp#27;[36mThen &amp#27;[0m&amp#27;[36mrecruiter clicks on add slot button&amp#27;[0m
    &amp#27;[36mThen &amp#27;[0m&amp#27;[36mRecruiter chooses Interview date and time&amp#27;[0m
    &amp#27;[36mThen &amp#27;[0m&amp#27;[36mrecruiter selects end date and time&amp#27;[0m
    #Then Recruiter clicks on schedule an interview button
    &amp#27;[36mThen &amp#27;[0m&amp#27;[36mrecruiter enables already have consent from candidate&amp#27;[0m
    &amp#27;[36mWhen &amp#27;[0m&amp#27;[36mrecruiter clicks on conversations section of job posted&amp#27;[0m
    &amp#27;[36mWhen &amp#27;[0m&amp#27;[36mrecruiter clicks on ai settings of Job&amp#27;[0m
    &amp#27;[36mWhen &amp#27;[0m&amp#27;[36mrecruiter clicks on hiring goals of job&amp#27;[0m
    &amp#27;[36mWhen &amp#27;[0m&amp#27;[36mrecruiter clicks on consulting fee of job&amp#27;[0m
    &amp#27;[36mWhen &amp#27;[0m&amp#27;[36mrecruiter clicks on meta info of job posted&amp#27;[0m
    &amp#27;[36mWhen &amp#27;[0m&amp#27;[36mrecruiter clicks on timeline of job posted&amp#27;[0m

    Examples: 

  @tag @CreateNewJob
  Scenario Outline: Verify create new job functionality with basic information     &amp#27;[90m# 07_jobinfo.feature:70&amp#27;[0m
    &amp#27;[31mGiven &amp#27;[0m&amp#27;[31mRecruiter clicks on Jobs Menu&amp#27;[0m                                            &amp#27;[90m# Stepdef.recruiter_clicks_on_Jobs_Menu()&amp#27;[0m
      &amp#27;[31morg.openqa.selenium.TimeoutException: Expected condition failed: waiting for element to be clickable: By.xpath: /html/body/section/div[1]/div/header/nav/ul/li[2]/a (tried for 30 second(s) with 500 milliseconds interval)
      	at org.openqa.selenium.support.ui.WebDriverWait.timeoutException(WebDriverWait.java:95)
      	at org.openqa.selenium.support.ui.FluentWait.until(FluentWait.java:272)
      	at stepdef.Stepdef.recruiter_clicks_on_Jobs_Menu(Stepdef.java:90)
      	at ?.Given Recruiter clicks on Jobs Menu(07_jobinfo.feature:14)
      Caused by: org.openqa.selenium.NoSuchElementException: no such element: Unable to locate element: {"method":"xpath","selector":"/html/body/section/div[1]/div/header/nav/ul/li[2]/a"}
        (Session info: chrome=107.0.5304.107)
      For documentation on this error, please visit: https://www.seleniumhq.org/exceptions/no_such_element.html
      Build info: version: '3.141.59', revision: 'e82be7d358', time: '2018-11-14T08:17:03'
      System info: host: 'PAUL', ip: '192.168.1.3', os.name: 'Windows 11', os.arch: 'amd64', os.version: '10.0', java.version: '11.0.16'
      Driver info: org.openqa.selenium.chrome.ChromeDriver
      Capabilities {acceptInsecureCerts: false, browserName: chrome, browserVersion: 107.0.5304.107, chrome: {chromedriverVersion: 107.0.5304.62 (1eec40d3a576..., userDataDir: C:\Users\paul\AppData\Local...}, goog:chromeOptions: {debuggerAddress: localhost:52016}, javascriptEnabled: true, networkConnectionEnabled: false, pageLoadStrategy: normal, platform: WINDOWS, platformName: WINDOWS, proxy: Proxy(), setWindowRect: true, strictFileInteractability: false, timeouts: {implicit: 0, pageLoad: 300000, script: 30000}, unhandledPromptBehavior: dismiss and notify, webauthn:extension:credBlob: true, webauthn:extension:largeBlob: true, webauthn:virtualAuthenticators: true}
      Session ID: 6c4e8a39461192cd175b70cb68ecc829
      *** Element info: {Using=xpath, value=/html/body/section/div[1]/div/header/nav/ul/li[2]/a}
      	at java.base/jdk.internal.reflect.NativeConstructorAccessorImpl.newInstance0(Native Method)
      	at java.base/jdk.internal.reflect.NativeConstructorAccessorImpl.newInstance(NativeConstructorAccessorImpl.java:62)
      	at java.base/jdk.internal.reflect.DelegatingConstructorAccessorImpl.newInstance(DelegatingConstructorAccessorImpl.java:45)
      	at java.base/java.lang.reflect.Constructor.newInstance(Constructor.java:490)
      	at org.openqa.selenium.remote.http.W3CHttpResponseCodec.createException(W3CHttpResponseCodec.java:187)
      	at org.openqa.selenium.remote.http.W3CHttpResponseCodec.decode(W3CHttpResponseCodec.java:122)
      	at org.openqa.selenium.remote.http.W3CHttpResponseCodec.decode(W3CHttpResponseCodec.java:49)
      	at org.openqa.selenium.remote.HttpCommandExecutor.execute(HttpCommandExecutor.java:158)
      	at org.openqa.selenium.remote.service.DriverCommandExecutor.execute(DriverCommandExecutor.java:83)
      	at org.openqa.selenium.remote.RemoteWebDriver.execute(RemoteWebDriver.java:552)
      	at org.openqa.selenium.remote.RemoteWebDriver.findElement(RemoteWebDriver.java:323)
      	at org.openqa.selenium.remote.RemoteWebDriver.findElementByXPath(RemoteWebDriver.java:428)
      	at org.openqa.selenium.By$ByXPath.findElement(By.java:353)
      	at org.openqa.selenium.remote.RemoteWebDriver.findElement(RemoteWebDriver.java:315)
      	at org.openqa.selenium.support.ui.ExpectedConditions$7.apply(ExpectedConditions.java:205)
      	at org.openqa.selenium.support.ui.ExpectedConditions$7.apply(ExpectedConditions.java:201)
      	at org.openqa.selenium.support.ui.ExpectedConditions$22.apply(ExpectedConditions.java:641)
      	at org.openqa.selenium.support.ui.ExpectedConditions$22.apply(ExpectedConditions.java:638)
      	at org.openqa.selenium.support.ui.FluentWait.until(FluentWait.java:249)
      	at stepdef.Stepdef.recruiter_clicks_on_Jobs_Menu(Stepdef.java:90)
      	at java.base/jdk.internal.reflect.NativeMethodAccessorImpl.invoke0(Native Method)
      	at java.base/jdk.internal.reflect.NativeMethodAccessorImpl.invoke(NativeMethodAccessorImpl.java:62)
      	at java.base/jdk.internal.reflect.DelegatingMethodAccessorImpl.invoke(DelegatingMethodAccessorImpl.java:43)
      	at java.base/java.lang.reflect.Method.invoke(Method.java:566)
      	at cucumber.runtime.Utils$1.call(Utils.java:40)
      	at cucumber.runtime.Timeout.timeout(Timeout.java:16)
      	at cucumber.runtime.Utils.invoke(Utils.java:34)
      	at cucumber.runtime.java.JavaStepDefinition.execute(JavaStepDefinition.java:38)
      	at cucumber.runtime.StepDefinitionMatch.runStep(StepDefinitionMatch.java:37)
      	at cucumber.runtime.Runtime.runStep(Runtime.java:300)
      	at cucumber.runtime.model.StepContainer.runStep(StepContainer.java:44)
      	at cucumber.runtime.model.StepContainer.runSteps(StepContainer.java:39)
      	at cucumber.runtime.model.CucumberScenario.run(CucumberScenario.java:44)
      	at cucumber.runtime.model.CucumberScenarioOutline.run(CucumberScenarioOutline.java:46)
      	at cucumber.runtime.model.CucumberFeature.run(CucumberFeature.java:165)
      	at cucumber.api.testng.TestNGCucumberRunner.runCucumber(TestNGCucumberRunner.java:63)
      	at cucumber.api.testng.AbstractTestNGCucumberTests.feature(AbstractTestNGCucumberTests.java:21)
      	at java.base/jdk.internal.reflect.NativeMethodAccessorImpl.invoke0(Native Method)
      	at java.base/jdk.internal.reflect.NativeMethodAccessorImpl.invoke(NativeMethodAccessorImpl.java:62)
      	at java.base/jdk.internal.reflect.DelegatingMethodAccessorImpl.invoke(DelegatingMethodAccessorImpl.java:43)
      	at java.base/java.lang.reflect.Method.invoke(Method.java:566)
      	at org.testng.internal.MethodInvocationHelper.invokeMethod(MethodInvocationHelper.java:124)
      	at org.testng.internal.Invoker.invokeMethod(Invoker.java:583)
      	at org.testng.internal.Invoker.invokeTestMethod(Invoker.java:719)
      	at org.testng.internal.Invoker.invokeTestMethods(Invoker.java:989)
      	at org.testng.internal.TestMethodWorker.invokeTestMethods(TestMethodWorker.java:125)
      	at org.testng.internal.TestMethodWorker.run(TestMethodWorker.java:109)
      	at org.testng.TestRunner.privateRun(TestRunner.java:648)
      	at org.testng.TestRunner.run(TestRunner.java:505)
      	at org.testng.SuiteRunner.runTest(SuiteRunner.java:455)
      	at org.testng.SuiteRunner.runSequentially(SuiteRunner.java:450)
      	at org.testng.SuiteRunner.privateRun(SuiteRunner.java:415)
      	at org.testng.SuiteRunner.run(SuiteRunner.java:364)
      	at org.testng.SuiteRunnerWorker.runSuite(SuiteRunnerWorker.java:52)
      	at org.testng.SuiteRunnerWorker.run(SuiteRunnerWorker.java:84)
      	at org.testng.TestNG.runSuitesSequentially(TestNG.java:1208)
      	at org.testng.TestNG.runSuitesLocally(TestNG.java:1137)
      	at org.testng.TestNG.runSuites(TestNG.java:1049)
      	at org.testng.TestNG.run(TestNG.java:1017)
      	at org.apache.maven.surefire.testng.TestNGExecutor.run(TestNGExecutor.java:136)
      	at org.apache.maven.surefire.testng.TestNGDirectoryTestSuite.executeSingleClass(TestNGDirectoryTestSuite.java:112)
      	at org.apache.maven.surefire.testng.TestNGDirectoryTestSuite.execute(TestNGDirectoryTestSuite.java:99)
      	at org.apache.maven.surefire.testng.TestNGProvider.invoke(TestNGProvider.java:145)
      	at org.apache.maven.surefire.booter.ForkedBooter.runSuitesInProcess(ForkedBooter.java:428)
      	at org.apache.maven.surefire.booter.ForkedBooter.execute(ForkedBooter.java:162)
      	at org.apache.maven.surefire.booter.ForkedBooter.run(ForkedBooter.java:562)
      	at org.apache.maven.surefire.booter.ForkedBooter.main(ForkedBooter.java:548)
      &amp#27;[0m
    &amp#27;[36mThen &amp#27;[0m&amp#27;[36mselect create new job section&amp#27;[0m                                             &amp#27;[90m# Stepdef.select_create_new_job_section()&amp#27;[0m
    &amp#27;[36mWhen &amp#27;[0m&amp#27;[36mclick on Start button of form&amp#27;[0m                                             &amp#27;[90m# Stepdef.click_on_Start_button_of_form()&amp#27;[0m
    &amp#27;[36mAnd &amp#27;[0m&amp#27;[36mchoose office address "&amp#27;[0m&amp#27;[36m&amp#27;[1mHyderabad&amp#27;[0m&amp#27;[36m"&amp#27;[0m                                          &amp#27;[90m# Stepdef.choose_office_address(String)&amp#27;[0m
    &amp#27;[36mAnd &amp#27;[0m&amp#27;[36madd Job Title as "&amp#27;[0m&amp#27;[36m&amp#27;[1msoftware Tester&amp#27;[0m&amp#27;[36m"&amp#27;[0m                                         &amp#27;[90m# Stepdef.add_Job_Title_as(String)&amp#27;[0m
    &amp#27;[36mAnd &amp#27;[0m&amp#27;[36madd internal code for job "&amp#27;[0m&amp#27;[36m&amp#27;[1mJob0001&amp#27;[0m&amp#27;[36m"&amp#27;[0m                                        &amp#27;[90m# Stepdef.add_internal_code_for_job(String)&amp#27;[0m
    &amp#27;[36mAnd &amp#27;[0m&amp#27;[36mselect Job Status as "&amp#27;[0m&amp#27;[36m&amp#27;[1minternal&external&amp#27;[0m&amp#27;[36m"&amp#27;[0m                                   &amp#27;[90m# Stepdef.select_Job_Status_as(String)&amp#27;[0m
    &amp#27;[36mAnd &amp#27;[0m&amp#27;[36mchoose candidates from other countries&amp#27;[0m                                     &amp#27;[90m# Stepdef.choose_candidates_from_other_countries()&amp#27;[0m
    &amp#27;[36mAnd &amp#27;[0m&amp#27;[36menable rank and file job&amp#27;[0m                                                   &amp#27;[90m# Stepdef.enable_rank_and_file_job()&amp#27;[0m
    &amp#27;[36mAnd &amp#27;[0m&amp#27;[36mSelect Country Location "&amp#27;[0m&amp#27;[36m&amp#27;[1mIndia&amp#27;[0m&amp#27;[36m"&amp#27;[0m                                            &amp#27;[90m# Stepdef.select_Country_Location(String)&amp#27;[0m
    &amp#27;[36mAnd &amp#27;[0m&amp#27;[36mSelect City location "&amp#27;[0m&amp#27;[36m&amp#27;[1mHyderabad&amp#27;[0m&amp#27;[36m"&amp#27;[0m                                           &amp#27;[90m# Stepdef.select_City_location(String)&amp#27;[0m
    &amp#27;[36mAnd &amp#27;[0m&amp#27;[36madd skills "&amp#27;[0m&amp#27;[36m&amp#27;[1mjava&amp#27;[0m&amp#27;[36m" and "&amp#27;[0m&amp#27;[36m&amp#27;[1msql&amp#27;[0m&amp#27;[36m"&amp#27;[0m                                                &amp#27;[90m# Stepdef.add_skills_and(String,String)&amp#27;[0m
    &amp#27;[36mAnd &amp#27;[0m&amp#27;[36madd Qualification "&amp#27;[0m&amp#27;[36m&amp#27;[1mBachelor's degree&amp#27;[0m&amp#27;[36m"&amp#27;[0m                                      &amp#27;[90m# Stepdef.add_Qualification(String)&amp#27;[0m
    &amp#27;[36mAnd &amp#27;[0m&amp#27;[36madd job type in emp details as "&amp#27;[0m&amp#27;[36m&amp#27;[1mPermanent&amp#27;[0m&amp#27;[36m"&amp#27;[0m                                 &amp#27;[90m# Stepdef.add_job_type_in_emp_details_as(String)&amp#27;[0m
    &amp#27;[36mAnd &amp#27;[0m&amp#27;[36mselect minimum experience as "&amp#27;[0m&amp#27;[36m&amp#27;[1m2&amp#27;[0m&amp#27;[36m"&amp#27;[0m                                           &amp#27;[90m# Stepdef.select_minimum_experience_as(String)&amp#27;[0m
    &amp#27;[36mAnd &amp#27;[0m&amp#27;[36mselect maximum experience as "&amp#27;[0m&amp#27;[36m&amp#27;[1m10&amp#27;[0m&amp#27;[36m"&amp#27;[0m                                          &amp#27;[90m# Stepdef.select_maximum_experience_as(String)&amp#27;[0m
    &amp#27;[36mAnd &amp#27;[0m&amp#27;[36mchoose Employment type as "&amp#27;[0m&amp#27;[36m&amp#27;[1mfull-time&amp#27;[0m&amp#27;[36m"&amp#27;[0m                                      &amp#27;[90m# Stepdef.choose_Employment_type_as(String)&amp#27;[0m
    &amp#27;[36mAnd &amp#27;[0m&amp#27;[36mchoose no of vacancies "&amp#27;[0m&amp#27;[36m&amp#27;[1m15&amp#27;[0m&amp#27;[36m"&amp#27;[0m                                                &amp#27;[90m# Stepdef.choose_no_of_vacancies(String)&amp#27;[0m
    &amp#27;[36mAnd &amp#27;[0m&amp#27;[36mchoose close date of job "&amp#27;[0m&amp#27;[36m&amp#27;[1m12/02/2022&amp#27;[0m&amp#27;[36m"&amp#27;[0m                                      &amp#27;[90m# Stepdef.choose_close_date_of_job(String)&amp#27;[0m
    &amp#27;[36mAnd &amp#27;[0m&amp#27;[36madd Job Description "&amp#27;[0m&amp#27;[36m&amp#27;[1mcandidate should be expert in java&amp#27;[0m&amp#27;[36m"&amp#27;[0m                   &amp#27;[90m# Stepdef.add_Job_Description(String)&amp#27;[0m
    &amp#27;[36mAnd &amp#27;[0m&amp#27;[36madd Job Requirements "&amp#27;[0m&amp#27;[36m&amp#27;[1m3 years experience&amp#27;[0m&amp#27;[36m"&amp#27;[0m                                  &amp#27;[90m# Stepdef.add_Job_Requirements(String)&amp#27;[0m
    &amp#27;[36mAnd &amp#27;[0m&amp#27;[36mchoose primary recruiter "&amp#27;[0m&amp#27;[36m&amp#27;[1manand paul&amp#27;[0m&amp#27;[36m"&amp#27;[0m                                      &amp#27;[90m# Stepdef.choose_primary_recruiter(String)&amp#27;[0m
    &amp#27;[36mAnd &amp#27;[0m&amp#27;[36mclick on submit button of job&amp#27;[0m                                              &amp#27;[90m# Stepdef.click_on_submit_button_of_job()&amp#27;[0m
    &amp#27;[36mAnd &amp#27;[0m&amp#27;[36mclick on view job button&amp#27;[0m                                                   &amp#27;[90m# Stepdef.click_on_view_job_button()&amp#27;[0m
    #   JOB INFO
    &amp#27;[36mWhen &amp#27;[0m&amp#27;[36mrecruiter clicks on collaborators section of job posted&amp#27;[0m                   &amp#27;[90m# Stepdef.recruiter_clicks_on_collaborators_section_of_job_posted()&amp#27;[0m
    &amp#27;[36mWhen &amp#27;[0m&amp#27;[36mrecruiter clicks on job approvers section of job posted&amp#27;[0m                   &amp#27;[90m# Stepdef.recruiter_clicks_on_job_approvers_section_of_job_posted()&amp#27;[0m
    &amp#27;[36mWhen &amp#27;[0m&amp#27;[36mrecruiter clicks on work flow automation of job&amp#27;[0m                           &amp#27;[90m# Stepdef.recruiter_clicks_on_work_flow_automation_of_job()&amp#27;[0m
    &amp#27;[36mAnd &amp#27;[0m&amp#27;[36menable this job be open forever until closed manually&amp#27;[0m                      &amp#27;[90m# Stepdef.enable_this_job_be_open_forever_until_closed_manually()&amp#27;[0m
    &amp#27;[36mAnd &amp#27;[0m&amp#27;[36mallow candidates to attach CV while applying for this job&amp#27;[0m                  &amp#27;[90m# Stepdef.allow_candidates_to_attach_CV_while_applying_for_this_job()&amp#27;[0m
    &amp#27;[36mAnd &amp#27;[0m&amp#27;[36menable to ask any pre-screening questions to the candidate&amp#27;[0m                 &amp#27;[90m# Stepdef.enable_to_ask_any_pre_screening_questions_to_the_candidate()&amp#27;[0m
    &amp#27;[36mAnd &amp#27;[0m&amp#27;[36menable What other shortlisting criteria would you like to enable&amp#27;[0m           &amp#27;[90m# Stepdef.enable_What_other_shortlisting_criteria_would_you_like_to_enable()&amp#27;[0m
    &amp#27;[36mAnd &amp#27;[0m&amp#27;[36menable already have consent from candidates to proceed with the interviews&amp#27;[0m &amp#27;[90m# Stepdef.enable_already_have_consent_from_candidates_to_proceed_with_the_interviews()&amp#27;[0m
    &amp#27;[36mAnd &amp#27;[0m&amp#27;[36mauto send pre interview questions to the candidate asa gives the consent&amp#27;[0m   &amp#27;[90m# Stepdef.auto_send_pre_interview_questions_to_the_candidate_asa_gives_the_consent()&amp#27;[0m
    &amp#27;[36mAnd &amp#27;[0m&amp#27;[36madd pre interview stage&amp#27;[0m                                                    &amp#27;[90m# Stepdef.add_pre_interview_stage()&amp#27;[0m
    #And For shortlisted candidates setup assessments and interviews
    #And enable already have consent from candidates to proceed with the offer
    &amp#27;[36mThen &amp#27;[0m&amp#27;[36mrecruiter enables assesments and interview setup toggle&amp#27;[0m                   &amp#27;[90m# Stepdef.recruiter_enables_assesments_and_interview_setup_toggle()&amp#27;[0m
    &amp#27;[36mThen &amp#27;[0m&amp#27;[36mRecruiter chooses Interview type phone round in job info&amp#27;[0m                  &amp#27;[90m# Stepdef.recruiter_chooses_Interview_type_phone_round_in_job_info()&amp#27;[0m
    &amp#27;[36mThen &amp#27;[0m&amp#27;[36mRecruiter schedules interview by clicking on blue arrow of job info&amp#27;[0m       &amp#27;[90m# Stepdef.recruiter_schedules_interview_by_clicking_on_blue_arrow_of_job_info()&amp#27;[0m
    &amp#27;[36mThen &amp#27;[0m&amp#27;[36mRecruiter clicks on checkbox to directly send invite&amp#27;[0m                      &amp#27;[90m# Stepdef.recruiter_clicks_on_checkbox_to_directly_send_invite()&amp#27;[0m
    &amp#27;[36mThen &amp#27;[0m&amp#27;[36mrecruiter clicks on add slot button&amp#27;[0m                                       &amp#27;[90m# Stepdef.recruiter_clicks_on_add_slot_button()&amp#27;[0m
    &amp#27;[36mThen &amp#27;[0m&amp#27;[36mRecruiter chooses Interview date and time&amp#27;[0m                                 &amp#27;[90m# Stepdef.recruiter_chooses_Interview_date_and_time()&amp#27;[0m
    &amp#27;[36mThen &amp#27;[0m&amp#27;[36mrecruiter selects end date and time&amp#27;[0m                                       &amp#27;[90m# Stepdef.recruiter_selects_end_date_and_time()&amp#27;[0m
    #Then Recruiter clicks on schedule an interview button
    &amp#27;[36mThen &amp#27;[0m&amp#27;[36mrecruiter enables already have consent from candidate&amp#27;[0m                     &amp#27;[90m# Stepdef.recruiter_enables_already_have_consent_from_candidate()&amp#27;[0m
    &amp#27;[36mWhen &amp#27;[0m&amp#27;[36mrecruiter clicks on conversations section of job posted&amp#27;[0m                   &amp#27;[90m# Stepdef.recruiter_clicks_on_conversations_section_of_job_posted()&amp#27;[0m
    &amp#27;[36mWhen &amp#27;[0m&amp#27;[36mrecruiter clicks on ai settings of Job&amp#27;[0m                                    &amp#27;[90m# Stepdef.recruiter_clicks_on_ai_settings_of_Job()&amp#27;[0m
    &amp#27;[36mWhen &amp#27;[0m&amp#27;[36mrecruiter clicks on hiring goals of job&amp#27;[0m                                   &amp#27;[90m# Stepdef.recruiter_clicks_on_hiring_goals_of_job()&amp#27;[0m
    &amp#27;[36mWhen &amp#27;[0m&amp#27;[36mrecruiter clicks on consulting fee of job&amp#27;[0m                                 &amp#27;[90m# Stepdef.recruiter_clicks_on_consulting_fee_of_job()&amp#27;[0m
    &amp#27;[36mWhen &amp#27;[0m&amp#27;[36mrecruiter clicks on meta info of job posted&amp#27;[0m                               &amp#27;[90m# Stepdef.recruiter_clicks_on_meta_info_of_job_posted()&amp#27;[0m
    &amp#27;[36mWhen &amp#27;[0m&amp#27;[36mrecruiter clicks on timeline of job posted&amp#27;[0m                                &amp#27;[90m# Stepdef.recruiter_clicks_on_timeline_of_job_posted()&amp#27;[0m
]]></system-out>
    <system-err><![CDATA[Starting ChromeDriver 107.0.5304.62 (1eec40d3a5764881c92085aaee66d25075c159aa-refs/branch-heads/5304@{#942}) on port 35211
Only local connections are allowed.
Please see https://chromedriver.chromium.org/security-considerations for suggestions on keeping ChromeDriver safe.
ChromeDriver was started successfully.
Nov 19, 2022 1:45:47 PM org.openqa.selenium.remote.ProtocolHandshake createSession
INFO: Detected dialect: W3C
]]></system-err>
  </testcase>
  <testcase name="feature[Edit Job Info](8)" classname="testrunners.Testrunners" time="68.684">
    <failure message="org.openqa.selenium.TimeoutException: Expected condition failed: waiting for element to be clickable: By.xpath: /html/body/section/div[1]/div/header/nav/ul/li[2]/a (tried for 30 second(s) with 500 milliseconds interval)" type="cucumber.runtime.CucumberException"><![CDATA[cucumber.runtime.CucumberException: org.openqa.selenium.TimeoutException: Expected condition failed: waiting for element to be clickable: By.xpath: /html/body/section/div[1]/div/header/nav/ul/li[2]/a (tried for 30 second(s) with 500 milliseconds interval)
Caused by: org.openqa.selenium.TimeoutException: Expected condition failed: waiting for element to be clickable: By.xpath: /html/body/section/div[1]/div/header/nav/ul/li[2]/a (tried for 30 second(s) with 500 milliseconds interval)
Caused by: org.openqa.selenium.NoSuchElementException: 
no such element: Unable to locate element: {"method":"xpath","selector":"/html/body/section/div[1]/div/header/nav/ul/li[2]/a"}
  (Session info: chrome=107.0.5304.107)
For documentation on this error, please visit: https://www.seleniumhq.org/exceptions/no_such_element.html
Build info: version: '3.141.59', revision: 'e82be7d358', time: '2018-11-14T08:17:03'
System info: host: 'PAUL', ip: '192.168.1.3', os.name: 'Windows 11', os.arch: 'amd64', os.version: '10.0', java.version: '11.0.16'
Driver info: org.openqa.selenium.chrome.ChromeDriver
Capabilities {acceptInsecureCerts: false, browserName: chrome, browserVersion: 107.0.5304.107, chrome: {chromedriverVersion: 107.0.5304.62 (1eec40d3a576..., userDataDir: C:\Users\paul\AppData\Local...}, goog:chromeOptions: {debuggerAddress: localhost:52105}, javascriptEnabled: true, networkConnectionEnabled: false, pageLoadStrategy: normal, platform: WINDOWS, platformName: WINDOWS, proxy: Proxy(), setWindowRect: true, strictFileInteractability: false, timeouts: {implicit: 0, pageLoad: 300000, script: 30000}, unhandledPromptBehavior: dismiss and notify, webauthn:extension:credBlob: true, webauthn:extension:largeBlob: true, webauthn:virtualAuthenticators: true}
Session ID: f225a80dee2683d5a0b2c1dbd8f43233
*** Element info: {Using=xpath, value=/html/body/section/div[1]/div/header/nav/ul/li[2]/a}
]]></failure>
    <system-out><![CDATA[@tag
Feature: Edit Job Info

  Scenario: Verify Recruiter Ai Login Functionality                    &amp#27;[90m# 08_edit_job_info.feature:4&amp#27;[0m
    &amp#27;[32mGiven &amp#27;[0m&amp#27;[32mLaunch Application using valid URL&amp#27;[0m                           &amp#27;[90m# Stepdef.launch_Application_using_valid_URL()&amp#27;[0m
    &amp#27;[32mThen &amp#27;[0m&amp#27;[32maccept cookies and choose login type&amp#27;[0m                          &amp#27;[90m# Stepdef.accept_cookies_and_choose_login_type()&amp#27;[0m
    &amp#27;[32mWhen &amp#27;[0m&amp#27;[32menters valid credentials "&amp#27;[0m&amp#27;[32m&amp#27;[1mpaul@trainingqa.com&amp#27;[0m&amp#27;[32m" and "&amp#27;[0m&amp#27;[32m&amp#27;[1mXPAStag0&amp#27;[0m&amp#27;[32m"&amp#27;[0m &amp#27;[90m# Stepdef.enters_valid_credentials_and(String,String)&amp#27;[0m
    &amp#27;[32mThen &amp#27;[0m&amp#27;[32mverify captcha and click on Login button&amp#27;[0m                      &amp#27;[90m# Stepdef.verify_captcha_and_click_on_Login_button()&amp#27;[0m

  @CreateNewJob
  Scenario Outline: Verify create new job functionality with basic information &amp#27;[90m# 08_edit_job_info.feature:11&amp#27;[0m
    &amp#27;[36mGiven &amp#27;[0m&amp#27;[36mRecruiter clicks on Jobs Menu&amp#27;[0m
    &amp#27;[36mThen &amp#27;[0m&amp#27;[36mselect create new job section&amp#27;[0m
    &amp#27;[36mWhen &amp#27;[0m&amp#27;[36mclick on Start button of form&amp#27;[0m
    &amp#27;[36mAnd &amp#27;[0m&amp#27;[36mchoose office address "<office address>"&amp#27;[0m
    &amp#27;[36mAnd &amp#27;[0m&amp#27;[36madd Job Title as "<job title>"&amp#27;[0m
    &amp#27;[36mAnd &amp#27;[0m&amp#27;[36madd internal code for job "<internal code>"&amp#27;[0m
    &amp#27;[36mAnd &amp#27;[0m&amp#27;[36mselect Job Status as "<job status>"&amp#27;[0m
    &amp#27;[36mAnd &amp#27;[0m&amp#27;[36mchoose candidates from other countries&amp#27;[0m
    &amp#27;[36mAnd &amp#27;[0m&amp#27;[36menable rank and file job&amp#27;[0m
    &amp#27;[36mAnd &amp#27;[0m&amp#27;[36mSelect Country Location "<country location>"&amp#27;[0m
    &amp#27;[36mAnd &amp#27;[0m&amp#27;[36mSelect City location "<city location>"&amp#27;[0m
    &amp#27;[36mAnd &amp#27;[0m&amp#27;[36madd skills "<skill 1>" and "<skill 2>"&amp#27;[0m
    &amp#27;[36mAnd &amp#27;[0m&amp#27;[36madd Qualification "<qualification>"&amp#27;[0m
    &amp#27;[36mAnd &amp#27;[0m&amp#27;[36madd job type in emp details as "<job type>"&amp#27;[0m
    &amp#27;[36mAnd &amp#27;[0m&amp#27;[36mselect minimum experience as "<min exp>"&amp#27;[0m
    &amp#27;[36mAnd &amp#27;[0m&amp#27;[36mselect maximum experience as "<max exp>"&amp#27;[0m
    &amp#27;[36mAnd &amp#27;[0m&amp#27;[36mchoose Employment type as "<emp type>"&amp#27;[0m
    &amp#27;[36mAnd &amp#27;[0m&amp#27;[36mchoose no of vacancies "<vacancies>"&amp#27;[0m
    &amp#27;[36mAnd &amp#27;[0m&amp#27;[36mchoose close date of job "<mdyclosedate>"&amp#27;[0m
    &amp#27;[36mAnd &amp#27;[0m&amp#27;[36madd Job Description "<job discription>"&amp#27;[0m
    &amp#27;[36mAnd &amp#27;[0m&amp#27;[36madd Job Requirements "<job requirements>"&amp#27;[0m
    &amp#27;[36mAnd &amp#27;[0m&amp#27;[36mchoose primary recruiter "<primary recruiter>"&amp#27;[0m
    &amp#27;[36mAnd &amp#27;[0m&amp#27;[36mclick on submit button of job&amp#27;[0m
    &amp#27;[36mAnd &amp#27;[0m&amp#27;[36mclick on view job button&amp#27;[0m
    &amp#27;[36mThen &amp#27;[0m&amp#27;[36mcopy the job link&amp#27;[0m
    #When recruiter clicks on clone job
    &amp#27;[36mWhen &amp#27;[0m&amp#27;[36mrecruiter clicks on email this job "job@id1.com" and "jobcc@id1.com"&amp#27;[0m

    #When recruiter clicks on transfer ownership of the job
    Examples: 

  @tag @CreateNewJob
  Scenario Outline: Verify create new job functionality with basic information &amp#27;[90m# 08_edit_job_info.feature:43&amp#27;[0m
    &amp#27;[31mGiven &amp#27;[0m&amp#27;[31mRecruiter clicks on Jobs Menu&amp#27;[0m                                        &amp#27;[90m# Stepdef.recruiter_clicks_on_Jobs_Menu()&amp#27;[0m
      &amp#27;[31morg.openqa.selenium.TimeoutException: Expected condition failed: waiting for element to be clickable: By.xpath: /html/body/section/div[1]/div/header/nav/ul/li[2]/a (tried for 30 second(s) with 500 milliseconds interval)
      	at org.openqa.selenium.support.ui.WebDriverWait.timeoutException(WebDriverWait.java:95)
      	at org.openqa.selenium.support.ui.FluentWait.until(FluentWait.java:272)
      	at stepdef.Stepdef.recruiter_clicks_on_Jobs_Menu(Stepdef.java:90)
      	at ?.Given Recruiter clicks on Jobs Menu(08_edit_job_info.feature:12)
      Caused by: org.openqa.selenium.NoSuchElementException: no such element: Unable to locate element: {"method":"xpath","selector":"/html/body/section/div[1]/div/header/nav/ul/li[2]/a"}
        (Session info: chrome=107.0.5304.107)
      For documentation on this error, please visit: https://www.seleniumhq.org/exceptions/no_such_element.html
      Build info: version: '3.141.59', revision: 'e82be7d358', time: '2018-11-14T08:17:03'
      System info: host: 'PAUL', ip: '192.168.1.3', os.name: 'Windows 11', os.arch: 'amd64', os.version: '10.0', java.version: '11.0.16'
      Driver info: org.openqa.selenium.chrome.ChromeDriver
      Capabilities {acceptInsecureCerts: false, browserName: chrome, browserVersion: 107.0.5304.107, chrome: {chromedriverVersion: 107.0.5304.62 (1eec40d3a576..., userDataDir: C:\Users\paul\AppData\Local...}, goog:chromeOptions: {debuggerAddress: localhost:52105}, javascriptEnabled: true, networkConnectionEnabled: false, pageLoadStrategy: normal, platform: WINDOWS, platformName: WINDOWS, proxy: Proxy(), setWindowRect: true, strictFileInteractability: false, timeouts: {implicit: 0, pageLoad: 300000, script: 30000}, unhandledPromptBehavior: dismiss and notify, webauthn:extension:credBlob: true, webauthn:extension:largeBlob: true, webauthn:virtualAuthenticators: true}
      Session ID: f225a80dee2683d5a0b2c1dbd8f43233
      *** Element info: {Using=xpath, value=/html/body/section/div[1]/div/header/nav/ul/li[2]/a}
      	at java.base/jdk.internal.reflect.NativeConstructorAccessorImpl.newInstance0(Native Method)
      	at java.base/jdk.internal.reflect.NativeConstructorAccessorImpl.newInstance(NativeConstructorAccessorImpl.java:62)
      	at java.base/jdk.internal.reflect.DelegatingConstructorAccessorImpl.newInstance(DelegatingConstructorAccessorImpl.java:45)
      	at java.base/java.lang.reflect.Constructor.newInstance(Constructor.java:490)
      	at org.openqa.selenium.remote.http.W3CHttpResponseCodec.createException(W3CHttpResponseCodec.java:187)
      	at org.openqa.selenium.remote.http.W3CHttpResponseCodec.decode(W3CHttpResponseCodec.java:122)
      	at org.openqa.selenium.remote.http.W3CHttpResponseCodec.decode(W3CHttpResponseCodec.java:49)
      	at org.openqa.selenium.remote.HttpCommandExecutor.execute(HttpCommandExecutor.java:158)
      	at org.openqa.selenium.remote.service.DriverCommandExecutor.execute(DriverCommandExecutor.java:83)
      	at org.openqa.selenium.remote.RemoteWebDriver.execute(RemoteWebDriver.java:552)
      	at org.openqa.selenium.remote.RemoteWebDriver.findElement(RemoteWebDriver.java:323)
      	at org.openqa.selenium.remote.RemoteWebDriver.findElementByXPath(RemoteWebDriver.java:428)
      	at org.openqa.selenium.By$ByXPath.findElement(By.java:353)
      	at org.openqa.selenium.remote.RemoteWebDriver.findElement(RemoteWebDriver.java:315)
      	at org.openqa.selenium.support.ui.ExpectedConditions$7.apply(ExpectedConditions.java:205)
      	at org.openqa.selenium.support.ui.ExpectedConditions$7.apply(ExpectedConditions.java:201)
      	at org.openqa.selenium.support.ui.ExpectedConditions$22.apply(ExpectedConditions.java:641)
      	at org.openqa.selenium.support.ui.ExpectedConditions$22.apply(ExpectedConditions.java:638)
      	at org.openqa.selenium.support.ui.FluentWait.until(FluentWait.java:249)
      	at stepdef.Stepdef.recruiter_clicks_on_Jobs_Menu(Stepdef.java:90)
      	at java.base/jdk.internal.reflect.NativeMethodAccessorImpl.invoke0(Native Method)
      	at java.base/jdk.internal.reflect.NativeMethodAccessorImpl.invoke(NativeMethodAccessorImpl.java:62)
      	at java.base/jdk.internal.reflect.DelegatingMethodAccessorImpl.invoke(DelegatingMethodAccessorImpl.java:43)
      	at java.base/java.lang.reflect.Method.invoke(Method.java:566)
      	at cucumber.runtime.Utils$1.call(Utils.java:40)
      	at cucumber.runtime.Timeout.timeout(Timeout.java:16)
      	at cucumber.runtime.Utils.invoke(Utils.java:34)
      	at cucumber.runtime.java.JavaStepDefinition.execute(JavaStepDefinition.java:38)
      	at cucumber.runtime.StepDefinitionMatch.runStep(StepDefinitionMatch.java:37)
      	at cucumber.runtime.Runtime.runStep(Runtime.java:300)
      	at cucumber.runtime.model.StepContainer.runStep(StepContainer.java:44)
      	at cucumber.runtime.model.StepContainer.runSteps(StepContainer.java:39)
      	at cucumber.runtime.model.CucumberScenario.run(CucumberScenario.java:44)
      	at cucumber.runtime.model.CucumberScenarioOutline.run(CucumberScenarioOutline.java:46)
      	at cucumber.runtime.model.CucumberFeature.run(CucumberFeature.java:165)
      	at cucumber.api.testng.TestNGCucumberRunner.runCucumber(TestNGCucumberRunner.java:63)
      	at cucumber.api.testng.AbstractTestNGCucumberTests.feature(AbstractTestNGCucumberTests.java:21)
      	at java.base/jdk.internal.reflect.NativeMethodAccessorImpl.invoke0(Native Method)
      	at java.base/jdk.internal.reflect.NativeMethodAccessorImpl.invoke(NativeMethodAccessorImpl.java:62)
      	at java.base/jdk.internal.reflect.DelegatingMethodAccessorImpl.invoke(DelegatingMethodAccessorImpl.java:43)
      	at java.base/java.lang.reflect.Method.invoke(Method.java:566)
      	at org.testng.internal.MethodInvocationHelper.invokeMethod(MethodInvocationHelper.java:124)
      	at org.testng.internal.Invoker.invokeMethod(Invoker.java:583)
      	at org.testng.internal.Invoker.invokeTestMethod(Invoker.java:719)
      	at org.testng.internal.Invoker.invokeTestMethods(Invoker.java:989)
      	at org.testng.internal.TestMethodWorker.invokeTestMethods(TestMethodWorker.java:125)
      	at org.testng.internal.TestMethodWorker.run(TestMethodWorker.java:109)
      	at org.testng.TestRunner.privateRun(TestRunner.java:648)
      	at org.testng.TestRunner.run(TestRunner.java:505)
      	at org.testng.SuiteRunner.runTest(SuiteRunner.java:455)
      	at org.testng.SuiteRunner.runSequentially(SuiteRunner.java:450)
      	at org.testng.SuiteRunner.privateRun(SuiteRunner.java:415)
      	at org.testng.SuiteRunner.run(SuiteRunner.java:364)
      	at org.testng.SuiteRunnerWorker.runSuite(SuiteRunnerWorker.java:52)
      	at org.testng.SuiteRunnerWorker.run(SuiteRunnerWorker.java:84)
      	at org.testng.TestNG.runSuitesSequentially(TestNG.java:1208)
      	at org.testng.TestNG.runSuitesLocally(TestNG.java:1137)
      	at org.testng.TestNG.runSuites(TestNG.java:1049)
      	at org.testng.TestNG.run(TestNG.java:1017)
      	at org.apache.maven.surefire.testng.TestNGExecutor.run(TestNGExecutor.java:136)
      	at org.apache.maven.surefire.testng.TestNGDirectoryTestSuite.executeSingleClass(TestNGDirectoryTestSuite.java:112)
      	at org.apache.maven.surefire.testng.TestNGDirectoryTestSuite.execute(TestNGDirectoryTestSuite.java:99)
      	at org.apache.maven.surefire.testng.TestNGProvider.invoke(TestNGProvider.java:145)
      	at org.apache.maven.surefire.booter.ForkedBooter.runSuitesInProcess(ForkedBooter.java:428)
      	at org.apache.maven.surefire.booter.ForkedBooter.execute(ForkedBooter.java:162)
      	at org.apache.maven.surefire.booter.ForkedBooter.run(ForkedBooter.java:562)
      	at org.apache.maven.surefire.booter.ForkedBooter.main(ForkedBooter.java:548)
      &amp#27;[0m
    &amp#27;[36mThen &amp#27;[0m&amp#27;[36mselect create new job section&amp#27;[0m                                         &amp#27;[90m# Stepdef.select_create_new_job_section()&amp#27;[0m
    &amp#27;[36mWhen &amp#27;[0m&amp#27;[36mclick on Start button of form&amp#27;[0m                                         &amp#27;[90m# Stepdef.click_on_Start_button_of_form()&amp#27;[0m
    &amp#27;[36mAnd &amp#27;[0m&amp#27;[36mchoose office address "&amp#27;[0m&amp#27;[36m&amp#27;[1mHyderabad&amp#27;[0m&amp#27;[36m"&amp#27;[0m                                      &amp#27;[90m# Stepdef.choose_office_address(String)&amp#27;[0m
    &amp#27;[36mAnd &amp#27;[0m&amp#27;[36madd Job Title as "&amp#27;[0m&amp#27;[36m&amp#27;[1msoftware Tester&amp#27;[0m&amp#27;[36m"&amp#27;[0m                                     &amp#27;[90m# Stepdef.add_Job_Title_as(String)&amp#27;[0m
    &amp#27;[36mAnd &amp#27;[0m&amp#27;[36madd internal code for job "&amp#27;[0m&amp#27;[36m&amp#27;[1mJob0001&amp#27;[0m&amp#27;[36m"&amp#27;[0m                                    &amp#27;[90m# Stepdef.add_internal_code_for_job(String)&amp#27;[0m
    &amp#27;[36mAnd &amp#27;[0m&amp#27;[36mselect Job Status as "&amp#27;[0m&amp#27;[36m&amp#27;[1minternal&external&amp#27;[0m&amp#27;[36m"&amp#27;[0m                               &amp#27;[90m# Stepdef.select_Job_Status_as(String)&amp#27;[0m
    &amp#27;[36mAnd &amp#27;[0m&amp#27;[36mchoose candidates from other countries&amp#27;[0m                                 &amp#27;[90m# Stepdef.choose_candidates_from_other_countries()&amp#27;[0m
    &amp#27;[36mAnd &amp#27;[0m&amp#27;[36menable rank and file job&amp#27;[0m                                               &amp#27;[90m# Stepdef.enable_rank_and_file_job()&amp#27;[0m
    &amp#27;[36mAnd &amp#27;[0m&amp#27;[36mSelect Country Location "&amp#27;[0m&amp#27;[36m&amp#27;[1mIndia&amp#27;[0m&amp#27;[36m"&amp#27;[0m                                        &amp#27;[90m# Stepdef.select_Country_Location(String)&amp#27;[0m
    &amp#27;[36mAnd &amp#27;[0m&amp#27;[36mSelect City location "&amp#27;[0m&amp#27;[36m&amp#27;[1mHyderabad&amp#27;[0m&amp#27;[36m"&amp#27;[0m                                       &amp#27;[90m# Stepdef.select_City_location(String)&amp#27;[0m
    &amp#27;[36mAnd &amp#27;[0m&amp#27;[36madd skills "&amp#27;[0m&amp#27;[36m&amp#27;[1mjava&amp#27;[0m&amp#27;[36m" and "&amp#27;[0m&amp#27;[36m&amp#27;[1msql&amp#27;[0m&amp#27;[36m"&amp#27;[0m                                            &amp#27;[90m# Stepdef.add_skills_and(String,String)&amp#27;[0m
    &amp#27;[36mAnd &amp#27;[0m&amp#27;[36madd Qualification "&amp#27;[0m&amp#27;[36m&amp#27;[1mBachelor's degree&amp#27;[0m&amp#27;[36m"&amp#27;[0m                                  &amp#27;[90m# Stepdef.add_Qualification(String)&amp#27;[0m
    &amp#27;[36mAnd &amp#27;[0m&amp#27;[36madd job type in emp details as "&amp#27;[0m&amp#27;[36m&amp#27;[1mPermanent&amp#27;[0m&amp#27;[36m"&amp#27;[0m                             &amp#27;[90m# Stepdef.add_job_type_in_emp_details_as(String)&amp#27;[0m
    &amp#27;[36mAnd &amp#27;[0m&amp#27;[36mselect minimum experience as "&amp#27;[0m&amp#27;[36m&amp#27;[1m2&amp#27;[0m&amp#27;[36m"&amp#27;[0m                                       &amp#27;[90m# Stepdef.select_minimum_experience_as(String)&amp#27;[0m
    &amp#27;[36mAnd &amp#27;[0m&amp#27;[36mselect maximum experience as "&amp#27;[0m&amp#27;[36m&amp#27;[1m10&amp#27;[0m&amp#27;[36m"&amp#27;[0m                                      &amp#27;[90m# Stepdef.select_maximum_experience_as(String)&amp#27;[0m
    &amp#27;[36mAnd &amp#27;[0m&amp#27;[36mchoose Employment type as "&amp#27;[0m&amp#27;[36m&amp#27;[1mfull-time&amp#27;[0m&amp#27;[36m"&amp#27;[0m                                  &amp#27;[90m# Stepdef.choose_Employment_type_as(String)&amp#27;[0m
    &amp#27;[36mAnd &amp#27;[0m&amp#27;[36mchoose no of vacancies "&amp#27;[0m&amp#27;[36m&amp#27;[1m15&amp#27;[0m&amp#27;[36m"&amp#27;[0m                                            &amp#27;[90m# Stepdef.choose_no_of_vacancies(String)&amp#27;[0m
    &amp#27;[36mAnd &amp#27;[0m&amp#27;[36mchoose close date of job "&amp#27;[0m&amp#27;[36m&amp#27;[1m12/02/2022&amp#27;[0m&amp#27;[36m"&amp#27;[0m                                  &amp#27;[90m# Stepdef.choose_close_date_of_job(String)&amp#27;[0m
    &amp#27;[36mAnd &amp#27;[0m&amp#27;[36madd Job Description "&amp#27;[0m&amp#27;[36m&amp#27;[1mcandidate should be expert in java&amp#27;[0m&amp#27;[36m"&amp#27;[0m               &amp#27;[90m# Stepdef.add_Job_Description(String)&amp#27;[0m
    &amp#27;[36mAnd &amp#27;[0m&amp#27;[36madd Job Requirements "&amp#27;[0m&amp#27;[36m&amp#27;[1m3 years experience&amp#27;[0m&amp#27;[36m"&amp#27;[0m                              &amp#27;[90m# Stepdef.add_Job_Requirements(String)&amp#27;[0m
    &amp#27;[36mAnd &amp#27;[0m&amp#27;[36mchoose primary recruiter "&amp#27;[0m&amp#27;[36m&amp#27;[1manand paul&amp#27;[0m&amp#27;[36m"&amp#27;[0m                                  &amp#27;[90m# Stepdef.choose_primary_recruiter(String)&amp#27;[0m
    &amp#27;[36mAnd &amp#27;[0m&amp#27;[36mclick on submit button of job&amp#27;[0m                                          &amp#27;[90m# Stepdef.click_on_submit_button_of_job()&amp#27;[0m
    &amp#27;[36mAnd &amp#27;[0m&amp#27;[36mclick on view job button&amp#27;[0m                                               &amp#27;[90m# Stepdef.click_on_view_job_button()&amp#27;[0m
    &amp#27;[36mThen &amp#27;[0m&amp#27;[36mcopy the job link&amp#27;[0m                                                     &amp#27;[90m# Stepdef.copy_the_job_link()&amp#27;[0m
    #When recruiter clicks on clone job
    &amp#27;[36mWhen &amp#27;[0m&amp#27;[36mrecruiter clicks on email this job "&amp#27;[0m&amp#27;[36m&amp#27;[1mjob@id1.com&amp#27;[0m&amp#27;[36m" and "&amp#27;[0m&amp#27;[36m&amp#27;[1mjobcc@id1.com&amp#27;[0m&amp#27;[36m"&amp#27;[0m  &amp#27;[90m# Stepdef.recruiter_clicks_on_email_this_job_and(String,String)&amp#27;[0m

  Scenario Outline: verify edit job info                           &amp#27;[90m# 08_edit_job_info.feature:45&amp#27;[0m
    #When recruiter clicks on clone job
    #When recruiter clicks on email this job "job@id1.com" and "jobcc@id1.com"
    &amp#27;[36mWhen &amp#27;[0m&amp#27;[36mrecruiter clicks on edit job&amp#27;[0m
    &amp#27;[36mAnd &amp#27;[0m&amp#27;[36mrecruiter edits office address "<office address>"&amp#27;[0m
    &amp#27;[36mAnd &amp#27;[0m&amp#27;[36mrecruiter edits Job Title as "<job title>"&amp#27;[0m
    &amp#27;[36mAnd &amp#27;[0m&amp#27;[36mrecruiter edits internal code for job "<internal code>"&amp#27;[0m
    &amp#27;[36mAnd &amp#27;[0m&amp#27;[36mrecruiter edits Job Status as "<job status>"&amp#27;[0m
    #And recruiter edits choose candidates from other countries
    #And recruiter edits enable rank and file job
    #And recruiter edits Country Location "<country location>"
    #And recruiter edits City location "<city location>"
    #And recruiter edits skills "<skill 1>" and "<skill 2>"
    #And recruiter edits add Qualification "<qualification>"
    #And recruiter edits job type in emp details as "<job type>"
    &amp#27;[36mAnd &amp#27;[0m&amp#27;[36mrecruiter edits minimum experience as "<min exp>"&amp#27;[0m
    &amp#27;[36mAnd &amp#27;[0m&amp#27;[36mrecruiter edits maximum experience as "<max exp>"&amp#27;[0m
    &amp#27;[36mAnd &amp#27;[0m&amp#27;[36mrecruiter edits Employment type as "<emp type>"&amp#27;[0m
    &amp#27;[36mAnd &amp#27;[0m&amp#27;[36mrecruiter edits no of vacancies "<vacancies>"&amp#27;[0m
    &amp#27;[36mAnd &amp#27;[0m&amp#27;[36mrecruiter edits close date of job "<mdyclosedate>"&amp#27;[0m
    &amp#27;[36mAnd &amp#27;[0m&amp#27;[36mrecruiter edits Job Description "<job discription>"&amp#27;[0m
    &amp#27;[36mAnd &amp#27;[0m&amp#27;[36mrecruiter edits Job Requirements "<job requirements>"&amp#27;[0m
    &amp#27;[36mAnd &amp#27;[0m&amp#27;[36mrecruiter edits primary recruiter "<primary recruiter>"&amp#27;[0m
    #And click on submit after editing basic info of job
    &amp#27;[36mWhen &amp#27;[0m&amp#27;[36mclicks on skills and education section&amp#27;[0m
    &amp#27;[36mWhen &amp#27;[0m&amp#27;[36mrecruiter edits industry field "<industry>"&amp#27;[0m
    &amp#27;[36mAnd &amp#27;[0m&amp#27;[36mrecruiter edits add keywords for AI to vote CV "<keyword>"&amp#27;[0m
    &amp#27;[36mAnd &amp#27;[0m&amp#27;[36mrecruiter edits Education "<education>"&amp#27;[0m
    &amp#27;[36mWhen &amp#27;[0m&amp#27;[36mrecruiter clicks on Additional Information&amp#27;[0m
    &amp#27;[36mWhen &amp#27;[0m&amp#27;[36mrecruiter edits Work Location "<worklocation>"&amp#27;[0m
    &amp#27;[36mAnd &amp#27;[0m&amp#27;[36mrecruiter can edit working Hours "<working hrs>"&amp#27;[0m
    &amp#27;[36mAnd &amp#27;[0m&amp#27;[36mrecruiter can edit minimal Annual Salary "<min sal>"&amp#27;[0m
    &amp#27;[36mAnd &amp#27;[0m&amp#27;[36mrecruiter can edit maximum Annual Salary "<max sal>"&amp#27;[0m
    &amp#27;[36mAnd &amp#27;[0m&amp#27;[36mrecruiter edits prescreening questions&amp#27;[0m
    &amp#27;[36mThen &amp#27;[0m&amp#27;[36mrecruiter can edit collaborators&amp#27;[0m

    Examples: 

  @tag
  Scenario Outline: verify edit job info                                     &amp#27;[90m# 08_edit_job_info.feature:84&amp#27;[0m
    #When recruiter clicks on clone job
    #When recruiter clicks on email this job "job@id1.com" and "jobcc@id1.com"
    &amp#27;[31mWhen &amp#27;[0m&amp#27;[31mrecruiter clicks on edit job&amp#27;[0m                                        &amp#27;[90m# Stepdef.recruiter_clicks_on_edit_job()&amp#27;[0m
      &amp#27;[31morg.openqa.selenium.TimeoutException: Expected condition failed: waiting for element to be clickable: By.xpath: //button[text()='Edit Job'] (tried for 15 second(s) with 500 milliseconds interval)
      	at org.openqa.selenium.support.ui.WebDriverWait.timeoutException(WebDriverWait.java:95)
      	at org.openqa.selenium.support.ui.FluentWait.until(FluentWait.java:272)
      	at stepdef.Stepdef.recruiter_clicks_on_edit_job(Stepdef.java:2709)
      	at ?.When recruiter clicks on edit job(08_edit_job_info.feature:48)
      Caused by: org.openqa.selenium.NoSuchElementException: no such element: Unable to locate element: {"method":"xpath","selector":"//button[text()='Edit Job']"}
        (Session info: chrome=107.0.5304.107)
      For documentation on this error, please visit: https://www.seleniumhq.org/exceptions/no_such_element.html
      Build info: version: '3.141.59', revision: 'e82be7d358', time: '2018-11-14T08:17:03'
      System info: host: 'PAUL', ip: '192.168.1.3', os.name: 'Windows 11', os.arch: 'amd64', os.version: '10.0', java.version: '11.0.16'
      Driver info: org.openqa.selenium.chrome.ChromeDriver
      Capabilities {acceptInsecureCerts: false, browserName: chrome, browserVersion: 107.0.5304.107, chrome: {chromedriverVersion: 107.0.5304.62 (1eec40d3a576..., userDataDir: C:\Users\paul\AppData\Local...}, goog:chromeOptions: {debuggerAddress: localhost:52105}, javascriptEnabled: true, networkConnectionEnabled: false, pageLoadStrategy: normal, platform: WINDOWS, platformName: WINDOWS, proxy: Proxy(), setWindowRect: true, strictFileInteractability: false, timeouts: {implicit: 0, pageLoad: 300000, script: 30000}, unhandledPromptBehavior: dismiss and notify, webauthn:extension:credBlob: true, webauthn:extension:largeBlob: true, webauthn:virtualAuthenticators: true}
      Session ID: f225a80dee2683d5a0b2c1dbd8f43233
      *** Element info: {Using=xpath, value=//button[text()='Edit Job']}
      	at java.base/jdk.internal.reflect.NativeConstructorAccessorImpl.newInstance0(Native Method)
      	at java.base/jdk.internal.reflect.NativeConstructorAccessorImpl.newInstance(NativeConstructorAccessorImpl.java:62)
      	at java.base/jdk.internal.reflect.DelegatingConstructorAccessorImpl.newInstance(DelegatingConstructorAccessorImpl.java:45)
      	at java.base/java.lang.reflect.Constructor.newInstance(Constructor.java:490)
      	at org.openqa.selenium.remote.http.W3CHttpResponseCodec.createException(W3CHttpResponseCodec.java:187)
      	at org.openqa.selenium.remote.http.W3CHttpResponseCodec.decode(W3CHttpResponseCodec.java:122)
      	at org.openqa.selenium.remote.http.W3CHttpResponseCodec.decode(W3CHttpResponseCodec.java:49)
      	at org.openqa.selenium.remote.HttpCommandExecutor.execute(HttpCommandExecutor.java:158)
      	at org.openqa.selenium.remote.service.DriverCommandExecutor.execute(DriverCommandExecutor.java:83)
      	at org.openqa.selenium.remote.RemoteWebDriver.execute(RemoteWebDriver.java:552)
      	at org.openqa.selenium.remote.RemoteWebDriver.findElement(RemoteWebDriver.java:323)
      	at org.openqa.selenium.remote.RemoteWebDriver.findElementByXPath(RemoteWebDriver.java:428)
      	at org.openqa.selenium.By$ByXPath.findElement(By.java:353)
      	at org.openqa.selenium.remote.RemoteWebDriver.findElement(RemoteWebDriver.java:315)
      	at org.openqa.selenium.support.ui.ExpectedConditions$7.apply(ExpectedConditions.java:205)
      	at org.openqa.selenium.support.ui.ExpectedConditions$7.apply(ExpectedConditions.java:201)
      	at org.openqa.selenium.support.ui.ExpectedConditions$22.apply(ExpectedConditions.java:641)
      	at org.openqa.selenium.support.ui.ExpectedConditions$22.apply(ExpectedConditions.java:638)
      	at org.openqa.selenium.support.ui.FluentWait.until(FluentWait.java:249)
      	at stepdef.Stepdef.recruiter_clicks_on_edit_job(Stepdef.java:2709)
      	at java.base/jdk.internal.reflect.NativeMethodAccessorImpl.invoke0(Native Method)
      	at java.base/jdk.internal.reflect.NativeMethodAccessorImpl.invoke(NativeMethodAccessorImpl.java:62)
      	at java.base/jdk.internal.reflect.DelegatingMethodAccessorImpl.invoke(DelegatingMethodAccessorImpl.java:43)
      	at java.base/java.lang.reflect.Method.invoke(Method.java:566)
      	at cucumber.runtime.Utils$1.call(Utils.java:40)
      	at cucumber.runtime.Timeout.timeout(Timeout.java:16)
      	at cucumber.runtime.Utils.invoke(Utils.java:34)
      	at cucumber.runtime.java.JavaStepDefinition.execute(JavaStepDefinition.java:38)
      	at cucumber.runtime.StepDefinitionMatch.runStep(StepDefinitionMatch.java:37)
      	at cucumber.runtime.Runtime.runStep(Runtime.java:300)
      	at cucumber.runtime.model.StepContainer.runStep(StepContainer.java:44)
      	at cucumber.runtime.model.StepContainer.runSteps(StepContainer.java:39)
      	at cucumber.runtime.model.CucumberScenario.run(CucumberScenario.java:44)
      	at cucumber.runtime.model.CucumberScenarioOutline.run(CucumberScenarioOutline.java:46)
      	at cucumber.runtime.model.CucumberFeature.run(CucumberFeature.java:165)
      	at cucumber.api.testng.TestNGCucumberRunner.runCucumber(TestNGCucumberRunner.java:63)
      	at cucumber.api.testng.AbstractTestNGCucumberTests.feature(AbstractTestNGCucumberTests.java:21)
      	at java.base/jdk.internal.reflect.NativeMethodAccessorImpl.invoke0(Native Method)
      	at java.base/jdk.internal.reflect.NativeMethodAccessorImpl.invoke(NativeMethodAccessorImpl.java:62)
      	at java.base/jdk.internal.reflect.DelegatingMethodAccessorImpl.invoke(DelegatingMethodAccessorImpl.java:43)
      	at java.base/java.lang.reflect.Method.invoke(Method.java:566)
      	at org.testng.internal.MethodInvocationHelper.invokeMethod(MethodInvocationHelper.java:124)
      	at org.testng.internal.Invoker.invokeMethod(Invoker.java:583)
      	at org.testng.internal.Invoker.invokeTestMethod(Invoker.java:719)
      	at org.testng.internal.Invoker.invokeTestMethods(Invoker.java:989)
      	at org.testng.internal.TestMethodWorker.invokeTestMethods(TestMethodWorker.java:125)
      	at org.testng.internal.TestMethodWorker.run(TestMethodWorker.java:109)
      	at org.testng.TestRunner.privateRun(TestRunner.java:648)
      	at org.testng.TestRunner.run(TestRunner.java:505)
      	at org.testng.SuiteRunner.runTest(SuiteRunner.java:455)
      	at org.testng.SuiteRunner.runSequentially(SuiteRunner.java:450)
      	at org.testng.SuiteRunner.privateRun(SuiteRunner.java:415)
      	at org.testng.SuiteRunner.run(SuiteRunner.java:364)
      	at org.testng.SuiteRunnerWorker.runSuite(SuiteRunnerWorker.java:52)
      	at org.testng.SuiteRunnerWorker.run(SuiteRunnerWorker.java:84)
      	at org.testng.TestNG.runSuitesSequentially(TestNG.java:1208)
      	at org.testng.TestNG.runSuitesLocally(TestNG.java:1137)
      	at org.testng.TestNG.runSuites(TestNG.java:1049)
      	at org.testng.TestNG.run(TestNG.java:1017)
      	at org.apache.maven.surefire.testng.TestNGExecutor.run(TestNGExecutor.java:136)
      	at org.apache.maven.surefire.testng.TestNGDirectoryTestSuite.executeSingleClass(TestNGDirectoryTestSuite.java:112)
      	at org.apache.maven.surefire.testng.TestNGDirectoryTestSuite.execute(TestNGDirectoryTestSuite.java:99)
      	at org.apache.maven.surefire.testng.TestNGProvider.invoke(TestNGProvider.java:145)
      	at org.apache.maven.surefire.booter.ForkedBooter.runSuitesInProcess(ForkedBooter.java:428)
      	at org.apache.maven.surefire.booter.ForkedBooter.execute(ForkedBooter.java:162)
      	at org.apache.maven.surefire.booter.ForkedBooter.run(ForkedBooter.java:562)
      	at org.apache.maven.surefire.booter.ForkedBooter.main(ForkedBooter.java:548)
      &amp#27;[0m
    &amp#27;[36mAnd &amp#27;[0m&amp#27;[36mrecruiter edits office address "&amp#27;[0m&amp#27;[36m&amp#27;[1mHyderabad&amp#27;[0m&amp#27;[36m"&amp#27;[0m                           &amp#27;[90m# Stepdef.recruiter_edits_office_address(String)&amp#27;[0m
    &amp#27;[36mAnd &amp#27;[0m&amp#27;[36mrecruiter edits Job Title as "&amp#27;[0m&amp#27;[36m&amp#27;[1msoftware Engineer&amp#27;[0m&amp#27;[36m"&amp#27;[0m                     &amp#27;[90m# Stepdef.recruiter_edits_Job_Title_as(String)&amp#27;[0m
    &amp#27;[36mAnd &amp#27;[0m&amp#27;[36mrecruiter edits internal code for job "&amp#27;[0m&amp#27;[36m&amp#27;[1mJob0001&amp#27;[0m&amp#27;[36m"&amp#27;[0m                      &amp#27;[90m# Stepdef.recruiter_edits_internal_code_for_job(String)&amp#27;[0m
    &amp#27;[36mAnd &amp#27;[0m&amp#27;[36mrecruiter edits Job Status as "&amp#27;[0m&amp#27;[36m&amp#27;[1minternal&external&amp#27;[0m&amp#27;[36m"&amp#27;[0m                    &amp#27;[90m# Stepdef.recruiter_edits_Job_Status_as(String)&amp#27;[0m
    #And recruiter edits choose candidates from other countries
    #And recruiter edits enable rank and file job
    #And recruiter edits Country Location "<country location>"
    #And recruiter edits City location "<city location>"
    #And recruiter edits skills "<skill 1>" and "<skill 2>"
    #And recruiter edits add Qualification "<qualification>"
    #And recruiter edits job type in emp details as "<job type>"
    &amp#27;[36mAnd &amp#27;[0m&amp#27;[36mrecruiter edits minimum experience as "&amp#27;[0m&amp#27;[36m&amp#27;[1m3&amp#27;[0m&amp#27;[36m"&amp#27;[0m                            &amp#27;[90m# Stepdef.recruiter_edits_minimum_experience_as(String)&amp#27;[0m
    &amp#27;[36mAnd &amp#27;[0m&amp#27;[36mrecruiter edits maximum experience as "&amp#27;[0m&amp#27;[36m&amp#27;[1m12&amp#27;[0m&amp#27;[36m"&amp#27;[0m                           &amp#27;[90m# Stepdef.recruiter_edits_maximum_experience_as(String)&amp#27;[0m
    &amp#27;[36mAnd &amp#27;[0m&amp#27;[36mrecruiter edits Employment type as "&amp#27;[0m&amp#27;[36m&amp#27;[1mfull-time&amp#27;[0m&amp#27;[36m"&amp#27;[0m                       &amp#27;[90m# Stepdef.recruiter_edits_Employment_type_as(String)&amp#27;[0m
    &amp#27;[36mAnd &amp#27;[0m&amp#27;[36mrecruiter edits no of vacancies "&amp#27;[0m&amp#27;[36m&amp#27;[1m15&amp#27;[0m&amp#27;[36m"&amp#27;[0m                                 &amp#27;[90m# Stepdef.recruiter_edits_no_of_vacancies(String)&amp#27;[0m
    &amp#27;[36mAnd &amp#27;[0m&amp#27;[36mrecruiter edits close date of job "&amp#27;[0m&amp#27;[36m&amp#27;[1m12/02/2022&amp#27;[0m&amp#27;[36m"&amp#27;[0m                       &amp#27;[90m# Stepdef.recruiter_edits_close_date_of_job(String)&amp#27;[0m
    &amp#27;[36mAnd &amp#27;[0m&amp#27;[36mrecruiter edits Job Description "&amp#27;[0m&amp#27;[36m&amp#27;[1mcandidate should be expert in java&amp#27;[0m&amp#27;[36m"&amp#27;[0m &amp#27;[90m# Stepdef.recruiter_edits_Job_Description(String)&amp#27;[0m
    &amp#27;[36mAnd &amp#27;[0m&amp#27;[36mrecruiter edits Job Requirements "&amp#27;[0m&amp#27;[36m&amp#27;[1m3 years experience&amp#27;[0m&amp#27;[36m"&amp#27;[0m                &amp#27;[90m# Stepdef.recruiter_edits_Job_Requirements(String)&amp#27;[0m
    &amp#27;[36mAnd &amp#27;[0m&amp#27;[36mrecruiter edits primary recruiter "&amp#27;[0m&amp#27;[36m&amp#27;[1manand paul&amp#27;[0m&amp#27;[36m"&amp#27;[0m                       &amp#27;[90m# Stepdef.recruiter_edits_primary_recruiter(String)&amp#27;[0m
    #And click on submit after editing basic info of job
    &amp#27;[36mWhen &amp#27;[0m&amp#27;[36mclicks on skills and education section&amp#27;[0m                              &amp#27;[90m# Stepdef.clicks_on_skills_and_education_section()&amp#27;[0m
    &amp#27;[36mWhen &amp#27;[0m&amp#27;[36mrecruiter edits industry field "&amp#27;[0m&amp#27;[36m&amp#27;[1mcomputer software&amp#27;[0m&amp#27;[36m"&amp#27;[0m                  &amp#27;[90m# Stepdef.recruiter_edits_industry_field(String)&amp#27;[0m
    &amp#27;[36mAnd &amp#27;[0m&amp#27;[36mrecruiter edits add keywords for AI to vote CV "&amp#27;[0m&amp#27;[36m&amp#27;[1mjava&amp#27;[0m&amp#27;[36m"&amp#27;[0m                &amp#27;[90m# Stepdef.recruiter_edits_add_keywords_for_AI_to_vote_CV(String)&amp#27;[0m
    &amp#27;[36mAnd &amp#27;[0m&amp#27;[36mrecruiter edits Education "&amp#27;[0m&amp#27;[36m&amp#27;[1mBSc Computers&amp#27;[0m&amp#27;[36m"&amp#27;[0m                            &amp#27;[90m# Stepdef.recruiter_edits_Education(String)&amp#27;[0m
    &amp#27;[36mWhen &amp#27;[0m&amp#27;[36mrecruiter clicks on Additional Information&amp#27;[0m                          &amp#27;[90m# Stepdef.recruiter_clicks_on_Additional_Information()&amp#27;[0m
    &amp#27;[36mWhen &amp#27;[0m&amp#27;[36mrecruiter edits Work Location "&amp#27;[0m&amp#27;[36m&amp#27;[1mHyderabad&amp#27;[0m&amp#27;[36m"&amp#27;[0m                           &amp#27;[90m# Stepdef.recruiter_edits_Work_Location(String)&amp#27;[0m
    &amp#27;[36mAnd &amp#27;[0m&amp#27;[36mrecruiter can edit working Hours "&amp#27;[0m&amp#27;[36m&amp#27;[1m8 hrs&amp#27;[0m&amp#27;[36m"&amp#27;[0m                             &amp#27;[90m# Stepdef.recruiter_can_edit_working_Hours(String)&amp#27;[0m
    &amp#27;[36mAnd &amp#27;[0m&amp#27;[36mrecruiter can edit minimal Annual Salary "&amp#27;[0m&amp#27;[36m&amp#27;[1m400000&amp#27;[0m&amp#27;[36m"&amp#27;[0m                    &amp#27;[90m# Stepdef.recruiter_can_edit_minimal_Annual_Salary(String)&amp#27;[0m
    &amp#27;[36mAnd &amp#27;[0m&amp#27;[36mrecruiter can edit maximum Annual Salary "&amp#27;[0m&amp#27;[36m&amp#27;[1m1000000&amp#27;[0m&amp#27;[36m"&amp#27;[0m                   &amp#27;[90m# Stepdef.recruiter_can_edit_maximum_Annual_Salary(String)&amp#27;[0m
    &amp#27;[36mAnd &amp#27;[0m&amp#27;[36mrecruiter edits prescreening questions&amp#27;[0m                               &amp#27;[90m# Stepdef.recruiter_edits_prescreening_questions()&amp#27;[0m
    &amp#27;[36mThen &amp#27;[0m&amp#27;[36mrecruiter can edit collaborators&amp#27;[0m                                    &amp#27;[90m# Stepdef.recruiter_can_edit_collaborators()&amp#27;[0m
]]></system-out>
    <system-err><![CDATA[Starting ChromeDriver 107.0.5304.62 (1eec40d3a5764881c92085aaee66d25075c159aa-refs/branch-heads/5304@{#942}) on port 62969
Only local connections are allowed.
Please see https://chromedriver.chromium.org/security-considerations for suggestions on keeping ChromeDriver safe.
ChromeDriver was started successfully.
Nov 19, 2022 1:46:35 PM org.openqa.selenium.remote.ProtocolHandshake createSession
INFO: Detected dialect: W3C
]]></system-err>
  </testcase>
  <testcase name="feature[List of Jobs](9)" classname="testrunners.Testrunners" time="48.122">
    <failure message="org.openqa.selenium.TimeoutException: Expected condition failed: waiting for element to be clickable: By.xpath: /html/body/section/div[1]/div/header/nav/ul/li[2]/a (tried for 30 second(s) with 500 milliseconds interval)" type="cucumber.runtime.CucumberException"><![CDATA[cucumber.runtime.CucumberException: org.openqa.selenium.TimeoutException: Expected condition failed: waiting for element to be clickable: By.xpath: /html/body/section/div[1]/div/header/nav/ul/li[2]/a (tried for 30 second(s) with 500 milliseconds interval)
Caused by: org.openqa.selenium.TimeoutException: Expected condition failed: waiting for element to be clickable: By.xpath: /html/body/section/div[1]/div/header/nav/ul/li[2]/a (tried for 30 second(s) with 500 milliseconds interval)
Caused by: org.openqa.selenium.NoSuchElementException: 
no such element: Unable to locate element: {"method":"xpath","selector":"/html/body/section/div[1]/div/header/nav/ul/li[2]/a"}
  (Session info: chrome=107.0.5304.107)
For documentation on this error, please visit: https://www.seleniumhq.org/exceptions/no_such_element.html
Build info: version: '3.141.59', revision: 'e82be7d358', time: '2018-11-14T08:17:03'
System info: host: 'PAUL', ip: '192.168.1.3', os.name: 'Windows 11', os.arch: 'amd64', os.version: '10.0', java.version: '11.0.16'
Driver info: org.openqa.selenium.chrome.ChromeDriver
Capabilities {acceptInsecureCerts: false, browserName: chrome, browserVersion: 107.0.5304.107, chrome: {chromedriverVersion: 107.0.5304.62 (1eec40d3a576..., userDataDir: C:\Users\paul\AppData\Local...}, goog:chromeOptions: {debuggerAddress: localhost:52212}, javascriptEnabled: true, networkConnectionEnabled: false, pageLoadStrategy: normal, platform: WINDOWS, platformName: WINDOWS, proxy: Proxy(), setWindowRect: true, strictFileInteractability: false, timeouts: {implicit: 0, pageLoad: 300000, script: 30000}, unhandledPromptBehavior: dismiss and notify, webauthn:extension:credBlob: true, webauthn:extension:largeBlob: true, webauthn:virtualAuthenticators: true}
Session ID: dc5458986dfd1222e9d9a041cc144ecd
*** Element info: {Using=xpath, value=/html/body/section/div[1]/div/header/nav/ul/li[2]/a}
]]></failure>
    <system-out><![CDATA[@tag
Feature: List of Jobs

  @Login
  Scenario: Verify Recruiter Ai Application List                         &amp#27;[90m# 09_joblist.feature:5&amp#27;[0m
    #LOGIN
    &amp#27;[32mGiven &amp#27;[0m&amp#27;[32mLaunch Application using valid URL&amp#27;[0m                             &amp#27;[90m# Stepdef.launch_Application_using_valid_URL()&amp#27;[0m
    &amp#27;[32mThen &amp#27;[0m&amp#27;[32maccept cookies and choose login type&amp#27;[0m                            &amp#27;[90m# Stepdef.accept_cookies_and_choose_login_type()&amp#27;[0m
    &amp#27;[32mWhen &amp#27;[0m&amp#27;[32menters valid credentials "&amp#27;[0m&amp#27;[32m&amp#27;[1mpaul@trainingqa.com&amp#27;[0m&amp#27;[32m" and "&amp#27;[0m&amp#27;[32m&amp#27;[1mXPAStag0&amp#27;[0m&amp#27;[32m"&amp#27;[0m   &amp#27;[90m# Stepdef.enters_valid_credentials_and(String,String)&amp#27;[0m
    &amp#27;[32mThen &amp#27;[0m&amp#27;[32mverify captcha and click on Login button&amp#27;[0m                        &amp#27;[90m# Stepdef.verify_captcha_and_click_on_Login_button()&amp#27;[0m
    #BULK UPLOAD
    &amp#27;[31mGiven &amp#27;[0m&amp#27;[31mRecruiter clicks on Jobs Menu&amp#27;[0m                                  &amp#27;[90m# Stepdef.recruiter_clicks_on_Jobs_Menu()&amp#27;[0m
      &amp#27;[31morg.openqa.selenium.TimeoutException: Expected condition failed: waiting for element to be clickable: By.xpath: /html/body/section/div[1]/div/header/nav/ul/li[2]/a (tried for 30 second(s) with 500 milliseconds interval)
      	at org.openqa.selenium.support.ui.WebDriverWait.timeoutException(WebDriverWait.java:95)
      	at org.openqa.selenium.support.ui.FluentWait.until(FluentWait.java:272)
      	at stepdef.Stepdef.recruiter_clicks_on_Jobs_Menu(Stepdef.java:90)
      	at ?.Given Recruiter clicks on Jobs Menu(09_joblist.feature:12)
      Caused by: org.openqa.selenium.NoSuchElementException: no such element: Unable to locate element: {"method":"xpath","selector":"/html/body/section/div[1]/div/header/nav/ul/li[2]/a"}
        (Session info: chrome=107.0.5304.107)
      For documentation on this error, please visit: https://www.seleniumhq.org/exceptions/no_such_element.html
      Build info: version: '3.141.59', revision: 'e82be7d358', time: '2018-11-14T08:17:03'
      System info: host: 'PAUL', ip: '192.168.1.3', os.name: 'Windows 11', os.arch: 'amd64', os.version: '10.0', java.version: '11.0.16'
      Driver info: org.openqa.selenium.chrome.ChromeDriver
      Capabilities {acceptInsecureCerts: false, browserName: chrome, browserVersion: 107.0.5304.107, chrome: {chromedriverVersion: 107.0.5304.62 (1eec40d3a576..., userDataDir: C:\Users\paul\AppData\Local...}, goog:chromeOptions: {debuggerAddress: localhost:52212}, javascriptEnabled: true, networkConnectionEnabled: false, pageLoadStrategy: normal, platform: WINDOWS, platformName: WINDOWS, proxy: Proxy(), setWindowRect: true, strictFileInteractability: false, timeouts: {implicit: 0, pageLoad: 300000, script: 30000}, unhandledPromptBehavior: dismiss and notify, webauthn:extension:credBlob: true, webauthn:extension:largeBlob: true, webauthn:virtualAuthenticators: true}
      Session ID: dc5458986dfd1222e9d9a041cc144ecd
      *** Element info: {Using=xpath, value=/html/body/section/div[1]/div/header/nav/ul/li[2]/a}
      	at java.base/jdk.internal.reflect.NativeConstructorAccessorImpl.newInstance0(Native Method)
      	at java.base/jdk.internal.reflect.NativeConstructorAccessorImpl.newInstance(NativeConstructorAccessorImpl.java:62)
      	at java.base/jdk.internal.reflect.DelegatingConstructorAccessorImpl.newInstance(DelegatingConstructorAccessorImpl.java:45)
      	at java.base/java.lang.reflect.Constructor.newInstance(Constructor.java:490)
      	at org.openqa.selenium.remote.http.W3CHttpResponseCodec.createException(W3CHttpResponseCodec.java:187)
      	at org.openqa.selenium.remote.http.W3CHttpResponseCodec.decode(W3CHttpResponseCodec.java:122)
      	at org.openqa.selenium.remote.http.W3CHttpResponseCodec.decode(W3CHttpResponseCodec.java:49)
      	at org.openqa.selenium.remote.HttpCommandExecutor.execute(HttpCommandExecutor.java:158)
      	at org.openqa.selenium.remote.service.DriverCommandExecutor.execute(DriverCommandExecutor.java:83)
      	at org.openqa.selenium.remote.RemoteWebDriver.execute(RemoteWebDriver.java:552)
      	at org.openqa.selenium.remote.RemoteWebDriver.findElement(RemoteWebDriver.java:323)
      	at org.openqa.selenium.remote.RemoteWebDriver.findElementByXPath(RemoteWebDriver.java:428)
      	at org.openqa.selenium.By$ByXPath.findElement(By.java:353)
      	at org.openqa.selenium.remote.RemoteWebDriver.findElement(RemoteWebDriver.java:315)
      	at org.openqa.selenium.support.ui.ExpectedConditions$7.apply(ExpectedConditions.java:205)
      	at org.openqa.selenium.support.ui.ExpectedConditions$7.apply(ExpectedConditions.java:201)
      	at org.openqa.selenium.support.ui.ExpectedConditions$22.apply(ExpectedConditions.java:641)
      	at org.openqa.selenium.support.ui.ExpectedConditions$22.apply(ExpectedConditions.java:638)
      	at org.openqa.selenium.support.ui.FluentWait.until(FluentWait.java:249)
      	at stepdef.Stepdef.recruiter_clicks_on_Jobs_Menu(Stepdef.java:90)
      	at java.base/jdk.internal.reflect.NativeMethodAccessorImpl.invoke0(Native Method)
      	at java.base/jdk.internal.reflect.NativeMethodAccessorImpl.invoke(NativeMethodAccessorImpl.java:62)
      	at java.base/jdk.internal.reflect.DelegatingMethodAccessorImpl.invoke(DelegatingMethodAccessorImpl.java:43)
      	at java.base/java.lang.reflect.Method.invoke(Method.java:566)
      	at cucumber.runtime.Utils$1.call(Utils.java:40)
      	at cucumber.runtime.Timeout.timeout(Timeout.java:16)
      	at cucumber.runtime.Utils.invoke(Utils.java:34)
      	at cucumber.runtime.java.JavaStepDefinition.execute(JavaStepDefinition.java:38)
      	at cucumber.runtime.StepDefinitionMatch.runStep(StepDefinitionMatch.java:37)
      	at cucumber.runtime.Runtime.runStep(Runtime.java:300)
      	at cucumber.runtime.model.StepContainer.runStep(StepContainer.java:44)
      	at cucumber.runtime.model.StepContainer.runSteps(StepContainer.java:39)
      	at cucumber.runtime.model.CucumberScenario.run(CucumberScenario.java:44)
      	at cucumber.runtime.model.CucumberFeature.run(CucumberFeature.java:165)
      	at cucumber.api.testng.TestNGCucumberRunner.runCucumber(TestNGCucumberRunner.java:63)
      	at cucumber.api.testng.AbstractTestNGCucumberTests.feature(AbstractTestNGCucumberTests.java:21)
      	at java.base/jdk.internal.reflect.NativeMethodAccessorImpl.invoke0(Native Method)
      	at java.base/jdk.internal.reflect.NativeMethodAccessorImpl.invoke(NativeMethodAccessorImpl.java:62)
      	at java.base/jdk.internal.reflect.DelegatingMethodAccessorImpl.invoke(DelegatingMethodAccessorImpl.java:43)
      	at java.base/java.lang.reflect.Method.invoke(Method.java:566)
      	at org.testng.internal.MethodInvocationHelper.invokeMethod(MethodInvocationHelper.java:124)
      	at org.testng.internal.Invoker.invokeMethod(Invoker.java:583)
      	at org.testng.internal.Invoker.invokeTestMethod(Invoker.java:719)
      	at org.testng.internal.Invoker.invokeTestMethods(Invoker.java:989)
      	at org.testng.internal.TestMethodWorker.invokeTestMethods(TestMethodWorker.java:125)
      	at org.testng.internal.TestMethodWorker.run(TestMethodWorker.java:109)
      	at org.testng.TestRunner.privateRun(TestRunner.java:648)
      	at org.testng.TestRunner.run(TestRunner.java:505)
      	at org.testng.SuiteRunner.runTest(SuiteRunner.java:455)
      	at org.testng.SuiteRunner.runSequentially(SuiteRunner.java:450)
      	at org.testng.SuiteRunner.privateRun(SuiteRunner.java:415)
      	at org.testng.SuiteRunner.run(SuiteRunner.java:364)
      	at org.testng.SuiteRunnerWorker.runSuite(SuiteRunnerWorker.java:52)
      	at org.testng.SuiteRunnerWorker.run(SuiteRunnerWorker.java:84)
      	at org.testng.TestNG.runSuitesSequentially(TestNG.java:1208)
      	at org.testng.TestNG.runSuitesLocally(TestNG.java:1137)
      	at org.testng.TestNG.runSuites(TestNG.java:1049)
      	at org.testng.TestNG.run(TestNG.java:1017)
      	at org.apache.maven.surefire.testng.TestNGExecutor.run(TestNGExecutor.java:136)
      	at org.apache.maven.surefire.testng.TestNGDirectoryTestSuite.executeSingleClass(TestNGDirectoryTestSuite.java:112)
      	at org.apache.maven.surefire.testng.TestNGDirectoryTestSuite.execute(TestNGDirectoryTestSuite.java:99)
      	at org.apache.maven.surefire.testng.TestNGProvider.invoke(TestNGProvider.java:145)
      	at org.apache.maven.surefire.booter.ForkedBooter.runSuitesInProcess(ForkedBooter.java:428)
      	at org.apache.maven.surefire.booter.ForkedBooter.execute(ForkedBooter.java:162)
      	at org.apache.maven.surefire.booter.ForkedBooter.run(ForkedBooter.java:562)
      	at org.apache.maven.surefire.booter.ForkedBooter.main(ForkedBooter.java:548)
      &amp#27;[0m
    &amp#27;[36mThen &amp#27;[0m&amp#27;[36mselect create new job section&amp#27;[0m                                   &amp#27;[90m# Stepdef.select_create_new_job_section()&amp#27;[0m
    &amp#27;[36mThen &amp#27;[0m&amp#27;[36mRecruiter clicks on download bulk upload template&amp#27;[0m               &amp#27;[90m# Stepdef.recruiter_clicks_on_download_bulk_upload_template()&amp#27;[0m
    &amp#27;[36mWhen &amp#27;[0m&amp#27;[36mrecruiter clicks on upload button of Bulk Jobs&amp#27;[0m                  &amp#27;[90m# Stepdef.recruiter_clicks_on_upload_button_of_Bulk_Jobs()&amp#27;[0m
    # JOB LIST PAGE
    &amp#27;[36mWhen &amp#27;[0m&amp#27;[36mrecruiter selects Job or jobs using Checkbox&amp#27;[0m                    &amp#27;[90m# Stepdef.recruiter_selects_Job_or_jobs_using_Checkbox()&amp#27;[0m
    &amp#27;[36mThen &amp#27;[0m&amp#27;[36mrecruiter clicks on Batch actions button&amp#27;[0m                        &amp#27;[90m# Stepdef.recruiter_clics_on_Batch_actions_button()&amp#27;[0m
    &amp#27;[36mThen &amp#27;[0m&amp#27;[36mrecruiter chooses job visibility from batch actions dd&amp#27;[0m          &amp#27;[90m# Stepdef.recruiter_chooses_job_visibility_from_batch_actions_dd()&amp#27;[0m
    &amp#27;[36mWhen &amp#27;[0m&amp#27;[36mrecruiter selects Job or jobs using Checkbox&amp#27;[0m                    &amp#27;[90m# Stepdef.recruiter_selects_Job_or_jobs_using_Checkbox()&amp#27;[0m
    &amp#27;[36mThen &amp#27;[0m&amp#27;[36mrecruiter clicks on Batch actions button&amp#27;[0m                        &amp#27;[90m# Stepdef.recruiter_clics_on_Batch_actions_button()&amp#27;[0m
    &amp#27;[36mThen &amp#27;[0m&amp#27;[36mrecruiter chooses job status from batch actions dd&amp#27;[0m              &amp#27;[90m# Stepdef.recruiter_chooses_job_status_from_batch_actions_dd()&amp#27;[0m
    &amp#27;[36mWhen &amp#27;[0m&amp#27;[36mrecruiter selects Job or jobs using Checkbox&amp#27;[0m                    &amp#27;[90m# Stepdef.recruiter_selects_Job_or_jobs_using_Checkbox()&amp#27;[0m
    &amp#27;[36mThen &amp#27;[0m&amp#27;[36mrecruiter clicks on add tag button and add tag name "&amp#27;[0m&amp#27;[36m&amp#27;[1mtag_a0003&amp#27;[0m&amp#27;[36m"&amp#27;[0m &amp#27;[90m# Stepdef.recruiter_clicks_on_add_tag_button_and_add_tag_name(String)&amp#27;[0m
]]></system-out>
    <system-err><![CDATA[Starting ChromeDriver 107.0.5304.62 (1eec40d3a5764881c92085aaee66d25075c159aa-refs/branch-heads/5304@{#942}) on port 37433
Only local connections are allowed.
Please see https://chromedriver.chromium.org/security-considerations for suggestions on keeping ChromeDriver safe.
ChromeDriver was started successfully.
Nov 19, 2022 1:47:44 PM org.openqa.selenium.remote.ProtocolHandshake createSession
INFO: Detected dialect: W3C
]]></system-err>
  </testcase>
  <testcase name="feature[List of Applications](10)" classname="testrunners.Testrunners" time="48.545">
    <failure message="org.openqa.selenium.TimeoutException: Expected condition failed: waiting for element to be clickable: By.xpath: /html/body/section/div[1]/div/header/nav/ul/li[2]/a (tried for 30 second(s) with 500 milliseconds interval)" type="cucumber.runtime.CucumberException"><![CDATA[cucumber.runtime.CucumberException: org.openqa.selenium.TimeoutException: Expected condition failed: waiting for element to be clickable: By.xpath: /html/body/section/div[1]/div/header/nav/ul/li[2]/a (tried for 30 second(s) with 500 milliseconds interval)
Caused by: org.openqa.selenium.TimeoutException: Expected condition failed: waiting for element to be clickable: By.xpath: /html/body/section/div[1]/div/header/nav/ul/li[2]/a (tried for 30 second(s) with 500 milliseconds interval)
Caused by: org.openqa.selenium.NoSuchElementException: 
no such element: Unable to locate element: {"method":"xpath","selector":"/html/body/section/div[1]/div/header/nav/ul/li[2]/a"}
  (Session info: chrome=107.0.5304.107)
For documentation on this error, please visit: https://www.seleniumhq.org/exceptions/no_such_element.html
Build info: version: '3.141.59', revision: 'e82be7d358', time: '2018-11-14T08:17:03'
System info: host: 'PAUL', ip: '192.168.1.3', os.name: 'Windows 11', os.arch: 'amd64', os.version: '10.0', java.version: '11.0.16'
Driver info: org.openqa.selenium.chrome.ChromeDriver
Capabilities {acceptInsecureCerts: false, browserName: chrome, browserVersion: 107.0.5304.107, chrome: {chromedriverVersion: 107.0.5304.62 (1eec40d3a576..., userDataDir: C:\Users\paul\AppData\Local...}, goog:chromeOptions: {debuggerAddress: localhost:52320}, javascriptEnabled: true, networkConnectionEnabled: false, pageLoadStrategy: normal, platform: WINDOWS, platformName: WINDOWS, proxy: Proxy(), setWindowRect: true, strictFileInteractability: false, timeouts: {implicit: 0, pageLoad: 300000, script: 30000}, unhandledPromptBehavior: dismiss and notify, webauthn:extension:credBlob: true, webauthn:extension:largeBlob: true, webauthn:virtualAuthenticators: true}
Session ID: f7377f0a831bc57a677a9e324c9baf07
*** Element info: {Using=xpath, value=/html/body/section/div[1]/div/header/nav/ul/li[2]/a}
]]></failure>
    <system-out><![CDATA[@tag
Feature: List of Applications

  @Login
  Scenario: Verify Recruiter Ai Application List                       &amp#27;[90m# applist.feature:5&amp#27;[0m
    #                LOGIN
    &amp#27;[32mGiven &amp#27;[0m&amp#27;[32mLaunch Application using valid URL&amp#27;[0m                           &amp#27;[90m# Stepdef.launch_Application_using_valid_URL()&amp#27;[0m
    &amp#27;[32mThen &amp#27;[0m&amp#27;[32maccept cookies and choose login type&amp#27;[0m                          &amp#27;[90m# Stepdef.accept_cookies_and_choose_login_type()&amp#27;[0m
    &amp#27;[32mWhen &amp#27;[0m&amp#27;[32menters valid credentials "&amp#27;[0m&amp#27;[32m&amp#27;[1mpaul@trainingqa.com&amp#27;[0m&amp#27;[32m" and "&amp#27;[0m&amp#27;[32m&amp#27;[1mXPAStag0&amp#27;[0m&amp#27;[32m"&amp#27;[0m &amp#27;[90m# Stepdef.enters_valid_credentials_and(String,String)&amp#27;[0m
    &amp#27;[32mThen &amp#27;[0m&amp#27;[32mverify captcha and click on Login button&amp#27;[0m                      &amp#27;[90m# Stepdef.verify_captcha_and_click_on_Login_button()&amp#27;[0m
    &amp#27;[31mGiven &amp#27;[0m&amp#27;[31mRecruiter clicks on Jobs Menu&amp#27;[0m                                &amp#27;[90m# Stepdef.recruiter_clicks_on_Jobs_Menu()&amp#27;[0m
      &amp#27;[31morg.openqa.selenium.TimeoutException: Expected condition failed: waiting for element to be clickable: By.xpath: /html/body/section/div[1]/div/header/nav/ul/li[2]/a (tried for 30 second(s) with 500 milliseconds interval)
      	at org.openqa.selenium.support.ui.WebDriverWait.timeoutException(WebDriverWait.java:95)
      	at org.openqa.selenium.support.ui.FluentWait.until(FluentWait.java:272)
      	at stepdef.Stepdef.recruiter_clicks_on_Jobs_Menu(Stepdef.java:90)
      	at ?.Given Recruiter clicks on Jobs Menu(applist.feature:11)
      Caused by: org.openqa.selenium.NoSuchElementException: no such element: Unable to locate element: {"method":"xpath","selector":"/html/body/section/div[1]/div/header/nav/ul/li[2]/a"}
        (Session info: chrome=107.0.5304.107)
      For documentation on this error, please visit: https://www.seleniumhq.org/exceptions/no_such_element.html
      Build info: version: '3.141.59', revision: 'e82be7d358', time: '2018-11-14T08:17:03'
      System info: host: 'PAUL', ip: '192.168.1.3', os.name: 'Windows 11', os.arch: 'amd64', os.version: '10.0', java.version: '11.0.16'
      Driver info: org.openqa.selenium.chrome.ChromeDriver
      Capabilities {acceptInsecureCerts: false, browserName: chrome, browserVersion: 107.0.5304.107, chrome: {chromedriverVersion: 107.0.5304.62 (1eec40d3a576..., userDataDir: C:\Users\paul\AppData\Local...}, goog:chromeOptions: {debuggerAddress: localhost:52320}, javascriptEnabled: true, networkConnectionEnabled: false, pageLoadStrategy: normal, platform: WINDOWS, platformName: WINDOWS, proxy: Proxy(), setWindowRect: true, strictFileInteractability: false, timeouts: {implicit: 0, pageLoad: 300000, script: 30000}, unhandledPromptBehavior: dismiss and notify, webauthn:extension:credBlob: true, webauthn:extension:largeBlob: true, webauthn:virtualAuthenticators: true}
      Session ID: f7377f0a831bc57a677a9e324c9baf07
      *** Element info: {Using=xpath, value=/html/body/section/div[1]/div/header/nav/ul/li[2]/a}
      	at jdk.internal.reflect.GeneratedConstructorAccessor16.newInstance(Unknown Source)
      	at java.base/jdk.internal.reflect.DelegatingConstructorAccessorImpl.newInstance(DelegatingConstructorAccessorImpl.java:45)
      	at java.base/java.lang.reflect.Constructor.newInstance(Constructor.java:490)
      	at org.openqa.selenium.remote.http.W3CHttpResponseCodec.createException(W3CHttpResponseCodec.java:187)
      	at org.openqa.selenium.remote.http.W3CHttpResponseCodec.decode(W3CHttpResponseCodec.java:122)
      	at org.openqa.selenium.remote.http.W3CHttpResponseCodec.decode(W3CHttpResponseCodec.java:49)
      	at org.openqa.selenium.remote.HttpCommandExecutor.execute(HttpCommandExecutor.java:158)
      	at org.openqa.selenium.remote.service.DriverCommandExecutor.execute(DriverCommandExecutor.java:83)
      	at org.openqa.selenium.remote.RemoteWebDriver.execute(RemoteWebDriver.java:552)
      	at org.openqa.selenium.remote.RemoteWebDriver.findElement(RemoteWebDriver.java:323)
      	at org.openqa.selenium.remote.RemoteWebDriver.findElementByXPath(RemoteWebDriver.java:428)
      	at org.openqa.selenium.By$ByXPath.findElement(By.java:353)
      	at org.openqa.selenium.remote.RemoteWebDriver.findElement(RemoteWebDriver.java:315)
      	at org.openqa.selenium.support.ui.ExpectedConditions$7.apply(ExpectedConditions.java:205)
      	at org.openqa.selenium.support.ui.ExpectedConditions$7.apply(ExpectedConditions.java:201)
      	at org.openqa.selenium.support.ui.ExpectedConditions$22.apply(ExpectedConditions.java:641)
      	at org.openqa.selenium.support.ui.ExpectedConditions$22.apply(ExpectedConditions.java:638)
      	at org.openqa.selenium.support.ui.FluentWait.until(FluentWait.java:249)
      	at stepdef.Stepdef.recruiter_clicks_on_Jobs_Menu(Stepdef.java:90)
      	at java.base/jdk.internal.reflect.NativeMethodAccessorImpl.invoke0(Native Method)
      	at java.base/jdk.internal.reflect.NativeMethodAccessorImpl.invoke(NativeMethodAccessorImpl.java:62)
      	at java.base/jdk.internal.reflect.DelegatingMethodAccessorImpl.invoke(DelegatingMethodAccessorImpl.java:43)
      	at java.base/java.lang.reflect.Method.invoke(Method.java:566)
      	at cucumber.runtime.Utils$1.call(Utils.java:40)
      	at cucumber.runtime.Timeout.timeout(Timeout.java:16)
      	at cucumber.runtime.Utils.invoke(Utils.java:34)
      	at cucumber.runtime.java.JavaStepDefinition.execute(JavaStepDefinition.java:38)
      	at cucumber.runtime.StepDefinitionMatch.runStep(StepDefinitionMatch.java:37)
      	at cucumber.runtime.Runtime.runStep(Runtime.java:300)
      	at cucumber.runtime.model.StepContainer.runStep(StepContainer.java:44)
      	at cucumber.runtime.model.StepContainer.runSteps(StepContainer.java:39)
      	at cucumber.runtime.model.CucumberScenario.run(CucumberScenario.java:44)
      	at cucumber.runtime.model.CucumberFeature.run(CucumberFeature.java:165)
      	at cucumber.api.testng.TestNGCucumberRunner.runCucumber(TestNGCucumberRunner.java:63)
      	at cucumber.api.testng.AbstractTestNGCucumberTests.feature(AbstractTestNGCucumberTests.java:21)
      	at java.base/jdk.internal.reflect.NativeMethodAccessorImpl.invoke0(Native Method)
      	at java.base/jdk.internal.reflect.NativeMethodAccessorImpl.invoke(NativeMethodAccessorImpl.java:62)
      	at java.base/jdk.internal.reflect.DelegatingMethodAccessorImpl.invoke(DelegatingMethodAccessorImpl.java:43)
      	at java.base/java.lang.reflect.Method.invoke(Method.java:566)
      	at org.testng.internal.MethodInvocationHelper.invokeMethod(MethodInvocationHelper.java:124)
      	at org.testng.internal.Invoker.invokeMethod(Invoker.java:583)
      	at org.testng.internal.Invoker.invokeTestMethod(Invoker.java:719)
      	at org.testng.internal.Invoker.invokeTestMethods(Invoker.java:989)
      	at org.testng.internal.TestMethodWorker.invokeTestMethods(TestMethodWorker.java:125)
      	at org.testng.internal.TestMethodWorker.run(TestMethodWorker.java:109)
      	at org.testng.TestRunner.privateRun(TestRunner.java:648)
      	at org.testng.TestRunner.run(TestRunner.java:505)
      	at org.testng.SuiteRunner.runTest(SuiteRunner.java:455)
      	at org.testng.SuiteRunner.runSequentially(SuiteRunner.java:450)
      	at org.testng.SuiteRunner.privateRun(SuiteRunner.java:415)
      	at org.testng.SuiteRunner.run(SuiteRunner.java:364)
      	at org.testng.SuiteRunnerWorker.runSuite(SuiteRunnerWorker.java:52)
      	at org.testng.SuiteRunnerWorker.run(SuiteRunnerWorker.java:84)
      	at org.testng.TestNG.runSuitesSequentially(TestNG.java:1208)
      	at org.testng.TestNG.runSuitesLocally(TestNG.java:1137)
      	at org.testng.TestNG.runSuites(TestNG.java:1049)
      	at org.testng.TestNG.run(TestNG.java:1017)
      	at org.apache.maven.surefire.testng.TestNGExecutor.run(TestNGExecutor.java:136)
      	at org.apache.maven.surefire.testng.TestNGDirectoryTestSuite.executeSingleClass(TestNGDirectoryTestSuite.java:112)
      	at org.apache.maven.surefire.testng.TestNGDirectoryTestSuite.execute(TestNGDirectoryTestSuite.java:99)
      	at org.apache.maven.surefire.testng.TestNGProvider.invoke(TestNGProvider.java:145)
      	at org.apache.maven.surefire.booter.ForkedBooter.runSuitesInProcess(ForkedBooter.java:428)
      	at org.apache.maven.surefire.booter.ForkedBooter.execute(ForkedBooter.java:162)
      	at org.apache.maven.surefire.booter.ForkedBooter.run(ForkedBooter.java:562)
      	at org.apache.maven.surefire.booter.ForkedBooter.main(ForkedBooter.java:548)
      &amp#27;[0m
    &amp#27;[36mThen &amp#27;[0m&amp#27;[36mclick on Job postings link&amp#27;[0m                                    &amp#27;[90m# Stepdef.click_on_Job_postings_link()&amp#27;[0m
    &amp#27;[36mThen &amp#27;[0m&amp#27;[36mclick on applications button of any posted Job&amp#27;[0m                &amp#27;[90m# Stepdef.click_on_applications_button_of_any_posted_Job()&amp#27;[0m
    #             UPLOAD RESUME
    #Given recruiter clicks on upload resume
    #Then recruiter can add candidate using quick applicant add
    #When enter quick applicant first name and last name "deeven" and "D"
    #When enter quick applicant email and phone no "9849000048 and "deeven@a048.com"
    #Then recruiter clicks on bulk import applicants
    #Then recruiter clicks on select from talent pool
    #                  TAG
    &amp#27;[36mWhen &amp#27;[0m&amp#27;[36mrecruiter adds tag to list of applications and submit&amp#27;[0m         &amp#27;[90m# Stepdef.recruiter_adds_tag_to_list_of_applications_and_submit()&amp#27;[0m
    #               SHORTLIST
    &amp#27;[36mAnd &amp#27;[0m&amp#27;[36mShortlist the selected Application&amp#27;[0m                             &amp#27;[90m# Stepdef.shortlist_the_selected_Application()&amp#27;[0m
    &amp#27;[36mAnd &amp#27;[0m&amp#27;[36madd additional email recipients&amp#27;[0m                                &amp#27;[90m# Stepdef.add_additional_email_recipients()&amp#27;[0m
    &amp#27;[36mAnd &amp#27;[0m&amp#27;[36mclick on Submit button to send email to candidate&amp#27;[0m              &amp#27;[90m# Stepdef.click_on_Submit_button_to_send_email_to_candidate()&amp#27;[0m
    #              TALENT POOL
    &amp#27;[36mGiven &amp#27;[0m&amp#27;[36mrecruiter clicks on add to talent pool button&amp#27;[0m                &amp#27;[90m# Stepdef.recruiter_clicks_on_add_to_talent_pool_button()&amp#27;[0m
    &amp#27;[36mWhen &amp#27;[0m&amp#27;[36mrecruiter chooses add applicant to default talentpool&amp#27;[0m         &amp#27;[90m# Stepdef.recruiter_chooses_add_applicant_to_default_talentpool()&amp#27;[0m
    #When recruiter chooses add applicant to existing bucket
    #Then recruiter add applicant to new bucket "vip a007"
    &amp#27;[36mThen &amp#27;[0m&amp#27;[36mClick on Submit Button of Talent pool&amp#27;[0m                         &amp#27;[90m# Stepdef.click_on_Submit_Button_of_Talent_pool()&amp#27;[0m
    #                  KIV
    &amp#27;[36mGiven &amp#27;[0m&amp#27;[36mrecruiter clicks on add to kiv button&amp#27;[0m                        &amp#27;[90m# Stepdef.recruiter_clicks_on_add_to_kiv_button()&amp#27;[0m
    &amp#27;[36mThen &amp#27;[0m&amp#27;[36madd or remove applications from kiv using toggle and submit&amp#27;[0m   &amp#27;[90m# Stepdef.add_or_remove_applications_from_kiv_using_toggle_and_submit()&amp#27;[0m
    #             CHANGE STAGE
    #Given recruiter clicks on change stage button
    #Then choose application stage from dropdown list
    #             EMAIL TEMPLATE
    &amp#27;[36mGiven &amp#27;[0m&amp#27;[36mrecruiter clicks on Add Email Button&amp#27;[0m                         &amp#27;[90m# Stepdef.recruiter_clicks_on_Add_Email_Button()&amp#27;[0m
    &amp#27;[36mThen &amp#27;[0m&amp#27;[36mchoose Shortlist Email template to send candidates&amp#27;[0m            &amp#27;[90m# Stepdef.choose_Shortlist_Email_template_to_send_candidates()&amp#27;[0m
    &amp#27;[36mAnd &amp#27;[0m&amp#27;[36mclick on Submit button of EmailTemplates&amp#27;[0m                       &amp#27;[90m# Stepdef.click_on_Submit_button_of_EmailTemplates()&amp#27;[0m
    #              DOWNLOAD CV
    &amp#27;[36mGiven &amp#27;[0m&amp#27;[36mrecruiter clicks on download option&amp#27;[0m                          &amp#27;[90m# Stepdef.recruiter_clicks_on_download_option()&amp#27;[0m
    &amp#27;[36mThen &amp#27;[0m&amp#27;[36mrecruiter clicks on submit to download cvs&amp#27;[0m                    &amp#27;[90m# Stepdef.recruiter_clicks_on_submit_to_download_cvs()&amp#27;[0m
    #           DOWNLOAD XOPA REPORT
    &amp#27;[36mGiven &amp#27;[0m&amp#27;[36mrecruiter clicks on download option&amp#27;[0m                          &amp#27;[90m# Stepdef.recruiter_clicks_on_download_option()&amp#27;[0m
    &amp#27;[36mThen &amp#27;[0m&amp#27;[36mrecruiter selects xopa report from dropdown and submit&amp#27;[0m        &amp#27;[90m# Stepdef.recruiter_selects_xopa_report_from_dropdown_and_submit()&amp#27;[0m
]]></system-out>
    <system-err><![CDATA[Starting ChromeDriver 107.0.5304.62 (1eec40d3a5764881c92085aaee66d25075c159aa-refs/branch-heads/5304@{#942}) on port 31257
Only local connections are allowed.
Please see https://chromedriver.chromium.org/security-considerations for suggestions on keeping ChromeDriver safe.
ChromeDriver was started successfully.
Nov 19, 2022 1:48:32 PM org.openqa.selenium.remote.ProtocolHandshake createSession
INFO: Detected dialect: W3C
]]></system-err>
  </testcase>
  <testcase name="feature[New Candidate Registration](11)" classname="testrunners.Testrunners" time="1.001">
    <failure message="java.lang.NullPointerException: null value in entry: url=null" type="cucumber.runtime.CucumberException"><![CDATA[cucumber.runtime.CucumberException: java.lang.NullPointerException: null value in entry: url=null
Caused by: java.lang.NullPointerException: null value in entry: url=null
]]></failure>
    <system-out><![CDATA[@tag
Feature: New Candidate Registration

  @Registration
  Scenario Outline: Verify Candidate registration            &amp#27;[90m# candidatereg.feature:5&amp#27;[0m
    &amp#27;[36mGiven &amp#27;[0m&amp#27;[36mCandidate clicks on job link&amp#27;[0m
    &amp#27;[36mWhen &amp#27;[0m&amp#27;[36mCandidate clicks on apply button of Job&amp#27;[0m
    &amp#27;[36mAnd &amp#27;[0m&amp#27;[36mcandidate choose sign in option to apply&amp#27;[0m
    &amp#27;[36mGiven &amp#27;[0m&amp#27;[36mcandidate click on register Link&amp#27;[0m
    &amp#27;[36mWhen &amp#27;[0m&amp#27;[36mcandidate enter first name "<firstname>"&amp#27;[0m
    &amp#27;[36mAnd &amp#27;[0m&amp#27;[36mcandidate enter last name "<lastname>"&amp#27;[0m
    &amp#27;[36mAnd &amp#27;[0m&amp#27;[36mcandidate enters email "<mail>"&amp#27;[0m
    &amp#27;[36mAnd &amp#27;[0m&amp#27;[36mcandidate enters password "<password>"&amp#27;[0m
    &amp#27;[36mAnd &amp#27;[0m&amp#27;[36mcandidate enters conformpassword "<conformpassword>"&amp#27;[0m
    &amp#27;[36mAnd &amp#27;[0m&amp#27;[36mcandidate accepts terms and conditions&amp#27;[0m
    &amp#27;[36mAnd &amp#27;[0m&amp#27;[36mcandidate enters submit button of registration&amp#27;[0m
    &amp#27;[36mThen &amp#27;[0m&amp#27;[36mcandidate clicks on click here to login&amp#27;[0m
    &amp#27;[36mWhen &amp#27;[0m&amp#27;[36menters valid credentials "<mail>" and "<password>"&amp#27;[0m
    &amp#27;[36mThen &amp#27;[0m&amp#27;[36mverify captcha and click on Login button&amp#27;[0m

    Examples: 

  @tag @Registration
  Scenario Outline: Verify Candidate registration                         &amp#27;[90m# candidatereg.feature:23&amp#27;[0m
    &amp#27;[31mGiven &amp#27;[0m&amp#27;[31mCandidate clicks on job link&amp#27;[0m                                    &amp#27;[90m# Stepdef.candidate_clicks_on_job_link()&amp#27;[0m
      &amp#27;[31mjava.lang.NullPointerException: null value in entry: url=null
      	at com.google.common.collect.CollectPreconditions.checkEntryNotNull(CollectPreconditions.java:32)
      	at com.google.common.collect.SingletonImmutableBiMap.<init>(SingletonImmutableBiMap.java:42)
      	at com.google.common.collect.ImmutableBiMap.of(ImmutableBiMap.java:72)
      	at com.google.common.collect.ImmutableMap.of(ImmutableMap.java:124)
      	at org.openqa.selenium.remote.RemoteWebDriver.get(RemoteWebDriver.java:277)
      	at org.openqa.selenium.remote.RemoteWebDriver$RemoteNavigation.to(RemoteWebDriver.java:857)
      	at stepdef.Stepdef.candidate_clicks_on_job_link(Stepdef.java:752)
      	at ?.Given Candidate clicks on job link(candidatereg.feature:6)
      &amp#27;[0m
    &amp#27;[36mWhen &amp#27;[0m&amp#27;[36mCandidate clicks on apply button of Job&amp#27;[0m                          &amp#27;[90m# Stepdef.candidate_clicks_on_apply_button_of_Job()&amp#27;[0m
    &amp#27;[36mAnd &amp#27;[0m&amp#27;[36mcandidate choose sign in option to apply&amp#27;[0m                          &amp#27;[90m# Stepdef.candidate_choose_sign_in_option_to_apply()&amp#27;[0m
    &amp#27;[36mGiven &amp#27;[0m&amp#27;[36mcandidate click on register Link&amp#27;[0m                                &amp#27;[90m# Stepdef.candidate_click_on_register_Link()&amp#27;[0m
    &amp#27;[36mWhen &amp#27;[0m&amp#27;[36mcandidate enter first name "&amp#27;[0m&amp#27;[36m&amp#27;[1mPraveen&amp#27;[0m&amp#27;[36m"&amp#27;[0m                             &amp#27;[90m# Stepdef.candidate_enter_first_name(String)&amp#27;[0m
    &amp#27;[36mAnd &amp#27;[0m&amp#27;[36mcandidate enter last name "&amp#27;[0m&amp#27;[36m&amp#27;[1mkumar&amp#27;[0m&amp#27;[36m"&amp#27;[0m                                 &amp#27;[90m# Stepdef.candidate_enter_last_name(String)&amp#27;[0m
    &amp#27;[36mAnd &amp#27;[0m&amp#27;[36mcandidate enters email "&amp#27;[0m&amp#27;[36m&amp#27;[1mEx7905067@a051a.com&amp#27;[0m&amp#27;[36m"&amp#27;[0m                      &amp#27;[90m# Stepdef.candidate_enters_email(String)&amp#27;[0m
    &amp#27;[36mAnd &amp#27;[0m&amp#27;[36mcandidate enters password "&amp#27;[0m&amp#27;[36m&amp#27;[1makshay@0001&amp#27;[0m&amp#27;[36m"&amp#27;[0m                           &amp#27;[90m# Stepdef.candidate_enters_password(String)&amp#27;[0m
    &amp#27;[36mAnd &amp#27;[0m&amp#27;[36mcandidate enters conformpassword "&amp#27;[0m&amp#27;[36m&amp#27;[1makshay@0001&amp#27;[0m&amp#27;[36m"&amp#27;[0m                    &amp#27;[90m# Stepdef.candidate_enters_conformpassword(String)&amp#27;[0m
    &amp#27;[36mAnd &amp#27;[0m&amp#27;[36mcandidate accepts terms and conditions&amp#27;[0m                            &amp#27;[90m# Stepdef.candidate_accepts_terms_and_conditions()&amp#27;[0m
    &amp#27;[36mAnd &amp#27;[0m&amp#27;[36mcandidate enters submit button of registration&amp#27;[0m                    &amp#27;[90m# Stepdef.candidate_enters_submit_button_of_registration()&amp#27;[0m
    &amp#27;[36mThen &amp#27;[0m&amp#27;[36mcandidate clicks on click here to login&amp#27;[0m                          &amp#27;[90m# Stepdef.candidate_clicks_on_click_here_to_login_span_class_xpa_link()&amp#27;[0m
    &amp#27;[36mWhen &amp#27;[0m&amp#27;[36menters valid credentials "&amp#27;[0m&amp#27;[36m&amp#27;[1mEx7905067@a051a.com&amp#27;[0m&amp#27;[36m" and "&amp#27;[0m&amp#27;[36m&amp#27;[1makshay@0001&amp#27;[0m&amp#27;[36m"&amp#27;[0m &amp#27;[90m# Stepdef.enters_valid_credentials_and(String,String)&amp#27;[0m
    &amp#27;[36mThen &amp#27;[0m&amp#27;[36mverify captcha and click on Login button&amp#27;[0m                         &amp#27;[90m# Stepdef.verify_captcha_and_click_on_Login_button()&amp#27;[0m
]]></system-out>
    <system-err><![CDATA[Starting ChromeDriver 107.0.5304.62 (1eec40d3a5764881c92085aaee66d25075c159aa-refs/branch-heads/5304@{#942}) on port 21418
Only local connections are allowed.
Please see https://chromedriver.chromium.org/security-considerations for suggestions on keeping ChromeDriver safe.
ChromeDriver was started successfully.
Nov 19, 2022 1:49:20 PM org.openqa.selenium.remote.ProtocolHandshake createSession
INFO: Detected dialect: W3C
]]></system-err>
  </testcase>
  <testcase name="feature[Create new Job with Basic Information ,collaborators](12)" classname="testrunners.Testrunners" time="51.009">
    <failure message="org.openqa.selenium.TimeoutException: Expected condition failed: waiting for element to be clickable: By.xpath: /html/body/section/div[1]/div/header/nav/ul/li[2]/a (tried for 30 second(s) with 500 milliseconds interval)" type="cucumber.runtime.CucumberException"><![CDATA[cucumber.runtime.CucumberException: org.openqa.selenium.TimeoutException: Expected condition failed: waiting for element to be clickable: By.xpath: /html/body/section/div[1]/div/header/nav/ul/li[2]/a (tried for 30 second(s) with 500 milliseconds interval)
Caused by: org.openqa.selenium.TimeoutException: Expected condition failed: waiting for element to be clickable: By.xpath: /html/body/section/div[1]/div/header/nav/ul/li[2]/a (tried for 30 second(s) with 500 milliseconds interval)
Caused by: org.openqa.selenium.NoSuchElementException: 
no such element: Unable to locate element: {"method":"xpath","selector":"/html/body/section/div[1]/div/header/nav/ul/li[2]/a"}
  (Session info: chrome=107.0.5304.107)
For documentation on this error, please visit: https://www.seleniumhq.org/exceptions/no_such_element.html
Build info: version: '3.141.59', revision: 'e82be7d358', time: '2018-11-14T08:17:03'
System info: host: 'PAUL', ip: '192.168.1.3', os.name: 'Windows 11', os.arch: 'amd64', os.version: '10.0', java.version: '11.0.16'
Driver info: org.openqa.selenium.chrome.ChromeDriver
Capabilities {acceptInsecureCerts: false, browserName: chrome, browserVersion: 107.0.5304.107, chrome: {chromedriverVersion: 107.0.5304.62 (1eec40d3a576..., userDataDir: C:\Users\paul\AppData\Local...}, goog:chromeOptions: {debuggerAddress: localhost:52458}, javascriptEnabled: true, networkConnectionEnabled: false, pageLoadStrategy: normal, platform: WINDOWS, platformName: WINDOWS, proxy: Proxy(), setWindowRect: true, strictFileInteractability: false, timeouts: {implicit: 0, pageLoad: 300000, script: 30000}, unhandledPromptBehavior: dismiss and notify, webauthn:extension:credBlob: true, webauthn:extension:largeBlob: true, webauthn:virtualAuthenticators: true}
Session ID: 76c7ef14b7dd141436608d3e472d8f49
*** Element info: {Using=xpath, value=/html/body/section/div[1]/div/header/nav/ul/li[2]/a}
]]></failure>
    <system-out><![CDATA[@tag
Feature: Create new Job with Basic Information ,collaborators

  @Login @Before
  Scenario: Verify Recruiter Ai Login Functionality                    &amp#27;[90m# collaborators.feature:6&amp#27;[0m
    &amp#27;[32mGiven &amp#27;[0m&amp#27;[32mLaunch Application using valid URL&amp#27;[0m                           &amp#27;[90m# Stepdef.launch_Application_using_valid_URL()&amp#27;[0m
    &amp#27;[32mThen &amp#27;[0m&amp#27;[32maccept cookies and choose login type&amp#27;[0m                          &amp#27;[90m# Stepdef.accept_cookies_and_choose_login_type()&amp#27;[0m
    &amp#27;[32mWhen &amp#27;[0m&amp#27;[32menters valid credentials "&amp#27;[0m&amp#27;[32m&amp#27;[1mpaul@trainingqa.com&amp#27;[0m&amp#27;[32m" and "&amp#27;[0m&amp#27;[32m&amp#27;[1mXPAStag0&amp#27;[0m&amp#27;[32m"&amp#27;[0m &amp#27;[90m# Stepdef.enters_valid_credentials_and(String,String)&amp#27;[0m
    &amp#27;[32mThen &amp#27;[0m&amp#27;[32mverify captcha and click on Login button&amp#27;[0m                      &amp#27;[90m# Stepdef.verify_captcha_and_click_on_Login_button()&amp#27;[0m

  @CreateNewJob
  Scenario Outline: Verify create new job functionality with basic information &amp#27;[90m# collaborators.feature:13&amp#27;[0m
    &amp#27;[36mGiven &amp#27;[0m&amp#27;[36mRecruiter clicks on Jobs Menu&amp#27;[0m
    &amp#27;[36mThen &amp#27;[0m&amp#27;[36mselect create new job section&amp#27;[0m
    &amp#27;[36mWhen &amp#27;[0m&amp#27;[36mclick on Start button of form&amp#27;[0m
    &amp#27;[36mAnd &amp#27;[0m&amp#27;[36mchoose office address "<office address>"&amp#27;[0m
    &amp#27;[36mAnd &amp#27;[0m&amp#27;[36madd Job Title as "<job title>"&amp#27;[0m
    &amp#27;[36mAnd &amp#27;[0m&amp#27;[36madd internal code for job "<internal code>"&amp#27;[0m
    &amp#27;[36mAnd &amp#27;[0m&amp#27;[36mselect Job Status as "<job status>"&amp#27;[0m
    &amp#27;[36mAnd &amp#27;[0m&amp#27;[36mchoose candidates from other countries&amp#27;[0m
    &amp#27;[36mAnd &amp#27;[0m&amp#27;[36menable rank and file job&amp#27;[0m
    &amp#27;[36mAnd &amp#27;[0m&amp#27;[36mSelect Country Location "<country location>"&amp#27;[0m
    &amp#27;[36mAnd &amp#27;[0m&amp#27;[36mSelect City location "<city location>"&amp#27;[0m
    &amp#27;[36mAnd &amp#27;[0m&amp#27;[36madd skills "<skill 1>" and "<skill 2>"&amp#27;[0m
    &amp#27;[36mAnd &amp#27;[0m&amp#27;[36madd Qualification "<qualification>"&amp#27;[0m
    &amp#27;[36mAnd &amp#27;[0m&amp#27;[36madd job type in emp details as "<job type>"&amp#27;[0m
    &amp#27;[36mAnd &amp#27;[0m&amp#27;[36mselect minimum experience as "<min exp>"&amp#27;[0m
    &amp#27;[36mAnd &amp#27;[0m&amp#27;[36mselect maximum experience as "<max exp>"&amp#27;[0m
    &amp#27;[36mAnd &amp#27;[0m&amp#27;[36mchoose Employment type as "<emp type>"&amp#27;[0m
    &amp#27;[36mAnd &amp#27;[0m&amp#27;[36mchoose no of vacancies "<vacancies>"&amp#27;[0m
    &amp#27;[36mAnd &amp#27;[0m&amp#27;[36mchoose close date of job "<mdyclosedate>"&amp#27;[0m
    &amp#27;[36mAnd &amp#27;[0m&amp#27;[36madd Job Description "<job discription>"&amp#27;[0m
    &amp#27;[36mAnd &amp#27;[0m&amp#27;[36madd Job Requirements "<job requirements>"&amp#27;[0m
    &amp#27;[36mAnd &amp#27;[0m&amp#27;[36mchoose primary recruiter "<primary recruiter>"&amp#27;[0m
    &amp#27;[36mAnd &amp#27;[0m&amp#27;[36mclick on submit button of job&amp#27;[0m
    &amp#27;[36mThen &amp#27;[0m&amp#27;[36mrecruiter clicks on add collaborators button&amp#27;[0m
    &amp#27;[36mWhen &amp#27;[0m&amp#27;[36mrecruiter set up pre screening questions&amp#27;[0m
    &amp#27;[36mThen &amp#27;[0m&amp#27;[36mrecruiter set up passing points&amp#27;[0m
    &amp#27;[36mThen &amp#27;[0m&amp#27;[36mrecruiter set up Interview&amp#27;[0m

    Examples: 

  @tag @CreateNewJob
  Scenario Outline: Verify create new job functionality with basic information &amp#27;[90m# collaborators.feature:44&amp#27;[0m
    &amp#27;[31mGiven &amp#27;[0m&amp#27;[31mRecruiter clicks on Jobs Menu&amp#27;[0m                                        &amp#27;[90m# Stepdef.recruiter_clicks_on_Jobs_Menu()&amp#27;[0m
      &amp#27;[31morg.openqa.selenium.TimeoutException: Expected condition failed: waiting for element to be clickable: By.xpath: /html/body/section/div[1]/div/header/nav/ul/li[2]/a (tried for 30 second(s) with 500 milliseconds interval)
      	at org.openqa.selenium.support.ui.WebDriverWait.timeoutException(WebDriverWait.java:95)
      	at org.openqa.selenium.support.ui.FluentWait.until(FluentWait.java:272)
      	at stepdef.Stepdef.recruiter_clicks_on_Jobs_Menu(Stepdef.java:90)
      	at ?.Given Recruiter clicks on Jobs Menu(collaborators.feature:14)
      Caused by: org.openqa.selenium.NoSuchElementException: no such element: Unable to locate element: {"method":"xpath","selector":"/html/body/section/div[1]/div/header/nav/ul/li[2]/a"}
        (Session info: chrome=107.0.5304.107)
      For documentation on this error, please visit: https://www.seleniumhq.org/exceptions/no_such_element.html
      Build info: version: '3.141.59', revision: 'e82be7d358', time: '2018-11-14T08:17:03'
      System info: host: 'PAUL', ip: '192.168.1.3', os.name: 'Windows 11', os.arch: 'amd64', os.version: '10.0', java.version: '11.0.16'
      Driver info: org.openqa.selenium.chrome.ChromeDriver
      Capabilities {acceptInsecureCerts: false, browserName: chrome, browserVersion: 107.0.5304.107, chrome: {chromedriverVersion: 107.0.5304.62 (1eec40d3a576..., userDataDir: C:\Users\paul\AppData\Local...}, goog:chromeOptions: {debuggerAddress: localhost:52458}, javascriptEnabled: true, networkConnectionEnabled: false, pageLoadStrategy: normal, platform: WINDOWS, platformName: WINDOWS, proxy: Proxy(), setWindowRect: true, strictFileInteractability: false, timeouts: {implicit: 0, pageLoad: 300000, script: 30000}, unhandledPromptBehavior: dismiss and notify, webauthn:extension:credBlob: true, webauthn:extension:largeBlob: true, webauthn:virtualAuthenticators: true}
      Session ID: 76c7ef14b7dd141436608d3e472d8f49
      *** Element info: {Using=xpath, value=/html/body/section/div[1]/div/header/nav/ul/li[2]/a}
      	at jdk.internal.reflect.GeneratedConstructorAccessor16.newInstance(Unknown Source)
      	at java.base/jdk.internal.reflect.DelegatingConstructorAccessorImpl.newInstance(DelegatingConstructorAccessorImpl.java:45)
      	at java.base/java.lang.reflect.Constructor.newInstance(Constructor.java:490)
      	at org.openqa.selenium.remote.http.W3CHttpResponseCodec.createException(W3CHttpResponseCodec.java:187)
      	at org.openqa.selenium.remote.http.W3CHttpResponseCodec.decode(W3CHttpResponseCodec.java:122)
      	at org.openqa.selenium.remote.http.W3CHttpResponseCodec.decode(W3CHttpResponseCodec.java:49)
      	at org.openqa.selenium.remote.HttpCommandExecutor.execute(HttpCommandExecutor.java:158)
      	at org.openqa.selenium.remote.service.DriverCommandExecutor.execute(DriverCommandExecutor.java:83)
      	at org.openqa.selenium.remote.RemoteWebDriver.execute(RemoteWebDriver.java:552)
      	at org.openqa.selenium.remote.RemoteWebDriver.findElement(RemoteWebDriver.java:323)
      	at org.openqa.selenium.remote.RemoteWebDriver.findElementByXPath(RemoteWebDriver.java:428)
      	at org.openqa.selenium.By$ByXPath.findElement(By.java:353)
      	at org.openqa.selenium.remote.RemoteWebDriver.findElement(RemoteWebDriver.java:315)
      	at org.openqa.selenium.support.ui.ExpectedConditions$7.apply(ExpectedConditions.java:205)
      	at org.openqa.selenium.support.ui.ExpectedConditions$7.apply(ExpectedConditions.java:201)
      	at org.openqa.selenium.support.ui.ExpectedConditions$22.apply(ExpectedConditions.java:641)
      	at org.openqa.selenium.support.ui.ExpectedConditions$22.apply(ExpectedConditions.java:638)
      	at org.openqa.selenium.support.ui.FluentWait.until(FluentWait.java:249)
      	at stepdef.Stepdef.recruiter_clicks_on_Jobs_Menu(Stepdef.java:90)
      	at java.base/jdk.internal.reflect.NativeMethodAccessorImpl.invoke0(Native Method)
      	at java.base/jdk.internal.reflect.NativeMethodAccessorImpl.invoke(NativeMethodAccessorImpl.java:62)
      	at java.base/jdk.internal.reflect.DelegatingMethodAccessorImpl.invoke(DelegatingMethodAccessorImpl.java:43)
      	at java.base/java.lang.reflect.Method.invoke(Method.java:566)
      	at cucumber.runtime.Utils$1.call(Utils.java:40)
      	at cucumber.runtime.Timeout.timeout(Timeout.java:16)
      	at cucumber.runtime.Utils.invoke(Utils.java:34)
      	at cucumber.runtime.java.JavaStepDefinition.execute(JavaStepDefinition.java:38)
      	at cucumber.runtime.StepDefinitionMatch.runStep(StepDefinitionMatch.java:37)
      	at cucumber.runtime.Runtime.runStep(Runtime.java:300)
      	at cucumber.runtime.model.StepContainer.runStep(StepContainer.java:44)
      	at cucumber.runtime.model.StepContainer.runSteps(StepContainer.java:39)
      	at cucumber.runtime.model.CucumberScenario.run(CucumberScenario.java:44)
      	at cucumber.runtime.model.CucumberScenarioOutline.run(CucumberScenarioOutline.java:46)
      	at cucumber.runtime.model.CucumberFeature.run(CucumberFeature.java:165)
      	at cucumber.api.testng.TestNGCucumberRunner.runCucumber(TestNGCucumberRunner.java:63)
      	at cucumber.api.testng.AbstractTestNGCucumberTests.feature(AbstractTestNGCucumberTests.java:21)
      	at java.base/jdk.internal.reflect.NativeMethodAccessorImpl.invoke0(Native Method)
      	at java.base/jdk.internal.reflect.NativeMethodAccessorImpl.invoke(NativeMethodAccessorImpl.java:62)
      	at java.base/jdk.internal.reflect.DelegatingMethodAccessorImpl.invoke(DelegatingMethodAccessorImpl.java:43)
      	at java.base/java.lang.reflect.Method.invoke(Method.java:566)
      	at org.testng.internal.MethodInvocationHelper.invokeMethod(MethodInvocationHelper.java:124)
      	at org.testng.internal.Invoker.invokeMethod(Invoker.java:583)
      	at org.testng.internal.Invoker.invokeTestMethod(Invoker.java:719)
      	at org.testng.internal.Invoker.invokeTestMethods(Invoker.java:989)
      	at org.testng.internal.TestMethodWorker.invokeTestMethods(TestMethodWorker.java:125)
      	at org.testng.internal.TestMethodWorker.run(TestMethodWorker.java:109)
      	at org.testng.TestRunner.privateRun(TestRunner.java:648)
      	at org.testng.TestRunner.run(TestRunner.java:505)
      	at org.testng.SuiteRunner.runTest(SuiteRunner.java:455)
      	at org.testng.SuiteRunner.runSequentially(SuiteRunner.java:450)
      	at org.testng.SuiteRunner.privateRun(SuiteRunner.java:415)
      	at org.testng.SuiteRunner.run(SuiteRunner.java:364)
      	at org.testng.SuiteRunnerWorker.runSuite(SuiteRunnerWorker.java:52)
      	at org.testng.SuiteRunnerWorker.run(SuiteRunnerWorker.java:84)
      	at org.testng.TestNG.runSuitesSequentially(TestNG.java:1208)
      	at org.testng.TestNG.runSuitesLocally(TestNG.java:1137)
      	at org.testng.TestNG.runSuites(TestNG.java:1049)
      	at org.testng.TestNG.run(TestNG.java:1017)
      	at org.apache.maven.surefire.testng.TestNGExecutor.run(TestNGExecutor.java:136)
      	at org.apache.maven.surefire.testng.TestNGDirectoryTestSuite.executeSingleClass(TestNGDirectoryTestSuite.java:112)
      	at org.apache.maven.surefire.testng.TestNGDirectoryTestSuite.execute(TestNGDirectoryTestSuite.java:99)
      	at org.apache.maven.surefire.testng.TestNGProvider.invoke(TestNGProvider.java:145)
      	at org.apache.maven.surefire.booter.ForkedBooter.runSuitesInProcess(ForkedBooter.java:428)
      	at org.apache.maven.surefire.booter.ForkedBooter.execute(ForkedBooter.java:162)
      	at org.apache.maven.surefire.booter.ForkedBooter.run(ForkedBooter.java:562)
      	at org.apache.maven.surefire.booter.ForkedBooter.main(ForkedBooter.java:548)
      &amp#27;[0m
    &amp#27;[36mThen &amp#27;[0m&amp#27;[36mselect create new job section&amp#27;[0m                                         &amp#27;[90m# Stepdef.select_create_new_job_section()&amp#27;[0m
    &amp#27;[36mWhen &amp#27;[0m&amp#27;[36mclick on Start button of form&amp#27;[0m                                         &amp#27;[90m# Stepdef.click_on_Start_button_of_form()&amp#27;[0m
    &amp#27;[36mAnd &amp#27;[0m&amp#27;[36mchoose office address "&amp#27;[0m&amp#27;[36m&amp#27;[1mHyderabad&amp#27;[0m&amp#27;[36m"&amp#27;[0m                                      &amp#27;[90m# Stepdef.choose_office_address(String)&amp#27;[0m
    &amp#27;[36mAnd &amp#27;[0m&amp#27;[36madd Job Title as "&amp#27;[0m&amp#27;[36m&amp#27;[1msoftware Tester&amp#27;[0m&amp#27;[36m"&amp#27;[0m                                     &amp#27;[90m# Stepdef.add_Job_Title_as(String)&amp#27;[0m
    &amp#27;[36mAnd &amp#27;[0m&amp#27;[36madd internal code for job "&amp#27;[0m&amp#27;[36m&amp#27;[1mJob0001&amp#27;[0m&amp#27;[36m"&amp#27;[0m                                    &amp#27;[90m# Stepdef.add_internal_code_for_job(String)&amp#27;[0m
    &amp#27;[36mAnd &amp#27;[0m&amp#27;[36mselect Job Status as "&amp#27;[0m&amp#27;[36m&amp#27;[1minternal&external&amp#27;[0m&amp#27;[36m"&amp#27;[0m                               &amp#27;[90m# Stepdef.select_Job_Status_as(String)&amp#27;[0m
    &amp#27;[36mAnd &amp#27;[0m&amp#27;[36mchoose candidates from other countries&amp#27;[0m                                 &amp#27;[90m# Stepdef.choose_candidates_from_other_countries()&amp#27;[0m
    &amp#27;[36mAnd &amp#27;[0m&amp#27;[36menable rank and file job&amp#27;[0m                                               &amp#27;[90m# Stepdef.enable_rank_and_file_job()&amp#27;[0m
    &amp#27;[36mAnd &amp#27;[0m&amp#27;[36mSelect Country Location "&amp#27;[0m&amp#27;[36m&amp#27;[1mIndia&amp#27;[0m&amp#27;[36m"&amp#27;[0m                                        &amp#27;[90m# Stepdef.select_Country_Location(String)&amp#27;[0m
    &amp#27;[36mAnd &amp#27;[0m&amp#27;[36mSelect City location "&amp#27;[0m&amp#27;[36m&amp#27;[1mHyderabad&amp#27;[0m&amp#27;[36m"&amp#27;[0m                                       &amp#27;[90m# Stepdef.select_City_location(String)&amp#27;[0m
    &amp#27;[36mAnd &amp#27;[0m&amp#27;[36madd skills "&amp#27;[0m&amp#27;[36m&amp#27;[1mjava&amp#27;[0m&amp#27;[36m" and "&amp#27;[0m&amp#27;[36m&amp#27;[1msql&amp#27;[0m&amp#27;[36m"&amp#27;[0m                                            &amp#27;[90m# Stepdef.add_skills_and(String,String)&amp#27;[0m
    &amp#27;[36mAnd &amp#27;[0m&amp#27;[36madd Qualification "&amp#27;[0m&amp#27;[36m&amp#27;[1mBachelor's degree&amp#27;[0m&amp#27;[36m"&amp#27;[0m                                  &amp#27;[90m# Stepdef.add_Qualification(String)&amp#27;[0m
    &amp#27;[36mAnd &amp#27;[0m&amp#27;[36madd job type in emp details as "&amp#27;[0m&amp#27;[36m&amp#27;[1mPermanent&amp#27;[0m&amp#27;[36m"&amp#27;[0m                             &amp#27;[90m# Stepdef.add_job_type_in_emp_details_as(String)&amp#27;[0m
    &amp#27;[36mAnd &amp#27;[0m&amp#27;[36mselect minimum experience as "&amp#27;[0m&amp#27;[36m&amp#27;[1m2&amp#27;[0m&amp#27;[36m"&amp#27;[0m                                       &amp#27;[90m# Stepdef.select_minimum_experience_as(String)&amp#27;[0m
    &amp#27;[36mAnd &amp#27;[0m&amp#27;[36mselect maximum experience as "&amp#27;[0m&amp#27;[36m&amp#27;[1m10&amp#27;[0m&amp#27;[36m"&amp#27;[0m                                      &amp#27;[90m# Stepdef.select_maximum_experience_as(String)&amp#27;[0m
    &amp#27;[36mAnd &amp#27;[0m&amp#27;[36mchoose Employment type as "&amp#27;[0m&amp#27;[36m&amp#27;[1mfull-time&amp#27;[0m&amp#27;[36m"&amp#27;[0m                                  &amp#27;[90m# Stepdef.choose_Employment_type_as(String)&amp#27;[0m
    &amp#27;[36mAnd &amp#27;[0m&amp#27;[36mchoose no of vacancies "&amp#27;[0m&amp#27;[36m&amp#27;[1m15&amp#27;[0m&amp#27;[36m"&amp#27;[0m                                            &amp#27;[90m# Stepdef.choose_no_of_vacancies(String)&amp#27;[0m
    &amp#27;[36mAnd &amp#27;[0m&amp#27;[36mchoose close date of job "&amp#27;[0m&amp#27;[36m&amp#27;[1m12/02/2022&amp#27;[0m&amp#27;[36m"&amp#27;[0m                                  &amp#27;[90m# Stepdef.choose_close_date_of_job(String)&amp#27;[0m
    &amp#27;[36mAnd &amp#27;[0m&amp#27;[36madd Job Description "&amp#27;[0m&amp#27;[36m&amp#27;[1mcandidate should be expert in java&amp#27;[0m&amp#27;[36m"&amp#27;[0m               &amp#27;[90m# Stepdef.add_Job_Description(String)&amp#27;[0m
    &amp#27;[36mAnd &amp#27;[0m&amp#27;[36madd Job Requirements "&amp#27;[0m&amp#27;[36m&amp#27;[1m3 years experience&amp#27;[0m&amp#27;[36m"&amp#27;[0m                              &amp#27;[90m# Stepdef.add_Job_Requirements(String)&amp#27;[0m
    &amp#27;[36mAnd &amp#27;[0m&amp#27;[36mchoose primary recruiter "&amp#27;[0m&amp#27;[36m&amp#27;[1manand paul&amp#27;[0m&amp#27;[36m"&amp#27;[0m                                  &amp#27;[90m# Stepdef.choose_primary_recruiter(String)&amp#27;[0m
    &amp#27;[36mAnd &amp#27;[0m&amp#27;[36mclick on submit button of job&amp#27;[0m                                          &amp#27;[90m# Stepdef.click_on_submit_button_of_job()&amp#27;[0m
    &amp#27;[36mThen &amp#27;[0m&amp#27;[36mrecruiter clicks on add collaborators button&amp#27;[0m                          &amp#27;[90m# Stepdef.recruiter_clicks_on_add_collaborators_button()&amp#27;[0m
    &amp#27;[36mWhen &amp#27;[0m&amp#27;[36mrecruiter set up pre screening questions&amp#27;[0m                              &amp#27;[90m# Stepdef.recruiter_set_up_pre_screening_questions()&amp#27;[0m
    &amp#27;[36mThen &amp#27;[0m&amp#27;[36mrecruiter set up passing points&amp#27;[0m                                       &amp#27;[90m# Stepdef.recruiter_set_up_passing_points()&amp#27;[0m
    &amp#27;[36mThen &amp#27;[0m&amp#27;[36mrecruiter set up Interview&amp#27;[0m                                            &amp#27;[90m# Stepdef.recruiter_set_up_Interview()&amp#27;[0m
]]></system-out>
    <system-err><![CDATA[Starting ChromeDriver 107.0.5304.62 (1eec40d3a5764881c92085aaee66d25075c159aa-refs/branch-heads/5304@{#942}) on port 51292
Only local connections are allowed.
Please see https://chromedriver.chromium.org/security-considerations for suggestions on keeping ChromeDriver safe.
ChromeDriver was started successfully.
Nov 19, 2022 1:49:21 PM org.openqa.selenium.remote.ProtocolHandshake createSession
INFO: Detected dialect: W3C
]]></system-err>
  </testcase>
  <testcase name="feature[Create New Job with all details](13)" classname="testrunners.Testrunners" time="46.571">
    <system-out><![CDATA[@tag
Feature: Create New Job with all details

  @Login
  Scenario: Verify Recruiter Ai Login Functionality                    &amp#27;[90m# createnewjob.feature:4&amp#27;[0m
    &amp#27;[32mGiven &amp#27;[0m&amp#27;[32mLaunch Application using valid URL&amp#27;[0m                           &amp#27;[90m# Stepdef.launch_Application_using_valid_URL()&amp#27;[0m
    &amp#27;[32mThen &amp#27;[0m&amp#27;[32maccept cookies and choose login type&amp#27;[0m                          &amp#27;[90m# Stepdef.accept_cookies_and_choose_login_type()&amp#27;[0m
    &amp#27;[32mWhen &amp#27;[0m&amp#27;[32menters valid credentials "&amp#27;[0m&amp#27;[32m&amp#27;[1mpaul@trainingqa.com&amp#27;[0m&amp#27;[32m" and "&amp#27;[0m&amp#27;[32m&amp#27;[1mXPAStag0&amp#27;[0m&amp#27;[32m"&amp#27;[0m &amp#27;[90m# Stepdef.enters_valid_credentials_and(String,String)&amp#27;[0m
    &amp#27;[32mThen &amp#27;[0m&amp#27;[32mverify captcha and click on Login button&amp#27;[0m                      &amp#27;[90m# Stepdef.verify_captcha_and_click_on_Login_button()&amp#27;[0m

  @CreateNewJob
  Scenario Outline: Verify create new job functionality  &amp#27;[90m# createnewjob.feature:11&amp#27;[0m
    &amp#27;[36mGiven &amp#27;[0m&amp#27;[36mRecruiter clicks on Jobs Menu&amp#27;[0m
    &amp#27;[36mThen &amp#27;[0m&amp#27;[36mselect create new job section&amp#27;[0m
    &amp#27;[36mWhen &amp#27;[0m&amp#27;[36mclick on Start button of form&amp#27;[0m
    #And click on Add New Office button to add new office Address
    &amp#27;[36mAnd &amp#27;[0m&amp#27;[36mchoose office address "<office address>"&amp#27;[0m
    &amp#27;[36mAnd &amp#27;[0m&amp#27;[36madd Job Title as "<job title>"&amp#27;[0m
    &amp#27;[36mAnd &amp#27;[0m&amp#27;[36madd internal code for job "<internal code>"&amp#27;[0m
    &amp#27;[36mAnd &amp#27;[0m&amp#27;[36mselect Job Status as "<job status>"&amp#27;[0m
    &amp#27;[36mAnd &amp#27;[0m&amp#27;[36mchoose candidates from other countries&amp#27;[0m
    &amp#27;[36mAnd &amp#27;[0m&amp#27;[36menable rank and file job&amp#27;[0m
    &amp#27;[36mAnd &amp#27;[0m&amp#27;[36mSelect Country Location "<country location>"&amp#27;[0m
    &amp#27;[36mAnd &amp#27;[0m&amp#27;[36mSelect City location "<city location>"&amp#27;[0m
    &amp#27;[36mAnd &amp#27;[0m&amp#27;[36madd skills "<skill 1>" and "<skill 2>"&amp#27;[0m
    &amp#27;[36mAnd &amp#27;[0m&amp#27;[36madd Qualification "<qualification>"&amp#27;[0m
    &amp#27;[36mAnd &amp#27;[0m&amp#27;[36madd job type in emp details as "<job type>"&amp#27;[0m
    &amp#27;[36mAnd &amp#27;[0m&amp#27;[36mselect minimum experience as "<min exp>"&amp#27;[0m
    &amp#27;[36mAnd &amp#27;[0m&amp#27;[36mselect maximum experience as "<max exp>"&amp#27;[0m
    &amp#27;[36mAnd &amp#27;[0m&amp#27;[36mchoose Employment type as "<emp type>"&amp#27;[0m
    &amp#27;[36mAnd &amp#27;[0m&amp#27;[36mchoose no of vacancies "<vacancies>"&amp#27;[0m
    &amp#27;[36mAnd &amp#27;[0m&amp#27;[36mchoose close date of job "<mdyclosedate>"&amp#27;[0m
    &amp#27;[36mAnd &amp#27;[0m&amp#27;[36madd Job Description "<job discription>"&amp#27;[0m
    &amp#27;[36mAnd &amp#27;[0m&amp#27;[36madd Job Requirements "<job requirements>"&amp#27;[0m
    &amp#27;[36mAnd &amp#27;[0m&amp#27;[36mchoose primary recruiter "<primary recruiter>"&amp#27;[0m
    &amp#27;[36mWhen &amp#27;[0m&amp#27;[36mclicks on skills and education section&amp#27;[0m
    &amp#27;[36mWhen &amp#27;[0m&amp#27;[36mrecruiter add industry field "<industry>"&amp#27;[0m
    &amp#27;[36mAnd &amp#27;[0m&amp#27;[36madd keywords for AI to vote CV "<keyword>"&amp#27;[0m
    &amp#27;[36mAnd &amp#27;[0m&amp#27;[36mrecruiter add Education "<education>"&amp#27;[0m
    &amp#27;[36mWhen &amp#27;[0m&amp#27;[36mrecruiter clicks on Additional Information&amp#27;[0m
    &amp#27;[36mWhen &amp#27;[0m&amp#27;[36mrecruiter add Work Location "<worklocation>"&amp#27;[0m
    &amp#27;[36mAnd &amp#27;[0m&amp#27;[36mrecruiter add working Hours "<working hrs>"&amp#27;[0m
    &amp#27;[36mAnd &amp#27;[0m&amp#27;[36menter minimal Annual Salary "<min sal>"&amp#27;[0m
    &amp#27;[36mAnd &amp#27;[0m&amp#27;[36menter maximum Annual Salary "<max sal>"&amp#27;[0m
    &amp#27;[36mGiven &amp#27;[0m&amp#27;[36mrecruiter clicks on pre screening questionaire&amp#27;[0m
    &amp#27;[36mWhen &amp#27;[0m&amp#27;[36mrecruiter clicks on select questions button&amp#27;[0m
    #When recruiter clicks on Add Question button
    #And recruiter adds essay text type question
    #And recruiter adds numeric type question
    #And recruiter adds yes or no question
    &amp#27;[36mAnd &amp#27;[0m&amp#27;[36mSelect questions from displayed List&amp#27;[0m
    &amp#27;[36mThen &amp#27;[0m&amp#27;[36mclick on Add Selected option&amp#27;[0m
    &amp#27;[36mGiven &amp#27;[0m&amp#27;[36mrecruiter Clicks on Attachments section&amp#27;[0m
    &amp#27;[36mWhen &amp#27;[0m&amp#27;[36mrecruiter uploads Attachment file&amp#27;[0m
    &amp#27;[36mThen &amp#27;[0m&amp#27;[36mclick on submit after uploading file&amp#27;[0m

    Examples: 

  @tag @CreateNewJob
  Scenario Outline: Verify create new job functionality          &amp#27;[90m# createnewjob.feature:58&amp#27;[0m
    &amp#27;[32mGiven &amp#27;[0m&amp#27;[32mRecruiter clicks on Jobs Menu&amp#27;[0m                          &amp#27;[90m# Stepdef.recruiter_clicks_on_Jobs_Menu()&amp#27;[0m
    &amp#27;[32mThen &amp#27;[0m&amp#27;[32mselect create new job section&amp#27;[0m                           &amp#27;[90m# Stepdef.select_create_new_job_section()&amp#27;[0m
    &amp#27;[32mWhen &amp#27;[0m&amp#27;[32mclick on Start button of form&amp#27;[0m                           &amp#27;[90m# Stepdef.click_on_Start_button_of_form()&amp#27;[0m
    #And click on Add New Office button to add new office Address
    &amp#27;[32mAnd &amp#27;[0m&amp#27;[32mchoose office address "&amp#27;[0m&amp#27;[32m&amp#27;[1mHyderabad&amp#27;[0m&amp#27;[32m"&amp#27;[0m                        &amp#27;[90m# Stepdef.choose_office_address(String)&amp#27;[0m
    &amp#27;[32mAnd &amp#27;[0m&amp#27;[32madd Job Title as "&amp#27;[0m&amp#27;[32m&amp#27;[1msoftware Engineer&amp#27;[0m&amp#27;[32m"&amp#27;[0m                     &amp#27;[90m# Stepdef.add_Job_Title_as(String)&amp#27;[0m
    &amp#27;[32mAnd &amp#27;[0m&amp#27;[32madd internal code for job "&amp#27;[0m&amp#27;[32m&amp#27;[1mJob0001&amp#27;[0m&amp#27;[32m"&amp#27;[0m                      &amp#27;[90m# Stepdef.add_internal_code_for_job(String)&amp#27;[0m
    &amp#27;[32mAnd &amp#27;[0m&amp#27;[32mselect Job Status as "&amp#27;[0m&amp#27;[32m&amp#27;[1minternal&external&amp#27;[0m&amp#27;[32m"&amp#27;[0m                 &amp#27;[90m# Stepdef.select_Job_Status_as(String)&amp#27;[0m
    &amp#27;[32mAnd &amp#27;[0m&amp#27;[32mchoose candidates from other countries&amp#27;[0m                   &amp#27;[90m# Stepdef.choose_candidates_from_other_countries()&amp#27;[0m
    &amp#27;[32mAnd &amp#27;[0m&amp#27;[32menable rank and file job&amp#27;[0m                                 &amp#27;[90m# Stepdef.enable_rank_and_file_job()&amp#27;[0m
    &amp#27;[32mAnd &amp#27;[0m&amp#27;[32mSelect Country Location "&amp#27;[0m&amp#27;[32m&amp#27;[1mIndia&amp#27;[0m&amp#27;[32m"&amp#27;[0m                          &amp#27;[90m# Stepdef.select_Country_Location(String)&amp#27;[0m
    &amp#27;[32mAnd &amp#27;[0m&amp#27;[32mSelect City location "&amp#27;[0m&amp#27;[32m&amp#27;[1mHyderabad&amp#27;[0m&amp#27;[32m"&amp#27;[0m                         &amp#27;[90m# Stepdef.select_City_location(String)&amp#27;[0m
    &amp#27;[32mAnd &amp#27;[0m&amp#27;[32madd skills "&amp#27;[0m&amp#27;[32m&amp#27;[1mjava&amp#27;[0m&amp#27;[32m" and "&amp#27;[0m&amp#27;[32m&amp#27;[1msql&amp#27;[0m&amp#27;[32m"&amp#27;[0m                              &amp#27;[90m# Stepdef.add_skills_and(String,String)&amp#27;[0m
    &amp#27;[32mAnd &amp#27;[0m&amp#27;[32madd Qualification "&amp#27;[0m&amp#27;[32m&amp#27;[1mBachelor's degree&amp#27;[0m&amp#27;[32m"&amp#27;[0m                    &amp#27;[90m# Stepdef.add_Qualification(String)&amp#27;[0m
    &amp#27;[32mAnd &amp#27;[0m&amp#27;[32madd job type in emp details as "&amp#27;[0m&amp#27;[32m&amp#27;[1mPermanent&amp#27;[0m&amp#27;[32m"&amp#27;[0m               &amp#27;[90m# Stepdef.add_job_type_in_emp_details_as(String)&amp#27;[0m
    &amp#27;[32mAnd &amp#27;[0m&amp#27;[32mselect minimum experience as "&amp#27;[0m&amp#27;[32m&amp#27;[1m2&amp#27;[0m&amp#27;[32m"&amp#27;[0m                         &amp#27;[90m# Stepdef.select_minimum_experience_as(String)&amp#27;[0m
    &amp#27;[32mAnd &amp#27;[0m&amp#27;[32mselect maximum experience as "&amp#27;[0m&amp#27;[32m&amp#27;[1m10&amp#27;[0m&amp#27;[32m"&amp#27;[0m                        &amp#27;[90m# Stepdef.select_maximum_experience_as(String)&amp#27;[0m
    &amp#27;[32mAnd &amp#27;[0m&amp#27;[32mchoose Employment type as "&amp#27;[0m&amp#27;[32m&amp#27;[1mfull-time&amp#27;[0m&amp#27;[32m"&amp#27;[0m                    &amp#27;[90m# Stepdef.choose_Employment_type_as(String)&amp#27;[0m
    &amp#27;[32mAnd &amp#27;[0m&amp#27;[32mchoose no of vacancies "&amp#27;[0m&amp#27;[32m&amp#27;[1m15&amp#27;[0m&amp#27;[32m"&amp#27;[0m                              &amp#27;[90m# Stepdef.choose_no_of_vacancies(String)&amp#27;[0m
    &amp#27;[32mAnd &amp#27;[0m&amp#27;[32mchoose close date of job "&amp#27;[0m&amp#27;[32m&amp#27;[1m12/02/2022&amp#27;[0m&amp#27;[32m"&amp#27;[0m                    &amp#27;[90m# Stepdef.choose_close_date_of_job(String)&amp#27;[0m
    &amp#27;[32mAnd &amp#27;[0m&amp#27;[32madd Job Description "&amp#27;[0m&amp#27;[32m&amp#27;[1mcandidate should be expert in java&amp#27;[0m&amp#27;[32m"&amp#27;[0m &amp#27;[90m# Stepdef.add_Job_Description(String)&amp#27;[0m
    &amp#27;[32mAnd &amp#27;[0m&amp#27;[32madd Job Requirements "&amp#27;[0m&amp#27;[32m&amp#27;[1m3 years experience&amp#27;[0m&amp#27;[32m"&amp#27;[0m                &amp#27;[90m# Stepdef.add_Job_Requirements(String)&amp#27;[0m
    &amp#27;[32mAnd &amp#27;[0m&amp#27;[32mchoose primary recruiter "&amp#27;[0m&amp#27;[32m&amp#27;[1manand paul&amp#27;[0m&amp#27;[32m"&amp#27;[0m                    &amp#27;[90m# Stepdef.choose_primary_recruiter(String)&amp#27;[0m
    &amp#27;[32mWhen &amp#27;[0m&amp#27;[32mclicks on skills and education section&amp#27;[0m                  &amp#27;[90m# Stepdef.clicks_on_skills_and_education_section()&amp#27;[0m
    &amp#27;[32mWhen &amp#27;[0m&amp#27;[32mrecruiter add industry field "&amp#27;[0m&amp#27;[32m&amp#27;[1mcomputer software&amp#27;[0m&amp#27;[32m"&amp#27;[0m        &amp#27;[90m# Stepdef.recruiter_add_industry_field(String)&amp#27;[0m
    &amp#27;[32mAnd &amp#27;[0m&amp#27;[32madd keywords for AI to vote CV "&amp#27;[0m&amp#27;[32m&amp#27;[1mjava&amp#27;[0m&amp#27;[32m"&amp#27;[0m                    &amp#27;[90m# Stepdef.add_keywords_for_AI_to_vote_CV(String)&amp#27;[0m
    &amp#27;[32mAnd &amp#27;[0m&amp#27;[32mrecruiter add Education "&amp#27;[0m&amp#27;[32m&amp#27;[1mBSc Computers&amp#27;[0m&amp#27;[32m"&amp#27;[0m                  &amp#27;[90m# Stepdef.recruiter_add_Education(String)&amp#27;[0m
    &amp#27;[32mWhen &amp#27;[0m&amp#27;[32mrecruiter clicks on Additional Information&amp#27;[0m              &amp#27;[90m# Stepdef.recruiter_clicks_on_Additional_Information()&amp#27;[0m
    &amp#27;[32mWhen &amp#27;[0m&amp#27;[32mrecruiter add Work Location "&amp#27;[0m&amp#27;[32m&amp#27;[1mHyderabad&amp#27;[0m&amp#27;[32m"&amp#27;[0m                 &amp#27;[90m# Stepdef.recruiter_add_Work_Location(String)&amp#27;[0m
    &amp#27;[32mAnd &amp#27;[0m&amp#27;[32mrecruiter add working Hours "&amp#27;[0m&amp#27;[32m&amp#27;[1m8 hrs&amp#27;[0m&amp#27;[32m"&amp#27;[0m                      &amp#27;[90m# Stepdef.recruiter_add_working_Hours(String)&amp#27;[0m
    &amp#27;[32mAnd &amp#27;[0m&amp#27;[32menter minimal Annual Salary "&amp#27;[0m&amp#27;[32m&amp#27;[1m400000&amp#27;[0m&amp#27;[32m"&amp#27;[0m                     &amp#27;[90m# Stepdef.enter_minimal_Annual_Salary(String)&amp#27;[0m
    &amp#27;[32mAnd &amp#27;[0m&amp#27;[32menter maximum Annual Salary "&amp#27;[0m&amp#27;[32m&amp#27;[1m1000000&amp#27;[0m&amp#27;[32m"&amp#27;[0m                    &amp#27;[90m# Stepdef.enter_maximum_Annual_Salary(String)&amp#27;[0m
    &amp#27;[32mGiven &amp#27;[0m&amp#27;[32mrecruiter clicks on pre screening questionaire&amp#27;[0m         &amp#27;[90m# Stepdef.recruiter_clicks_on_pre_screening_questionaire()&amp#27;[0m
    &amp#27;[32mWhen &amp#27;[0m&amp#27;[32mrecruiter clicks on select questions button&amp#27;[0m             &amp#27;[90m# Stepdef.recruiter_clicks_on_select_questions_button()&amp#27;[0m
    #When recruiter clicks on Add Question button
    #And recruiter adds essay text type question
    #And recruiter adds numeric type question
    #And recruiter adds yes or no question
    &amp#27;[32mAnd &amp#27;[0m&amp#27;[32mSelect questions from displayed List&amp#27;[0m                     &amp#27;[90m# Stepdef.select_questions_from_displayed_List()&amp#27;[0m
    &amp#27;[32mThen &amp#27;[0m&amp#27;[32mclick on Add Selected option&amp#27;[0m                            &amp#27;[90m# Stepdef.click_on_Add_Selected_option()&amp#27;[0m
    &amp#27;[32mGiven &amp#27;[0m&amp#27;[32mrecruiter Clicks on Attachments section&amp#27;[0m                &amp#27;[90m# Stepdef.recruiter_Clicks_on_Attachments_section()&amp#27;[0m
    &amp#27;[32mWhen &amp#27;[0m&amp#27;[32mrecruiter uploads Attachment file&amp#27;[0m                       &amp#27;[90m# Stepdef.recruiter_uploads_Attachment_file()&amp#27;[0m
    &amp#27;[32mThen &amp#27;[0m&amp#27;[32mclick on submit after uploading file&amp#27;[0m                    &amp#27;[90m# Stepdef.click_on_submit_after_uploading_file()&amp#27;[0m
]]></system-out>
    <system-err><![CDATA[Starting ChromeDriver 107.0.5304.62 (1eec40d3a5764881c92085aaee66d25075c159aa-refs/branch-heads/5304@{#942}) on port 26872
Only local connections are allowed.
Please see https://chromedriver.chromium.org/security-considerations for suggestions on keeping ChromeDriver safe.
ChromeDriver was started successfully.
Nov 19, 2022 1:50:12 PM org.openqa.selenium.remote.ProtocolHandshake createSession
INFO: Detected dialect: W3C
]]></system-err>
  </testcase>
</testsuite>