<?xml version="1.0" encoding="UTF-8"?>
<testsuite xmlns:xsi="http://www.w3.org/2001/XMLSchema-instance" xsi:noNamespaceSchemaLocation="https://maven.apache.org/surefire/maven-surefire-plugin/xsd/surefire-test-report-3.0.xsd" version="3.0" name="testrunners.Testrunners" time="156.229" tests="1" errors="0" skipped="0" failures="0">
  <properties>
    <property name="sun.desktop" value="windows"/>
    <property name="awt.toolkit" value="sun.awt.windows.WToolkit"/>
    <property name="java.specification.version" value="11"/>
    <property name="webdriver.chrome.driver" value="chromedriver.exe"/>
    <property name="sun.cpu.isalist" value="amd64"/>
    <property name="sun.jnu.encoding" value="Cp1252"/>
    <property name="java.class.path" value="C:\Users\paul\eclipse-workspace\RecruiterAi-0.01\target\test-classes;C:\Users\paul\eclipse-workspace\RecruiterAi-0.01\target\classes;C:\Users\paul\.m2\repository\org\seleniumhq\selenium\selenium-java\3.141.59\selenium-java-3.141.59.jar;C:\Users\paul\.m2\repository\org\seleniumhq\selenium\selenium-api\3.141.59\selenium-api-3.141.59.jar;C:\Users\paul\.m2\repository\org\seleniumhq\selenium\selenium-chrome-driver\3.141.59\selenium-chrome-driver-3.141.59.jar;C:\Users\paul\.m2\repository\org\seleniumhq\selenium\selenium-edge-driver\3.141.59\selenium-edge-driver-3.141.59.jar;C:\Users\paul\.m2\repository\org\seleniumhq\selenium\selenium-firefox-driver\3.141.59\selenium-firefox-driver-3.141.59.jar;C:\Users\paul\.m2\repository\org\seleniumhq\selenium\selenium-ie-driver\3.141.59\selenium-ie-driver-3.141.59.jar;C:\Users\paul\.m2\repository\org\seleniumhq\selenium\selenium-opera-driver\3.141.59\selenium-opera-driver-3.141.59.jar;C:\Users\paul\.m2\repository\org\seleniumhq\selenium\selenium-remote-driver\3.141.59\selenium-remote-driver-3.141.59.jar;C:\Users\paul\.m2\repository\org\seleniumhq\selenium\selenium-safari-driver\3.141.59\selenium-safari-driver-3.141.59.jar;C:\Users\paul\.m2\repository\org\seleniumhq\selenium\selenium-support\3.141.59\selenium-support-3.141.59.jar;C:\Users\paul\.m2\repository\net\bytebuddy\byte-buddy\1.8.15\byte-buddy-1.8.15.jar;C:\Users\paul\.m2\repository\org\apache\commons\commons-exec\1.3\commons-exec-1.3.jar;C:\Users\paul\.m2\repository\com\google\guava\guava\25.0-jre\guava-25.0-jre.jar;C:\Users\paul\.m2\repository\com\google\code\findbugs\jsr305\1.3.9\jsr305-1.3.9.jar;C:\Users\paul\.m2\repository\org\checkerframework\checker-compat-qual\2.0.0\checker-compat-qual-2.0.0.jar;C:\Users\paul\.m2\repository\com\google\errorprone\error_prone_annotations\2.1.3\error_prone_annotations-2.1.3.jar;C:\Users\paul\.m2\repository\com\google\j2objc\j2objc-annotations\1.1\j2objc-annotations-1.1.jar;C:\Users\paul\.m2\repository\org\codehaus\mojo\animal-sniffer-annotations\1.14\animal-sniffer-annotations-1.14.jar;C:\Users\paul\.m2\repository\com\squareup\okhttp3\okhttp\3.11.0\okhttp-3.11.0.jar;C:\Users\paul\.m2\repository\com\squareup\okio\okio\1.14.0\okio-1.14.0.jar;C:\Users\paul\.m2\repository\junit\junit\4.12\junit-4.12.jar;C:\Users\paul\.m2\repository\org\hamcrest\hamcrest-core\1.3\hamcrest-core-1.3.jar;C:\Users\paul\.m2\repository\org\testng\testng\6.14.3\testng-6.14.3.jar;C:\Users\paul\.m2\repository\com\beust\jcommander\1.72\jcommander-1.72.jar;C:\Users\paul\.m2\repository\org\apache-extras\beanshell\bsh\2.0b6\bsh-2.0b6.jar;C:\Users\paul\.m2\repository\info\cukes\cucumber-java\1.2.5\cucumber-java-1.2.5.jar;C:\Users\paul\.m2\repository\info\cukes\cucumber-core\1.2.5\cucumber-core-1.2.5.jar;C:\Users\paul\.m2\repository\info\cukes\cucumber-html\0.2.3\cucumber-html-0.2.3.jar;C:\Users\paul\.m2\repository\info\cukes\cucumber-jvm-deps\1.0.5\cucumber-jvm-deps-1.0.5.jar;C:\Users\paul\.m2\repository\info\cukes\gherkin\2.12.2\gherkin-2.12.2.jar;C:\Users\paul\.m2\repository\info\cukes\cucumber-junit\1.2.5\cucumber-junit-1.2.5.jar;C:\Users\paul\.m2\repository\info\cukes\cucumber-testng\1.2.5\cucumber-testng-1.2.5.jar;C:\Users\paul\.m2\repository\com\aventstack\extentreports\3.1.0\extentreports-3.1.0.jar;C:\Users\paul\.m2\repository\org\freemarker\freemarker\2.3.23\freemarker-2.3.23.jar;C:\Users\paul\.m2\repository\org\mongodb\mongodb-driver\3.3.0\mongodb-driver-3.3.0.jar;C:\Users\paul\.m2\repository\org\mongodb\bson\3.3.0\bson-3.3.0.jar;C:\Users\paul\.m2\repository\org\mongodb\mongodb-driver-core\3.3.0\mongodb-driver-core-3.3.0.jar;C:\Users\paul\.m2\repository\org\apache\httpcomponents\httpclient\4.5.2\httpclient-4.5.2.jar;C:\Users\paul\.m2\repository\org\apache\httpcomponents\httpcore\4.4.4\httpcore-4.4.4.jar;C:\Users\paul\.m2\repository\commons-logging\commons-logging\1.2\commons-logging-1.2.jar;C:\Users\paul\.m2\repository\commons-codec\commons-codec\1.9\commons-codec-1.9.jar;C:\Users\paul\.m2\repository\org\apache\httpcomponents\httpmime\4.5.2\httpmime-4.5.2.jar;C:\Users\paul\.m2\repository\org\jsoup\jsoup\1.9.2\jsoup-1.9.2.jar;C:\Users\paul\.m2\repository\com\google\code\gson\gson\2.8.0\gson-2.8.0.jar;C:\Users\paul\.m2\repository\com\vimalselvam\cucumber-extentsreport\3.1.0\cucumber-extentsreport-3.1.0.jar;C:\Users\paul\.m2\repository\net\masterthought\maven-cucumber-reporting\3.15.0\maven-cucumber-reporting-3.15.0.jar;C:\Users\paul\.m2\repository\org\apache\maven\maven-plugin-api\3.3.9\maven-plugin-api-3.3.9.jar;C:\Users\paul\.m2\repository\org\apache\maven\maven-model\3.3.9\maven-model-3.3.9.jar;C:\Users\paul\.m2\repository\org\apache\maven\maven-artifact\3.3.9\maven-artifact-3.3.9.jar;C:\Users\paul\.m2\repository\org\eclipse\sisu\org.eclipse.sisu.plexus\0.3.2\org.eclipse.sisu.plexus-0.3.2.jar;C:\Users\paul\.m2\repository\javax\enterprise\cdi-api\1.0\cdi-api-1.0.jar;C:\Users\paul\.m2\repository\javax\annotation\jsr250-api\1.0\jsr250-api-1.0.jar;C:\Users\paul\.m2\repository\javax\inject\javax.inject\1\javax.inject-1.jar;C:\Users\paul\.m2\repository\org\eclipse\sisu\org.eclipse.sisu.inject\0.3.2\org.eclipse.sisu.inject-0.3.2.jar;C:\Users\paul\.m2\repository\org\codehaus\plexus\plexus-component-annotations\1.5.5\plexus-component-annotations-1.5.5.jar;C:\Users\paul\.m2\repository\org\codehaus\plexus\plexus-classworlds\2.5.2\plexus-classworlds-2.5.2.jar;C:\Users\paul\.m2\repository\org\apache\maven\plugins\maven-gpg-plugin\1.6\maven-gpg-plugin-1.6.jar;C:\Users\paul\.m2\repository\org\apache\maven\maven-project\2.2.1\maven-project-2.2.1.jar;C:\Users\paul\.m2\repository\org\apache\maven\maven-settings\2.2.1\maven-settings-2.2.1.jar;C:\Users\paul\.m2\repository\org\apache\maven\maven-profile\2.2.1\maven-profile-2.2.1.jar;C:\Users\paul\.m2\repository\org\apache\maven\maven-artifact-manager\2.2.1\maven-artifact-manager-2.2.1.jar;C:\Users\paul\.m2\repository\org\apache\maven\wagon\wagon-provider-api\1.0-beta-6\wagon-provider-api-1.0-beta-6.jar;C:\Users\paul\.m2\repository\backport-util-concurrent\backport-util-concurrent\3.1\backport-util-concurrent-3.1.jar;C:\Users\paul\.m2\repository\org\apache\maven\maven-plugin-registry\2.2.1\maven-plugin-registry-2.2.1.jar;C:\Users\paul\.m2\repository\org\codehaus\plexus\plexus-interpolation\1.11\plexus-interpolation-1.11.jar;C:\Users\paul\.m2\repository\org\codehaus\plexus\plexus-container-default\1.0-alpha-9-stable-1\plexus-container-default-1.0-alpha-9-stable-1.jar;C:\Users\paul\.m2\repository\classworlds\classworlds\1.1-alpha-2\classworlds-1.1-alpha-2.jar;C:\Users\paul\.m2\repository\org\apache\maven\maven-repository-metadata\2.2.1\maven-repository-metadata-2.2.1.jar;C:\Users\paul\.m2\repository\org\codehaus\plexus\plexus-utils\3.0.20\plexus-utils-3.0.20.jar;C:\Users\paul\.m2\repository\org\sonatype\plexus\plexus-sec-dispatcher\1.4\plexus-sec-dispatcher-1.4.jar;C:\Users\paul\.m2\repository\org\sonatype\plexus\plexus-cipher\1.4\plexus-cipher-1.4.jar;C:\Users\paul\.m2\repository\net\masterthought\cucumber-reporting\3.15.0\cucumber-reporting-3.15.0.jar;C:\Users\paul\.m2\repository\org\apache\logging\log4j\log4j-api\2.8.2\log4j-api-2.8.2.jar;C:\Users\paul\.m2\repository\org\apache\logging\log4j\log4j-core\2.8.2\log4j-core-2.8.2.jar;C:\Users\paul\.m2\repository\com\fasterxml\jackson\core\jackson-databind\2.8.6\jackson-databind-2.8.6.jar;C:\Users\paul\.m2\repository\com\fasterxml\jackson\core\jackson-annotations\2.8.0\jackson-annotations-2.8.0.jar;C:\Users\paul\.m2\repository\com\fasterxml\jackson\core\jackson-core\2.8.6\jackson-core-2.8.6.jar;C:\Users\paul\.m2\repository\org\apache\velocity\velocity\1.7\velocity-1.7.jar;C:\Users\paul\.m2\repository\commons-collections\commons-collections\3.2.1\commons-collections-3.2.1.jar;C:\Users\paul\.m2\repository\commons-lang\commons-lang\2.4\commons-lang-2.4.jar;C:\Users\paul\.m2\repository\velocity-tools\velocity-tools\1.4\velocity-tools-1.4.jar;C:\Users\paul\.m2\repository\joda-time\joda-time\2.9.9\joda-time-2.9.9.jar;C:\Users\paul\.m2\repository\org\apache\commons\commons-lang3\3.6\commons-lang3-3.6.jar;C:\Users\paul\.m2\repository\commons-io\commons-io\2.5\commons-io-2.5.jar;C:\Users\paul\.m2\repository\net\lingala\zip4j\zip4j\1.3.2\zip4j-1.3.2.jar;C:\Users\paul\.m2\repository\com\googlecode\owasp-java-html-sanitizer\owasp-java-html-sanitizer\20170515.1\owasp-java-html-sanitizer-20170515.1.jar;C:\Users\paul\.m2\repository\commons-configuration\commons-configuration\1.6\commons-configuration-1.6.jar;C:\Users\paul\.m2\repository\commons-digester\commons-digester\1.8\commons-digester-1.8.jar;C:\Users\paul\.m2\repository\commons-beanutils\commons-beanutils\1.7.0\commons-beanutils-1.7.0.jar;C:\Users\paul\.m2\repository\commons-beanutils\commons-beanutils-core\1.8.0\commons-beanutils-core-1.8.0.jar;C:\Users\paul\.m2\repository\org\apache\maven\plugins\maven-surefire-plugin\3.0.0-M5\maven-surefire-plugin-3.0.0-M5.jar;C:\Users\paul\.m2\repository\org\apache\maven\surefire\maven-surefire-common\3.0.0-M5\maven-surefire-common-3.0.0-M5.jar;C:\Users\paul\.m2\repository\org\apache\maven\surefire\surefire-api\3.0.0-M5\surefire-api-3.0.0-M5.jar;C:\Users\paul\.m2\repository\org\apache\maven\surefire\surefire-logger-api\3.0.0-M5\surefire-logger-api-3.0.0-M5.jar;C:\Users\paul\.m2\repository\org\apache\maven\surefire\surefire-extensions-api\3.0.0-M5\surefire-extensions-api-3.0.0-M5.jar;C:\Users\paul\.m2\repository\org\apache\maven\surefire\surefire-booter\3.0.0-M5\surefire-booter-3.0.0-M5.jar;C:\Users\paul\.m2\repository\org\apache\maven\surefire\surefire-extensions-spi\3.0.0-M5\surefire-extensions-spi-3.0.0-M5.jar;C:\Users\paul\.m2\repository\org\apache\maven\maven-toolchain\3.0-alpha-2\maven-toolchain-3.0-alpha-2.jar;C:\Users\paul\.m2\repository\org\apache\maven\shared\maven-artifact-transfer\0.11.0\maven-artifact-transfer-0.11.0.jar;C:\Users\paul\.m2\repository\org\apache\maven\shared\maven-common-artifact-filters\3.0.1\maven-common-artifact-filters-3.0.1.jar;C:\Users\paul\.m2\repository\org\sonatype\sisu\sisu-inject-plexus\1.4.2\sisu-inject-plexus-1.4.2.jar;C:\Users\paul\.m2\repository\org\sonatype\sisu\sisu-inject-bean\1.4.2\sisu-inject-bean-1.4.2.jar;C:\Users\paul\.m2\repository\org\sonatype\sisu\sisu-guice\2.1.7\sisu-guice-2.1.7-noaop.jar;C:\Users\paul\.m2\repository\org\apache\maven\shared\maven-shared-utils\3.1.0\maven-shared-utils-3.1.0.jar;C:\Users\paul\.m2\repository\org\codehaus\plexus\plexus-java\1.0.5\plexus-java-1.0.5.jar;C:\Users\paul\.m2\repository\org\ow2\asm\asm\7.2\asm-7.2.jar;C:\Users\paul\.m2\repository\com\thoughtworks\qdox\qdox\2.0-M9\qdox-2.0-M9.jar;C:\Users\paul\.m2\repository\org\apache\maven\surefire\surefire-shared-utils\3.0.0-M4\surefire-shared-utils-3.0.0-M4.jar;C:\Users\paul\.m2\repository\org\json\json\20160810\json-20160810.jar;"/>
    <property name="java.vm.vendor" value="Oracle Corporation"/>
    <property name="sun.arch.data.model" value="64"/>
    <property name="user.variant" value=""/>
    <property name="java.vendor.url" value="https://openjdk.java.net/"/>
    <property name="user.timezone" value="Asia/Calcutta"/>
    <property name="java.vm.specification.version" value="11"/>
    <property name="os.name" value="Windows 11"/>
    <property name="sun.java.launcher" value="SUN_STANDARD"/>
    <property name="user.country" value="IN"/>
    <property name="sun.boot.library.path" value="C:\Program Files\Java\jdk-11.0.16\bin"/>
    <property name="sun.java.command" value="C:\Users\paul\AppData\Local\Temp\surefire15750068953192592605\surefirebooter3865919973181341944.jar C:\Users\paul\AppData\Local\Temp\surefire15750068953192592605 2022-11-22T12-18-53_870-jvmRun1 surefire16072848409620211286tmp surefire_02190974587996840447tmp"/>
    <property name="jdk.debug" value="release"/>
    <property name="surefire.test.class.path" value="C:\Users\paul\eclipse-workspace\RecruiterAi-0.01\target\test-classes;C:\Users\paul\eclipse-workspace\RecruiterAi-0.01\target\classes;C:\Users\paul\.m2\repository\org\seleniumhq\selenium\selenium-java\3.141.59\selenium-java-3.141.59.jar;C:\Users\paul\.m2\repository\org\seleniumhq\selenium\selenium-api\3.141.59\selenium-api-3.141.59.jar;C:\Users\paul\.m2\repository\org\seleniumhq\selenium\selenium-chrome-driver\3.141.59\selenium-chrome-driver-3.141.59.jar;C:\Users\paul\.m2\repository\org\seleniumhq\selenium\selenium-edge-driver\3.141.59\selenium-edge-driver-3.141.59.jar;C:\Users\paul\.m2\repository\org\seleniumhq\selenium\selenium-firefox-driver\3.141.59\selenium-firefox-driver-3.141.59.jar;C:\Users\paul\.m2\repository\org\seleniumhq\selenium\selenium-ie-driver\3.141.59\selenium-ie-driver-3.141.59.jar;C:\Users\paul\.m2\repository\org\seleniumhq\selenium\selenium-opera-driver\3.141.59\selenium-opera-driver-3.141.59.jar;C:\Users\paul\.m2\repository\org\seleniumhq\selenium\selenium-remote-driver\3.141.59\selenium-remote-driver-3.141.59.jar;C:\Users\paul\.m2\repository\org\seleniumhq\selenium\selenium-safari-driver\3.141.59\selenium-safari-driver-3.141.59.jar;C:\Users\paul\.m2\repository\org\seleniumhq\selenium\selenium-support\3.141.59\selenium-support-3.141.59.jar;C:\Users\paul\.m2\repository\net\bytebuddy\byte-buddy\1.8.15\byte-buddy-1.8.15.jar;C:\Users\paul\.m2\repository\org\apache\commons\commons-exec\1.3\commons-exec-1.3.jar;C:\Users\paul\.m2\repository\com\google\guava\guava\25.0-jre\guava-25.0-jre.jar;C:\Users\paul\.m2\repository\com\google\code\findbugs\jsr305\1.3.9\jsr305-1.3.9.jar;C:\Users\paul\.m2\repository\org\checkerframework\checker-compat-qual\2.0.0\checker-compat-qual-2.0.0.jar;C:\Users\paul\.m2\repository\com\google\errorprone\error_prone_annotations\2.1.3\error_prone_annotations-2.1.3.jar;C:\Users\paul\.m2\repository\com\google\j2objc\j2objc-annotations\1.1\j2objc-annotations-1.1.jar;C:\Users\paul\.m2\repository\org\codehaus\mojo\animal-sniffer-annotations\1.14\animal-sniffer-annotations-1.14.jar;C:\Users\paul\.m2\repository\com\squareup\okhttp3\okhttp\3.11.0\okhttp-3.11.0.jar;C:\Users\paul\.m2\repository\com\squareup\okio\okio\1.14.0\okio-1.14.0.jar;C:\Users\paul\.m2\repository\junit\junit\4.12\junit-4.12.jar;C:\Users\paul\.m2\repository\org\hamcrest\hamcrest-core\1.3\hamcrest-core-1.3.jar;C:\Users\paul\.m2\repository\org\testng\testng\6.14.3\testng-6.14.3.jar;C:\Users\paul\.m2\repository\com\beust\jcommander\1.72\jcommander-1.72.jar;C:\Users\paul\.m2\repository\org\apache-extras\beanshell\bsh\2.0b6\bsh-2.0b6.jar;C:\Users\paul\.m2\repository\info\cukes\cucumber-java\1.2.5\cucumber-java-1.2.5.jar;C:\Users\paul\.m2\repository\info\cukes\cucumber-core\1.2.5\cucumber-core-1.2.5.jar;C:\Users\paul\.m2\repository\info\cukes\cucumber-html\0.2.3\cucumber-html-0.2.3.jar;C:\Users\paul\.m2\repository\info\cukes\cucumber-jvm-deps\1.0.5\cucumber-jvm-deps-1.0.5.jar;C:\Users\paul\.m2\repository\info\cukes\gherkin\2.12.2\gherkin-2.12.2.jar;C:\Users\paul\.m2\repository\info\cukes\cucumber-junit\1.2.5\cucumber-junit-1.2.5.jar;C:\Users\paul\.m2\repository\info\cukes\cucumber-testng\1.2.5\cucumber-testng-1.2.5.jar;C:\Users\paul\.m2\repository\com\aventstack\extentreports\3.1.0\extentreports-3.1.0.jar;C:\Users\paul\.m2\repository\org\freemarker\freemarker\2.3.23\freemarker-2.3.23.jar;C:\Users\paul\.m2\repository\org\mongodb\mongodb-driver\3.3.0\mongodb-driver-3.3.0.jar;C:\Users\paul\.m2\repository\org\mongodb\bson\3.3.0\bson-3.3.0.jar;C:\Users\paul\.m2\repository\org\mongodb\mongodb-driver-core\3.3.0\mongodb-driver-core-3.3.0.jar;C:\Users\paul\.m2\repository\org\apache\httpcomponents\httpclient\4.5.2\httpclient-4.5.2.jar;C:\Users\paul\.m2\repository\org\apache\httpcomponents\httpcore\4.4.4\httpcore-4.4.4.jar;C:\Users\paul\.m2\repository\commons-logging\commons-logging\1.2\commons-logging-1.2.jar;C:\Users\paul\.m2\repository\commons-codec\commons-codec\1.9\commons-codec-1.9.jar;C:\Users\paul\.m2\repository\org\apache\httpcomponents\httpmime\4.5.2\httpmime-4.5.2.jar;C:\Users\paul\.m2\repository\org\jsoup\jsoup\1.9.2\jsoup-1.9.2.jar;C:\Users\paul\.m2\repository\com\google\code\gson\gson\2.8.0\gson-2.8.0.jar;C:\Users\paul\.m2\repository\com\vimalselvam\cucumber-extentsreport\3.1.0\cucumber-extentsreport-3.1.0.jar;C:\Users\paul\.m2\repository\net\masterthought\maven-cucumber-reporting\3.15.0\maven-cucumber-reporting-3.15.0.jar;C:\Users\paul\.m2\repository\org\apache\maven\maven-plugin-api\3.3.9\maven-plugin-api-3.3.9.jar;C:\Users\paul\.m2\repository\org\apache\maven\maven-model\3.3.9\maven-model-3.3.9.jar;C:\Users\paul\.m2\repository\org\apache\maven\maven-artifact\3.3.9\maven-artifact-3.3.9.jar;C:\Users\paul\.m2\repository\org\eclipse\sisu\org.eclipse.sisu.plexus\0.3.2\org.eclipse.sisu.plexus-0.3.2.jar;C:\Users\paul\.m2\repository\javax\enterprise\cdi-api\1.0\cdi-api-1.0.jar;C:\Users\paul\.m2\repository\javax\annotation\jsr250-api\1.0\jsr250-api-1.0.jar;C:\Users\paul\.m2\repository\javax\inject\javax.inject\1\javax.inject-1.jar;C:\Users\paul\.m2\repository\org\eclipse\sisu\org.eclipse.sisu.inject\0.3.2\org.eclipse.sisu.inject-0.3.2.jar;C:\Users\paul\.m2\repository\org\codehaus\plexus\plexus-component-annotations\1.5.5\plexus-component-annotations-1.5.5.jar;C:\Users\paul\.m2\repository\org\codehaus\plexus\plexus-classworlds\2.5.2\plexus-classworlds-2.5.2.jar;C:\Users\paul\.m2\repository\org\apache\maven\plugins\maven-gpg-plugin\1.6\maven-gpg-plugin-1.6.jar;C:\Users\paul\.m2\repository\org\apache\maven\maven-project\2.2.1\maven-project-2.2.1.jar;C:\Users\paul\.m2\repository\org\apache\maven\maven-settings\2.2.1\maven-settings-2.2.1.jar;C:\Users\paul\.m2\repository\org\apache\maven\maven-profile\2.2.1\maven-profile-2.2.1.jar;C:\Users\paul\.m2\repository\org\apache\maven\maven-artifact-manager\2.2.1\maven-artifact-manager-2.2.1.jar;C:\Users\paul\.m2\repository\org\apache\maven\wagon\wagon-provider-api\1.0-beta-6\wagon-provider-api-1.0-beta-6.jar;C:\Users\paul\.m2\repository\backport-util-concurrent\backport-util-concurrent\3.1\backport-util-concurrent-3.1.jar;C:\Users\paul\.m2\repository\org\apache\maven\maven-plugin-registry\2.2.1\maven-plugin-registry-2.2.1.jar;C:\Users\paul\.m2\repository\org\codehaus\plexus\plexus-interpolation\1.11\plexus-interpolation-1.11.jar;C:\Users\paul\.m2\repository\org\codehaus\plexus\plexus-container-default\1.0-alpha-9-stable-1\plexus-container-default-1.0-alpha-9-stable-1.jar;C:\Users\paul\.m2\repository\classworlds\classworlds\1.1-alpha-2\classworlds-1.1-alpha-2.jar;C:\Users\paul\.m2\repository\org\apache\maven\maven-repository-metadata\2.2.1\maven-repository-metadata-2.2.1.jar;C:\Users\paul\.m2\repository\org\codehaus\plexus\plexus-utils\3.0.20\plexus-utils-3.0.20.jar;C:\Users\paul\.m2\repository\org\sonatype\plexus\plexus-sec-dispatcher\1.4\plexus-sec-dispatcher-1.4.jar;C:\Users\paul\.m2\repository\org\sonatype\plexus\plexus-cipher\1.4\plexus-cipher-1.4.jar;C:\Users\paul\.m2\repository\net\masterthought\cucumber-reporting\3.15.0\cucumber-reporting-3.15.0.jar;C:\Users\paul\.m2\repository\org\apache\logging\log4j\log4j-api\2.8.2\log4j-api-2.8.2.jar;C:\Users\paul\.m2\repository\org\apache\logging\log4j\log4j-core\2.8.2\log4j-core-2.8.2.jar;C:\Users\paul\.m2\repository\com\fasterxml\jackson\core\jackson-databind\2.8.6\jackson-databind-2.8.6.jar;C:\Users\paul\.m2\repository\com\fasterxml\jackson\core\jackson-annotations\2.8.0\jackson-annotations-2.8.0.jar;C:\Users\paul\.m2\repository\com\fasterxml\jackson\core\jackson-core\2.8.6\jackson-core-2.8.6.jar;C:\Users\paul\.m2\repository\org\apache\velocity\velocity\1.7\velocity-1.7.jar;C:\Users\paul\.m2\repository\commons-collections\commons-collections\3.2.1\commons-collections-3.2.1.jar;C:\Users\paul\.m2\repository\commons-lang\commons-lang\2.4\commons-lang-2.4.jar;C:\Users\paul\.m2\repository\velocity-tools\velocity-tools\1.4\velocity-tools-1.4.jar;C:\Users\paul\.m2\repository\joda-time\joda-time\2.9.9\joda-time-2.9.9.jar;C:\Users\paul\.m2\repository\org\apache\commons\commons-lang3\3.6\commons-lang3-3.6.jar;C:\Users\paul\.m2\repository\commons-io\commons-io\2.5\commons-io-2.5.jar;C:\Users\paul\.m2\repository\net\lingala\zip4j\zip4j\1.3.2\zip4j-1.3.2.jar;C:\Users\paul\.m2\repository\com\googlecode\owasp-java-html-sanitizer\owasp-java-html-sanitizer\20170515.1\owasp-java-html-sanitizer-20170515.1.jar;C:\Users\paul\.m2\repository\commons-configuration\commons-configuration\1.6\commons-configuration-1.6.jar;C:\Users\paul\.m2\repository\commons-digester\commons-digester\1.8\commons-digester-1.8.jar;C:\Users\paul\.m2\repository\commons-beanutils\commons-beanutils\1.7.0\commons-beanutils-1.7.0.jar;C:\Users\paul\.m2\repository\commons-beanutils\commons-beanutils-core\1.8.0\commons-beanutils-core-1.8.0.jar;C:\Users\paul\.m2\repository\org\apache\maven\plugins\maven-surefire-plugin\3.0.0-M5\maven-surefire-plugin-3.0.0-M5.jar;C:\Users\paul\.m2\repository\org\apache\maven\surefire\maven-surefire-common\3.0.0-M5\maven-surefire-common-3.0.0-M5.jar;C:\Users\paul\.m2\repository\org\apache\maven\surefire\surefire-api\3.0.0-M5\surefire-api-3.0.0-M5.jar;C:\Users\paul\.m2\repository\org\apache\maven\surefire\surefire-logger-api\3.0.0-M5\surefire-logger-api-3.0.0-M5.jar;C:\Users\paul\.m2\repository\org\apache\maven\surefire\surefire-extensions-api\3.0.0-M5\surefire-extensions-api-3.0.0-M5.jar;C:\Users\paul\.m2\repository\org\apache\maven\surefire\surefire-booter\3.0.0-M5\surefire-booter-3.0.0-M5.jar;C:\Users\paul\.m2\repository\org\apache\maven\surefire\surefire-extensions-spi\3.0.0-M5\surefire-extensions-spi-3.0.0-M5.jar;C:\Users\paul\.m2\repository\org\apache\maven\maven-toolchain\3.0-alpha-2\maven-toolchain-3.0-alpha-2.jar;C:\Users\paul\.m2\repository\org\apache\maven\shared\maven-artifact-transfer\0.11.0\maven-artifact-transfer-0.11.0.jar;C:\Users\paul\.m2\repository\org\apache\maven\shared\maven-common-artifact-filters\3.0.1\maven-common-artifact-filters-3.0.1.jar;C:\Users\paul\.m2\repository\org\sonatype\sisu\sisu-inject-plexus\1.4.2\sisu-inject-plexus-1.4.2.jar;C:\Users\paul\.m2\repository\org\sonatype\sisu\sisu-inject-bean\1.4.2\sisu-inject-bean-1.4.2.jar;C:\Users\paul\.m2\repository\org\sonatype\sisu\sisu-guice\2.1.7\sisu-guice-2.1.7-noaop.jar;C:\Users\paul\.m2\repository\org\apache\maven\shared\maven-shared-utils\3.1.0\maven-shared-utils-3.1.0.jar;C:\Users\paul\.m2\repository\org\codehaus\plexus\plexus-java\1.0.5\plexus-java-1.0.5.jar;C:\Users\paul\.m2\repository\org\ow2\asm\asm\7.2\asm-7.2.jar;C:\Users\paul\.m2\repository\com\thoughtworks\qdox\qdox\2.0-M9\qdox-2.0-M9.jar;C:\Users\paul\.m2\repository\org\apache\maven\surefire\surefire-shared-utils\3.0.0-M4\surefire-shared-utils-3.0.0-M4.jar;C:\Users\paul\.m2\repository\org\json\json\20160810\json-20160810.jar;"/>
    <property name="sun.cpu.endian" value="little"/>
    <property name="user.home" value="C:\Users\paul"/>
    <property name="user.language" value="en"/>
    <property name="java.specification.vendor" value="Oracle Corporation"/>
    <property name="java.version.date" value="2022-07-19"/>
    <property name="java.home" value="C:\Program Files\Java\jdk-11.0.16"/>
    <property name="file.separator" value="\"/>
    <property name="basedir" value="C:\Users\paul\eclipse-workspace\RecruiterAi-0.01"/>
    <property name="java.vm.compressedOopsMode" value="32-bit"/>
    <property name="line.separator" value="&#10;"/>
    <property name="java.specification.name" value="Java Platform API Specification"/>
    <property name="java.vm.specification.vendor" value="Oracle Corporation"/>
    <property name="java.awt.graphicsenv" value="sun.awt.Win32GraphicsEnvironment"/>
    <property name="surefire.real.class.path" value="C:\Users\paul\AppData\Local\Temp\surefire15750068953192592605\surefirebooter3865919973181341944.jar"/>
    <property name="user.script" value=""/>
    <property name="sun.management.compiler" value="HotSpot 64-Bit Tiered Compilers"/>
    <property name="java.runtime.version" value="11.0.16+11-LTS-199"/>
    <property name="user.name" value="paul"/>
    <property name="path.separator" value=";"/>
    <property name="os.version" value="10.0"/>
    <property name="java.runtime.name" value="Java(TM) SE Runtime Environment"/>
    <property name="file.encoding" value="Cp1252"/>
    <property name="java.vm.name" value="Java HotSpot(TM) 64-Bit Server VM"/>
    <property name="java.vendor.version" value="18.9"/>
    <property name="localRepository" value="C:\Users\paul\.m2\repository"/>
    <property name="java.vendor.url.bug" value="https://bugreport.java.com/bugreport/"/>
    <property name="java.io.tmpdir" value="C:\Users\paul\AppData\Local\Temp\"/>
    <property name="java.version" value="11.0.16"/>
    <property name="user.dir" value="C:\Users\paul\eclipse-workspace\RecruiterAi-0.01"/>
    <property name="os.arch" value="amd64"/>
    <property name="java.vm.specification.name" value="Java Virtual Machine Specification"/>
    <property name="java.awt.printerjob" value="sun.awt.windows.WPrinterJob"/>
    <property name="sun.os.patch.level" value=""/>
    <property name="java.library.path" value="C:\Program Files\Java\jdk-11.0.16\bin;C:\Windows\Sun\Java\bin;C:\Windows\system32;C:\Windows;C:\Users\paul\.jenkins\tools\hudson.tasks.Maven_MavenInstallation\mvn/bin;C:\Program Files\Common Files\Oracle\Java\javapath;C:\ProgramData\Oracle\Java\javapath;C:\Program Files (x86)\Common Files\Oracle\Java\javapath;C:\Windows\system32;C:\Windows;C:\Windows\System32\Wbem;C:\Windows\System32\WindowsPowerShell\v1.0\;C:\Windows\System32\OpenSSH\;C:\Program Files\Java\jdk-11.0.16\bin;C:\Program Files\Git\cmd;C:\Users\paul\AppData\Local\Microsoft\WindowsApps;C:\Program Files\Java\jdk-11.0.16\bin;C:\Users\paul\AppData\Local\GitHubDesktop\bin;;."/>
    <property name="java.vendor" value="Oracle Corporation"/>
    <property name="java.vm.info" value="mixed mode"/>
    <property name="java.vm.version" value="11.0.16+11-LTS-199"/>
    <property name="sun.io.unicode.encoding" value="UnicodeLittle"/>
    <property name="java.class.version" value="55.0"/>
  </properties>
  <testcase name="feature[Job Info](1)" classname="testrunners.Testrunners" time="154.477">
    <system-out><![CDATA[@tag
Feature: Job Info

  @Login
  Scenario: login to Verify Recruiter Ai Application info              &amp#27;[90m# Featurefiles/07_jobinfo.feature:5&amp#27;[0m
    #                LOGIN
    &amp#27;[32mGiven &amp#27;[0m&amp#27;[32mLaunch Application using valid URL&amp#27;[0m                           &amp#27;[90m# Stepdef.launch_Application_using_valid_URL()&amp#27;[0m
    &amp#27;[32mThen &amp#27;[0m&amp#27;[32maccept cookies and choose login type&amp#27;[0m                          &amp#27;[90m# Stepdef.accept_cookies_and_choose_login_type()&amp#27;[0m
    &amp#27;[32mWhen &amp#27;[0m&amp#27;[32menters valid credentials "&amp#27;[0m&amp#27;[32m&amp#27;[1mpaul@trainingqa.com&amp#27;[0m&amp#27;[32m" and "&amp#27;[0m&amp#27;[32m&amp#27;[1mXPAStag0&amp#27;[0m&amp#27;[32m"&amp#27;[0m &amp#27;[90m# Stepdef.enters_valid_credentials_and(String,String)&amp#27;[0m
    &amp#27;[32mThen &amp#27;[0m&amp#27;[32mverify captcha and click on Login button&amp#27;[0m                      &amp#27;[90m# Stepdef.verify_captcha_and_click_on_Login_button()&amp#27;[0m

  @CreateNewJob
  Scenario Outline: Verify create new job functionality with basic information     &amp#27;[90m# Featurefiles/07_jobinfo.feature:13&amp#27;[0m
    &amp#27;[36mGiven &amp#27;[0m&amp#27;[36mRecruiter clicks on Jobs Menu&amp#27;[0m
    &amp#27;[36mThen &amp#27;[0m&amp#27;[36mselect create new job section&amp#27;[0m
    &amp#27;[36mWhen &amp#27;[0m&amp#27;[36mclick on Start button of form&amp#27;[0m
    &amp#27;[36mAnd &amp#27;[0m&amp#27;[36mchoose office address "<office address>"&amp#27;[0m
    &amp#27;[36mAnd &amp#27;[0m&amp#27;[36madd Job Title as "<job title>"&amp#27;[0m
    &amp#27;[36mAnd &amp#27;[0m&amp#27;[36madd internal code for job "<internal code>"&amp#27;[0m
    &amp#27;[36mAnd &amp#27;[0m&amp#27;[36mselect Job Status as "<job status>"&amp#27;[0m
    &amp#27;[36mAnd &amp#27;[0m&amp#27;[36mchoose candidates from other countries&amp#27;[0m
    &amp#27;[36mAnd &amp#27;[0m&amp#27;[36menable rank and file job&amp#27;[0m
    &amp#27;[36mAnd &amp#27;[0m&amp#27;[36mSelect Country Location "<country location>"&amp#27;[0m
    &amp#27;[36mAnd &amp#27;[0m&amp#27;[36mSelect City location "<city location>"&amp#27;[0m
    &amp#27;[36mAnd &amp#27;[0m&amp#27;[36madd skills "<skill 1>" and "<skill 2>"&amp#27;[0m
    &amp#27;[36mAnd &amp#27;[0m&amp#27;[36madd Qualification "<qualification>"&amp#27;[0m
    &amp#27;[36mAnd &amp#27;[0m&amp#27;[36madd job type in emp details as "<job type>"&amp#27;[0m
    &amp#27;[36mAnd &amp#27;[0m&amp#27;[36mselect minimum experience as "<min exp>"&amp#27;[0m
    &amp#27;[36mAnd &amp#27;[0m&amp#27;[36mselect maximum experience as "<max exp>"&amp#27;[0m
    &amp#27;[36mAnd &amp#27;[0m&amp#27;[36mchoose Employment type as "<emp type>"&amp#27;[0m
    &amp#27;[36mAnd &amp#27;[0m&amp#27;[36mchoose no of vacancies "<vacancies>"&amp#27;[0m
    &amp#27;[36mAnd &amp#27;[0m&amp#27;[36mchoose close date of job "<mdyclosedate>"&amp#27;[0m
    &amp#27;[36mAnd &amp#27;[0m&amp#27;[36madd Job Description "<job discription>"&amp#27;[0m
    &amp#27;[36mAnd &amp#27;[0m&amp#27;[36madd Job Requirements "<job requirements>"&amp#27;[0m
    &amp#27;[36mAnd &amp#27;[0m&amp#27;[36mchoose primary recruiter "<primary recruiter>"&amp#27;[0m
    &amp#27;[36mAnd &amp#27;[0m&amp#27;[36mclick on submit button of job&amp#27;[0m
    &amp#27;[36mAnd &amp#27;[0m&amp#27;[36mclick on view job button&amp#27;[0m
    #   JOB INFO
    &amp#27;[36mWhen &amp#27;[0m&amp#27;[36mrecruiter clicks on collaborators section of job posted&amp#27;[0m
    &amp#27;[36mWhen &amp#27;[0m&amp#27;[36mrecruiter clicks on job approvers section of job posted&amp#27;[0m
    &amp#27;[36mWhen &amp#27;[0m&amp#27;[36mrecruiter clicks on work flow automation of job&amp#27;[0m
    &amp#27;[36mAnd &amp#27;[0m&amp#27;[36menable this job be open forever until closed manually&amp#27;[0m
    &amp#27;[36mAnd &amp#27;[0m&amp#27;[36mallow candidates to attach CV while applying for this job&amp#27;[0m
    &amp#27;[36mAnd &amp#27;[0m&amp#27;[36menable to ask any pre-screening questions to the candidate&amp#27;[0m
    &amp#27;[36mAnd &amp#27;[0m&amp#27;[36menable What other shortlisting criteria would you like to enable&amp#27;[0m
    &amp#27;[36mAnd &amp#27;[0m&amp#27;[36menable already have consent from candidates to proceed with the interviews&amp#27;[0m
    &amp#27;[36mAnd &amp#27;[0m&amp#27;[36mauto send pre interview questions to the candidate asa gives the consent&amp#27;[0m
    &amp#27;[36mAnd &amp#27;[0m&amp#27;[36madd pre interview stage&amp#27;[0m
    #And For shortlisted candidates setup assessments and interviews
    #And enable already have consent from candidates to proceed with the offer
    &amp#27;[36mThen &amp#27;[0m&amp#27;[36mrecruiter enables assesments and interview setup toggle&amp#27;[0m
    &amp#27;[36mThen &amp#27;[0m&amp#27;[36mRecruiter chooses Interview type phone round in job info&amp#27;[0m
    &amp#27;[36mThen &amp#27;[0m&amp#27;[36mRecruiter schedules interview by clicking on blue arrow of job info&amp#27;[0m
    &amp#27;[36mThen &amp#27;[0m&amp#27;[36mRecruiter clicks on checkbox to directly send invite&amp#27;[0m
    &amp#27;[36mThen &amp#27;[0m&amp#27;[36mrecruiter clicks on add slot button&amp#27;[0m
    &amp#27;[36mThen &amp#27;[0m&amp#27;[36mRecruiter chooses Interview date and time&amp#27;[0m
    &amp#27;[36mThen &amp#27;[0m&amp#27;[36mrecruiter selects end date and time&amp#27;[0m
    #Then Recruiter clicks on schedule an interview button
    &amp#27;[36mThen &amp#27;[0m&amp#27;[36mrecruiter enables already have consent from candidate&amp#27;[0m
    &amp#27;[36mWhen &amp#27;[0m&amp#27;[36mrecruiter clicks on conversations section of job posted&amp#27;[0m
    &amp#27;[36mWhen &amp#27;[0m&amp#27;[36mrecruiter clicks on ai settings of Job&amp#27;[0m
    &amp#27;[36mWhen &amp#27;[0m&amp#27;[36mrecruiter clicks on hiring goals of job&amp#27;[0m
    &amp#27;[36mWhen &amp#27;[0m&amp#27;[36mrecruiter clicks on consulting fee of job&amp#27;[0m
    &amp#27;[36mWhen &amp#27;[0m&amp#27;[36mrecruiter clicks on meta info of job posted&amp#27;[0m
    &amp#27;[36mWhen &amp#27;[0m&amp#27;[36mrecruiter clicks on timeline of job posted&amp#27;[0m

    Examples: 

  @tag @CreateNewJob
  Scenario Outline: Verify create new job functionality with basic information     &amp#27;[90m# Featurefiles/07_jobinfo.feature:70&amp#27;[0m
    &amp#27;[32mGiven &amp#27;[0m&amp#27;[32mRecruiter clicks on Jobs Menu&amp#27;[0m                                            &amp#27;[90m# Stepdef.recruiter_clicks_on_Jobs_Menu()&amp#27;[0m
    &amp#27;[32mThen &amp#27;[0m&amp#27;[32mselect create new job section&amp#27;[0m                                             &amp#27;[90m# Stepdef.select_create_new_job_section()&amp#27;[0m
    &amp#27;[32mWhen &amp#27;[0m&amp#27;[32mclick on Start button of form&amp#27;[0m                                             &amp#27;[90m# Stepdef.click_on_Start_button_of_form()&amp#27;[0m
    &amp#27;[32mAnd &amp#27;[0m&amp#27;[32mchoose office address "&amp#27;[0m&amp#27;[32m&amp#27;[1mHyderabad&amp#27;[0m&amp#27;[32m"&amp#27;[0m                                          &amp#27;[90m# Stepdef.choose_office_address(String)&amp#27;[0m
    &amp#27;[32mAnd &amp#27;[0m&amp#27;[32madd Job Title as "&amp#27;[0m&amp#27;[32m&amp#27;[1msoftware Tester&amp#27;[0m&amp#27;[32m"&amp#27;[0m                                         &amp#27;[90m# Stepdef.add_Job_Title_as(String)&amp#27;[0m
    &amp#27;[32mAnd &amp#27;[0m&amp#27;[32madd internal code for job "&amp#27;[0m&amp#27;[32m&amp#27;[1mJob0001&amp#27;[0m&amp#27;[32m"&amp#27;[0m                                        &amp#27;[90m# Stepdef.add_internal_code_for_job(String)&amp#27;[0m
    &amp#27;[32mAnd &amp#27;[0m&amp#27;[32mselect Job Status as "&amp#27;[0m&amp#27;[32m&amp#27;[1minternal&external&amp#27;[0m&amp#27;[32m"&amp#27;[0m                                   &amp#27;[90m# Stepdef.select_Job_Status_as(String)&amp#27;[0m
    &amp#27;[32mAnd &amp#27;[0m&amp#27;[32mchoose candidates from other countries&amp#27;[0m                                     &amp#27;[90m# Stepdef.choose_candidates_from_other_countries()&amp#27;[0m
    &amp#27;[32mAnd &amp#27;[0m&amp#27;[32menable rank and file job&amp#27;[0m                                                   &amp#27;[90m# Stepdef.enable_rank_and_file_job()&amp#27;[0m
    &amp#27;[32mAnd &amp#27;[0m&amp#27;[32mSelect Country Location "&amp#27;[0m&amp#27;[32m&amp#27;[1mIndia&amp#27;[0m&amp#27;[32m"&amp#27;[0m                                            &amp#27;[90m# Stepdef.select_Country_Location(String)&amp#27;[0m
    &amp#27;[32mAnd &amp#27;[0m&amp#27;[32mSelect City location "&amp#27;[0m&amp#27;[32m&amp#27;[1mHyderabad&amp#27;[0m&amp#27;[32m"&amp#27;[0m                                           &amp#27;[90m# Stepdef.select_City_location(String)&amp#27;[0m
    &amp#27;[32mAnd &amp#27;[0m&amp#27;[32madd skills "&amp#27;[0m&amp#27;[32m&amp#27;[1mjava&amp#27;[0m&amp#27;[32m" and "&amp#27;[0m&amp#27;[32m&amp#27;[1msql&amp#27;[0m&amp#27;[32m"&amp#27;[0m                                                &amp#27;[90m# Stepdef.add_skills_and(String,String)&amp#27;[0m
    &amp#27;[32mAnd &amp#27;[0m&amp#27;[32madd Qualification "&amp#27;[0m&amp#27;[32m&amp#27;[1mBachelor's degree&amp#27;[0m&amp#27;[32m"&amp#27;[0m                                      &amp#27;[90m# Stepdef.add_Qualification(String)&amp#27;[0m
    &amp#27;[32mAnd &amp#27;[0m&amp#27;[32madd job type in emp details as "&amp#27;[0m&amp#27;[32m&amp#27;[1mPermanent&amp#27;[0m&amp#27;[32m"&amp#27;[0m                                 &amp#27;[90m# Stepdef.add_job_type_in_emp_details_as(String)&amp#27;[0m
    &amp#27;[32mAnd &amp#27;[0m&amp#27;[32mselect minimum experience as "&amp#27;[0m&amp#27;[32m&amp#27;[1m2&amp#27;[0m&amp#27;[32m"&amp#27;[0m                                           &amp#27;[90m# Stepdef.select_minimum_experience_as(String)&amp#27;[0m
    &amp#27;[32mAnd &amp#27;[0m&amp#27;[32mselect maximum experience as "&amp#27;[0m&amp#27;[32m&amp#27;[1m10&amp#27;[0m&amp#27;[32m"&amp#27;[0m                                          &amp#27;[90m# Stepdef.select_maximum_experience_as(String)&amp#27;[0m
    &amp#27;[32mAnd &amp#27;[0m&amp#27;[32mchoose Employment type as "&amp#27;[0m&amp#27;[32m&amp#27;[1mfull-time&amp#27;[0m&amp#27;[32m"&amp#27;[0m                                      &amp#27;[90m# Stepdef.choose_Employment_type_as(String)&amp#27;[0m
    &amp#27;[32mAnd &amp#27;[0m&amp#27;[32mchoose no of vacancies "&amp#27;[0m&amp#27;[32m&amp#27;[1m15&amp#27;[0m&amp#27;[32m"&amp#27;[0m                                                &amp#27;[90m# Stepdef.choose_no_of_vacancies(String)&amp#27;[0m
    &amp#27;[32mAnd &amp#27;[0m&amp#27;[32mchoose close date of job "&amp#27;[0m&amp#27;[32m&amp#27;[1m12/02/2022&amp#27;[0m&amp#27;[32m"&amp#27;[0m                                      &amp#27;[90m# Stepdef.choose_close_date_of_job(String)&amp#27;[0m
    &amp#27;[32mAnd &amp#27;[0m&amp#27;[32madd Job Description "&amp#27;[0m&amp#27;[32m&amp#27;[1mcandidate should be expert in java&amp#27;[0m&amp#27;[32m"&amp#27;[0m                   &amp#27;[90m# Stepdef.add_Job_Description(String)&amp#27;[0m
    &amp#27;[32mAnd &amp#27;[0m&amp#27;[32madd Job Requirements "&amp#27;[0m&amp#27;[32m&amp#27;[1m3 years experience&amp#27;[0m&amp#27;[32m"&amp#27;[0m                                  &amp#27;[90m# Stepdef.add_Job_Requirements(String)&amp#27;[0m
    &amp#27;[32mAnd &amp#27;[0m&amp#27;[32mchoose primary recruiter "&amp#27;[0m&amp#27;[32m&amp#27;[1manand paul&amp#27;[0m&amp#27;[32m"&amp#27;[0m                                      &amp#27;[90m# Stepdef.choose_primary_recruiter(String)&amp#27;[0m
    &amp#27;[32mAnd &amp#27;[0m&amp#27;[32mclick on submit button of job&amp#27;[0m                                              &amp#27;[90m# Stepdef.click_on_submit_button_of_job()&amp#27;[0m
    &amp#27;[32mAnd &amp#27;[0m&amp#27;[32mclick on view job button&amp#27;[0m                                                   &amp#27;[90m# Stepdef.click_on_view_job_button()&amp#27;[0m
    #   JOB INFO
    &amp#27;[32mWhen &amp#27;[0m&amp#27;[32mrecruiter clicks on collaborators section of job posted&amp#27;[0m                   &amp#27;[90m# Stepdef.recruiter_clicks_on_collaborators_section_of_job_posted()&amp#27;[0m
    &amp#27;[32mWhen &amp#27;[0m&amp#27;[32mrecruiter clicks on job approvers section of job posted&amp#27;[0m                   &amp#27;[90m# Stepdef.recruiter_clicks_on_job_approvers_section_of_job_posted()&amp#27;[0m
    &amp#27;[32mWhen &amp#27;[0m&amp#27;[32mrecruiter clicks on work flow automation of job&amp#27;[0m                           &amp#27;[90m# Stepdef.recruiter_clicks_on_work_flow_automation_of_job()&amp#27;[0m
    &amp#27;[32mAnd &amp#27;[0m&amp#27;[32menable this job be open forever until closed manually&amp#27;[0m                      &amp#27;[90m# Stepdef.enable_this_job_be_open_forever_until_closed_manually()&amp#27;[0m
    &amp#27;[32mAnd &amp#27;[0m&amp#27;[32mallow candidates to attach CV while applying for this job&amp#27;[0m                  &amp#27;[90m# Stepdef.allow_candidates_to_attach_CV_while_applying_for_this_job()&amp#27;[0m
    &amp#27;[32mAnd &amp#27;[0m&amp#27;[32menable to ask any pre-screening questions to the candidate&amp#27;[0m                 &amp#27;[90m# Stepdef.enable_to_ask_any_pre_screening_questions_to_the_candidate()&amp#27;[0m
    &amp#27;[32mAnd &amp#27;[0m&amp#27;[32menable What other shortlisting criteria would you like to enable&amp#27;[0m           &amp#27;[90m# Stepdef.enable_What_other_shortlisting_criteria_would_you_like_to_enable()&amp#27;[0m
    &amp#27;[32mAnd &amp#27;[0m&amp#27;[32menable already have consent from candidates to proceed with the interviews&amp#27;[0m &amp#27;[90m# Stepdef.enable_already_have_consent_from_candidates_to_proceed_with_the_interviews()&amp#27;[0m
    &amp#27;[32mAnd &amp#27;[0m&amp#27;[32mauto send pre interview questions to the candidate asa gives the consent&amp#27;[0m   &amp#27;[90m# Stepdef.auto_send_pre_interview_questions_to_the_candidate_asa_gives_the_consent()&amp#27;[0m
    &amp#27;[32mAnd &amp#27;[0m&amp#27;[32madd pre interview stage&amp#27;[0m                                                    &amp#27;[90m# Stepdef.add_pre_interview_stage()&amp#27;[0m
    #And For shortlisted candidates setup assessments and interviews
    #And enable already have consent from candidates to proceed with the offer
    &amp#27;[32mThen &amp#27;[0m&amp#27;[32mrecruiter enables assesments and interview setup toggle&amp#27;[0m                   &amp#27;[90m# Stepdef.recruiter_enables_assesments_and_interview_setup_toggle()&amp#27;[0m
    &amp#27;[32mThen &amp#27;[0m&amp#27;[32mRecruiter chooses Interview type phone round in job info&amp#27;[0m                  &amp#27;[90m# Stepdef.recruiter_chooses_Interview_type_phone_round_in_job_info()&amp#27;[0m
    &amp#27;[32mThen &amp#27;[0m&amp#27;[32mRecruiter schedules interview by clicking on blue arrow of job info&amp#27;[0m       &amp#27;[90m# Stepdef.recruiter_schedules_interview_by_clicking_on_blue_arrow_of_job_info()&amp#27;[0m
    &amp#27;[32mThen &amp#27;[0m&amp#27;[32mRecruiter clicks on checkbox to directly send invite&amp#27;[0m                      &amp#27;[90m# Stepdef.recruiter_clicks_on_checkbox_to_directly_send_invite()&amp#27;[0m
    &amp#27;[32mThen &amp#27;[0m&amp#27;[32mrecruiter clicks on add slot button&amp#27;[0m                                       &amp#27;[90m# Stepdef.recruiter_clicks_on_add_slot_button()&amp#27;[0m
    &amp#27;[32mThen &amp#27;[0m&amp#27;[32mRecruiter chooses Interview date and time&amp#27;[0m                                 &amp#27;[90m# Stepdef.recruiter_chooses_Interview_date_and_time()&amp#27;[0m
    &amp#27;[32mThen &amp#27;[0m&amp#27;[32mrecruiter selects end date and time&amp#27;[0m                                       &amp#27;[90m# Stepdef.recruiter_selects_end_date_and_time()&amp#27;[0m
    #Then Recruiter clicks on schedule an interview button
    &amp#27;[32mThen &amp#27;[0m&amp#27;[32mrecruiter enables already have consent from candidate&amp#27;[0m                     &amp#27;[90m# Stepdef.recruiter_enables_already_have_consent_from_candidate()&amp#27;[0m
    &amp#27;[32mWhen &amp#27;[0m&amp#27;[32mrecruiter clicks on conversations section of job posted&amp#27;[0m                   &amp#27;[90m# Stepdef.recruiter_clicks_on_conversations_section_of_job_posted()&amp#27;[0m
    &amp#27;[32mWhen &amp#27;[0m&amp#27;[32mrecruiter clicks on ai settings of Job&amp#27;[0m                                    &amp#27;[90m# Stepdef.recruiter_clicks_on_ai_settings_of_Job()&amp#27;[0m
    &amp#27;[32mWhen &amp#27;[0m&amp#27;[32mrecruiter clicks on hiring goals of job&amp#27;[0m                                   &amp#27;[90m# Stepdef.recruiter_clicks_on_hiring_goals_of_job()&amp#27;[0m
    &amp#27;[32mWhen &amp#27;[0m&amp#27;[32mrecruiter clicks on consulting fee of job&amp#27;[0m                                 &amp#27;[90m# Stepdef.recruiter_clicks_on_consulting_fee_of_job()&amp#27;[0m
    &amp#27;[32mWhen &amp#27;[0m&amp#27;[32mrecruiter clicks on meta info of job posted&amp#27;[0m                               &amp#27;[90m# Stepdef.recruiter_clicks_on_meta_info_of_job_posted()&amp#27;[0m
    &amp#27;[32mWhen &amp#27;[0m&amp#27;[32mrecruiter clicks on timeline of job posted&amp#27;[0m                                &amp#27;[90m# Stepdef.recruiter_clicks_on_timeline_of_job_posted()&amp#27;[0m

  #Given Recruiter clicks on Jobs Menu
  #Then click on Job postings link
  #Then recruiter clicks on any job
  #When recruiter clicks on clone job
  #When recruiter clicks on email this job "job@id1.com" and "jobcc@id1.com"
  #When recruiter clicks on transfer ownership of the job
  #           edit job
  #Scenario: Verify Recruiter Ai Application List
  #When recruiter clicks on collaborators section of job posted
  #When recruiter clicks on job approvers section of job posted
  #When recruiter clicks on work flow automation of job
  #Then recruiter enables assesments and interview setup toggle
  #Then Recruiter chooses Interview type phone round in job info
  #Then Recruiter schedules interview by clicking on blue arrow of job info
  #Then Recruiter clicks on checkbox to directly send invite
  #Then recruiter clicks on add slot button
  #Then Recruiter chooses Interview date and time
  #Then recruiter selects end date and time
  #Then Recruiter clicks on schedule an interview button
  #Then recruiter enables already have consent from candidate
  #When recruiter clicks on conversations section of job posted
  #When recruiter clicks on ai settings of Job
  #When recruiter clicks on hiring goals of job
  #When recruiter clicks on consulting fee of job
  #When recruiter clicks on meta info of job posted
  #When recruiter clicks on timeline of job posted
  Scenario: close the browser &amp#27;[90m# Featurefiles/07_jobinfo.feature:102&amp#27;[0m
    &amp#27;[32mGiven &amp#27;[0m&amp#27;[32mclose Browser&amp#27;[0m       &amp#27;[90m# Stepdef.close_Browser()&amp#27;[0m
]]></system-out>
    <system-err><![CDATA[Starting ChromeDriver 107.0.5304.62 (1eec40d3a5764881c92085aaee66d25075c159aa-refs/branch-heads/5304@{#942}) on port 52050
Only local connections are allowed.
Please see https://chromedriver.chromium.org/security-considerations for suggestions on keeping ChromeDriver safe.
ChromeDriver was started successfully.
Nov 22, 2022 12:19:00 PM org.openqa.selenium.remote.ProtocolHandshake createSession
INFO: Detected dialect: W3C
[1669099890.806][SEVERE]: Unable to receive message from renderer
]]></system-err>
  </testcase>
</testsuite>