<?xml version="1.0" encoding="UTF-8"?>
<!-- Generated by org.testng.reporters.JUnitReportReporter -->
<testsuite skipped="0" hostname="Paul" name="testrunners.Testrunners" tests="1" failures="0" timestamp="04 Dec 2022 16:11:16 GMT" time="90.919" errors="0">
  <testcase name="feature" time="90.919" classname="testrunners.Testrunners"/>
</testsuite> <!-- testrunners.Testrunners -->
