<?xml version="1.0" encoding="UTF-8"?>
<!-- Generated by org.testng.reporters.JUnitReportReporter -->
<testsuite skipped="0" hostname="Paul" name="testrunners.Testrunners" tests="1" failures="0" timestamp="24 Nov 2022 06:57:52 GMT" time="22.902" errors="0">
  <testcase name="feature" time="22.902" classname="testrunners.Testrunners"/>
</testsuite> <!-- testrunners.Testrunners -->
