<?xml version="1.0" encoding="UTF-8"?>
<!-- Generated by org.testng.reporters.JUnitReportReporter -->
<testsuite skipped="0" hostname="Paul" name="testrunners.Testrunners" tests="1" failures="0" timestamp="25 Nov 2022 11:38:18 GMT" time="246.427" errors="0">
  <testcase name="feature" time="246.427" classname="testrunners.Testrunners"/>
</testsuite> <!-- testrunners.Testrunners -->
