<?xml version="1.0" encoding="UTF-8"?>
<!-- Generated by org.testng.reporters.JUnitReportReporter -->
<testsuite hostname="Paul" failures="0" tests="1" name="testrunners.Testrunners" time="154.237" errors="0" timestamp="22 Nov 2022 06:51:32 GMT" skipped="0">
  <testcase classname="testrunners.Testrunners" name="feature" time="154.237"/>
</testsuite> <!-- testrunners.Testrunners -->
